    0      0     1.385959e+00    1.000000e+00    1.000000e+00    1.000000e+00
    1      1     1.385959e+00    1.000000e+00    1.000000e+00    1.000000e+00
    2      2     1.362910e+00    1.089930e+00    1.045035e+00    1.072625e+00
    3      3     1.350094e+00    9.158362e-01    1.298110e+00    1.092465e+00
    4      4     1.337657e+00    5.162370e-01    1.063738e+00    6.743291e-01
    5      5     1.257907e+00    8.569900e-01    1.537421e+00    9.539629e-01
    6      6     1.247415e+00    9.696732e-01    1.437391e+00    1.031957e+00
    7      7     1.223173e+00    7.779296e-01    2.022285e+00    1.022597e+00
    8      8     1.194150e+00    5.987983e-01    1.817874e+00    7.948308e-01
    9      9     1.183677e+00    6.277630e-01    1.592619e+00    8.241239e-01
   10     10     1.139904e+00    3.374088e-01    1.454533e+00    4.446507e-01
   11     11     1.131470e+00    3.295820e-01    1.533647e+00    4.109048e-01
   12     12     1.099352e+00    3.580101e-01    1.688086e+00    4.450569e-01
   13     13     9.991263e-01    2.204310e-01    1.723822e+00    2.827357e-01
   14     14     8.461673e-01    2.519525e-01    2.043401e+00    3.229902e-01
   15     15     8.279360e-01    2.957777e-01    2.098523e+00    3.830462e-01
   16     16     7.792445e-01    3.847738e-01    2.985837e+00    5.072113e-01
   17     17     7.556607e-01    3.099937e-01    2.839673e+00    3.986334e-01
   18     18     7.196055e-01    2.461535e-01    2.529314e+00    3.123982e-01
   19     19     6.352953e-01    2.433074e-01    3.042852e+00    3.105612e-01
   20     20     6.220649e-01    2.114473e-01    3.034001e+00    2.672393e-01
   21     21     4.841438e-01    2.458988e-01    3.633534e+00    3.106871e-01
   22     22     4.452922e-01    2.306387e-01    4.156931e+00    2.929013e-01
   23     23     4.429005e-01    2.294994e-01    4.812170e+00    2.908443e-01
   24     24     3.784484e-01    2.172403e-01    4.776815e+00    2.776498e-01
   25     25     3.772574e-01    2.152471e-01    6.608989e+00    2.766762e-01
   26     26     3.368648e-01    2.058309e-01    5.888059e+00    2.632161e-01
   27     27     3.346207e-01    2.275148e-01    6.492450e+00    2.900277e-01
   28     28     3.296589e-01    2.118912e-01    5.918064e+00    2.705556e-01
   29     29     3.087470e-01    2.129174e-01    5.774611e+00    2.717516e-01
   30     30     3.006924e-01    2.158781e-01    6.601937e+00    2.761488e-01
   31     31     2.971468e-01    2.137471e-01    6.727093e+00    2.718283e-01
   32     32     2.944887e-01    2.138045e-01    5.946593e+00    2.727428e-01
   33     33     2.931313e-01    2.145503e-01    6.173525e+00    2.741232e-01
   34     34     2.912755e-01    2.151346e-01    6.352689e+00    2.746389e-01
   35     35     2.910565e-01    2.156570e-01    6.267044e+00    2.752017e-01
   36     36     2.901582e-01    2.162920e-01    6.216860e+00    2.757248e-01
   37     37     2.895547e-01    2.175954e-01    6.315680e+00    2.757265e-01
   38     38     2.888594e-01    2.199159e-01    6.244686e+00    2.763773e-01
   39     39     2.867170e-01    2.264324e-01    6.348015e+00    2.774201e-01
   40     40     2.836325e-01    2.271406e-01    6.315466e+00    2.764147e-01
   41     41     2.795315e-01    2.240542e-01    6.266098e+00    2.725214e-01
   42     42     2.771307e-01    2.193249e-01    6.430929e+00    2.665928e-01
   43     43     2.743179e-01    2.209831e-01    6.360705e+00    2.686126e-01
   44     44     2.720078e-01    2.218487e-01    6.246179e+00    2.695997e-01
   45     45     2.683734e-01    2.220518e-01    6.430479e+00    2.698152e-01
   46     46     2.644552e-01    2.256109e-01    6.437048e+00    2.740784e-01
   47     47     2.589107e-01    2.373839e-01    6.411004e+00    2.882337e-01
   48     48     2.512279e-01    2.416459e-01    6.663391e+00    2.932589e-01
   49     49     2.319138e-01    2.547134e-01    7.505306e+00    3.088120e-01
   50     50     2.257661e-01    2.669854e-01    8.268676e+00    3.234313e-01
   51     51     2.126693e-01    2.911026e-01    9.155976e+00    3.523878e-01
   52     52     2.078292e-01    2.919737e-01    8.328171e+00    3.536451e-01
   53     53     1.933611e-01    3.131489e-01    8.464588e+00    3.791385e-01
   54     54     1.866329e-01    3.234980e-01    9.253962e+00    3.916059e-01
   55     55     1.820289e-01    3.423054e-01    1.018157e+01    4.144243e-01
   56     56     1.706042e-01    4.033835e-01    1.233855e+01    4.879433e-01
   57     57     1.613750e-01    4.624443e-01    1.220460e+01    5.590367e-01
   58     58     1.609976e-01    5.069198e-01    1.191004e+01    6.126250e-01
   59     59     1.522568e-01    5.079647e-01    1.361986e+01    7.727175e-01
   60     60     1.482165e-01    5.383451e-01    1.309221e+01    7.498519e-01
   61     61     1.460280e-01    5.094176e-01    1.307552e+01    7.779491e-01
   62     62     1.451761e-01    4.667479e-01    1.270495e+01    7.070333e-01
   63     63     1.446385e-01    4.647525e-01    1.273107e+01    7.036748e-01
   64     64     1.445457e-01    4.547536e-01    1.286515e+01    6.887899e-01
   65     65     1.444422e-01    4.515522e-01    1.269131e+01    6.827882e-01
   66     66     1.444353e-01    4.519862e-01    1.278437e+01    6.834209e-01
   67     67     1.444353e-01    4.519862e-01    1.278437e+01    6.834209e-01
   68     68     1.444353e-01    4.519862e-01    1.278437e+01    6.834209e-01
   69     69     1.444353e-01    4.519862e-01    1.278437e+01    6.834209e-01
   70     70     1.444353e-01    4.519862e-01    1.278437e+01    6.834209e-01
   71     71     1.444347e-01    4.519432e-01    1.278479e+01    6.833733e-01
   72     72     1.444339e-01    4.519405e-01    1.279171e+01    6.834543e-01
   73     73     1.444332e-01    4.520967e-01    1.281285e+01    6.838227e-01
   74     74     1.444330e-01    4.521208e-01    1.281600e+01    6.838603e-01
   75     75     1.444324e-01    4.518793e-01    1.282142e+01    6.833813e-01
   76     76     1.444320e-01    4.519418e-01    1.280808e+01    6.834904e-01
   77     77     1.444317e-01    4.514913e-01    1.275101e+01    6.827934e-01
   78     78     1.444316e-01    4.512578e-01    1.268580e+01    6.823887e-01
    0      0     4.341302e-01    2.731365e+01    2.371421e+00    3.202405e+01
    1      1     4.341302e-01    2.731365e+01    2.371421e+00    3.202405e+01
    2      2     2.998123e-01    7.379693e+00    9.095188e+00    8.930220e+00
    3      3     2.951323e-01    8.212858e+00    1.022346e+01    9.194934e+00
    4      4     2.790419e-01    7.996761e+00    1.703187e+01    9.730275e+00
    5      5     2.681666e-01    7.109851e+00    1.026920e+01    9.758808e+00
    6      6     2.560009e-01    9.695032e+00    1.215423e+01    1.482511e+01
    7      7     2.499704e-01    1.298852e+01    1.273680e+01    1.643703e+01
    8      8     2.319632e-01    1.548039e+01    8.752985e+00    2.008494e+01
    9      9     2.296466e-01    1.611703e+01    8.726096e+00    1.958910e+01
   10     10     2.175268e-01    1.609239e+01    8.781838e+00    1.936783e+01
   11     11     2.146986e-01    1.681387e+01    1.171533e+01    1.734008e+01
   12     12     1.885310e-01    1.287748e+01    1.311750e+01    1.578591e+01
   13     13     1.847935e-01    1.250487e+01    1.372505e+01    1.549369e+01
   14     14     1.732709e-01    1.184367e+01    1.410738e+01    1.460292e+01
   15     15     1.718544e-01    1.208787e+01    1.463388e+01    1.493288e+01
   16     16     1.718169e-01    1.208675e+01    1.464945e+01    1.493118e+01
   17     17     1.718124e-01    1.208663e+01    1.465117e+01    1.493100e+01
   18     18     1.718123e-01    1.208663e+01    1.465123e+01    1.493100e+01
   19     19     1.718122e-01    1.208663e+01    1.465126e+01    1.493100e+01
   20     20     1.718122e-01    1.208663e+01    1.465126e+01    1.493100e+01
   21     21     1.718122e-01    1.208663e+01    1.465126e+01    1.493100e+01
   22     22     1.718122e-01    1.208663e+01    1.465126e+01    1.493100e+01
   23     23     1.718122e-01    1.208663e+01    1.465126e+01    1.493100e+01
   24     24     1.718122e-01    1.208663e+01    1.465126e+01    1.493100e+01
   25     25     1.718122e-01    1.208663e+01    1.465126e+01    1.493100e+01
