    0      0     2.266334e+00    2.279753e+00    2.122154e+00    2.903929e+00
    1      1     2.266334e+00    2.279753e+00    2.122154e+00    2.903929e+00
    2      2     2.264975e+00    2.363740e+00    2.122307e+00    3.011342e+00
    3      3     2.261013e+00    2.550727e+00    2.118032e+00    3.250476e+00
    4      4     2.255753e+00    2.695458e+00    2.113581e+00    3.435560e+00
    5      5     2.253574e+00    2.853307e+00    2.109519e+00    3.389650e+00
    6      6     2.248039e+00    3.105218e+00    2.104373e+00    3.811672e+00
    7      7     2.245953e+00    3.241473e+00    2.100836e+00    3.635390e+00
    8      8     2.243494e+00    3.286862e+00    2.094402e+00    3.659383e+00
    9      9     2.241950e+00    3.320094e+00    2.092594e+00    3.687798e+00
   10     10     2.237728e+00    3.394534e+00    2.054137e+00    3.746664e+00
   11     11     2.235737e+00    3.470167e+00    2.028211e+00    3.812393e+00
    0      0     3.486066e-01    3.821378e+00    2.113688e+00    3.844834e+00
    1      1     3.486066e-01    3.821378e+00    2.113688e+00    3.844834e+00
    2      2     3.119392e-01    4.502353e+00    2.088735e+00    4.418773e+00
    3      3     2.850915e-01    4.949790e+00    2.092167e+00    4.879286e+00
    4      4     2.814733e-01    4.928486e+00    2.090049e+00    4.794990e+00
    5      5     2.775822e-01    4.952900e+00    2.087182e+00    4.750741e+00
    6      6     2.744887e-01    5.002426e+00    2.071245e+00    4.689177e+00
    7      7     2.728665e-01    5.013393e+00    2.070230e+00    4.668044e+00
    8      8     2.702264e-01    5.021266e+00    2.066184e+00    4.626097e+00
    9      9     2.701192e-01    5.055170e+00    2.046195e+00    4.625804e+00
   10     10     2.686771e-01    5.156965e+00    2.030397e+00    4.685682e+00
   11     11     2.686399e-01    5.336442e+00    2.009733e+00    4.781321e+00
   12     12     2.675116e-01    5.442544e+00    1.977707e+00    4.842832e+00
   13     13     2.637024e-01    5.770047e+00    1.867503e+00    5.076195e+00
   14     14     2.566231e-01    6.428425e+00    1.741594e+00    5.561084e+00
   15     15     2.370281e-01    8.744887e+00    1.660390e+00    8.551976e+00
   16     16     2.368034e-01    8.316525e+00    1.653074e+00    9.427537e+00
   17     17     2.348693e-01    9.227936e+00    1.647110e+00    1.025769e+01
   18     18     2.324468e-01    1.031877e+01    1.646476e+00    9.012145e+00
   19     19     2.298575e-01    9.540938e+00    1.647277e+00    8.483576e+00
   20     20     2.283374e-01    9.108061e+00    1.649813e+00    8.184119e+00
   21     21     2.211961e-01    8.863419e+00    1.695592e+00    8.094945e+00
   22     22     2.146532e-01    9.069547e+00    1.612081e+00    8.363316e+00
   23     23     2.094544e-01    1.129649e+01    1.434785e+00    1.024385e+01
   24     24     2.017048e-01    1.374470e+01    1.383656e+00    1.244613e+01
   25     25     1.932345e-01    1.594799e+01    1.416708e+00    1.042385e+01
   26     26     1.915226e-01    1.397676e+01    1.435137e+00    9.758521e+00
   27     27     1.908081e-01    1.271440e+01    1.453582e+00    9.222703e+00
   28     28     1.817525e-01    1.148844e+01    1.316348e+00    8.820200e+00
   29     29     1.785745e-01    1.271668e+01    1.113972e+00    8.982689e+00
   30     30     1.664269e-01    1.210610e+01    1.176985e+00    1.099500e+01
   31     31     1.591238e-01    1.469980e+01    1.072758e+00    1.228676e+01
   32     32     1.545937e-01    1.468240e+01    1.106396e+00    1.257454e+01
   33     33     1.492352e-01    1.794971e+01    9.347889e-01    1.094013e+01
   34     34     1.357335e-01    2.408630e+01    1.024856e+00    1.311004e+01
   35     35     1.197349e-01    1.924705e+01    8.813267e-01    1.047287e+01
   36     36     1.177524e-01    1.828573e+01    9.032455e-01    1.080987e+01
   37     37     1.138299e-01    2.002582e+01    9.374125e-01    1.082368e+01
   38     38     1.067012e-01    2.474156e+01    1.006843e+00    1.253592e+01
   39     39     1.035547e-01    2.810461e+01    9.069034e-01    9.819748e+00
   40     40     9.210475e-02    3.031973e+01    9.107394e-01    1.449948e+01
   41     41     8.546206e-02    3.364602e+01    8.823098e-01    1.228219e+01
   42     42     8.197777e-02    3.853656e+01    9.048899e-01    1.141583e+01
   43     43     7.940757e-02    3.570834e+01    8.706341e-01    1.218493e+01
   44     44     7.381389e-02    3.354785e+01    9.354535e-01    1.266427e+01
   45     45     7.259627e-02    3.625606e+01    9.686615e-01    1.272387e+01
   46     46     7.015865e-02    4.273740e+01    9.059882e-01    1.500986e+01
   47     47     6.948113e-02    4.144258e+01    9.356716e-01    1.610476e+01
   48     48     6.797479e-02    5.363898e+01    8.346098e-01    1.239309e+01
   49     49     6.763916e-02    4.294000e+01    7.823353e-01    9.941485e+00
   50     50     6.526332e-02    4.772649e+01    7.904880e-01    9.694484e+00
   51     51     6.235593e-02    4.777483e+01    8.811630e-01    1.012266e+01
   52     52     5.859642e-02    5.928934e+01    9.373444e-01    1.272234e+01
   53     53     5.357521e-02    5.447078e+01    9.104472e-01    1.342518e+01
   54     54     5.145188e-02    4.846624e+01    8.299934e-01    1.168551e+01
   55     55     4.668621e-02    5.310292e+01    8.406150e-01    1.277420e+01
   56     56     4.629344e-02    6.164591e+01    8.199743e-01    1.177090e+01
   57     57     4.463650e-02    6.727407e+01    8.267068e-01    1.250905e+01
   58     58     4.369274e-02    5.227206e+01    8.020774e-01    1.169341e+01
   59     59     4.185283e-02    7.077129e+01    7.730013e-01    1.064978e+01
   60     60     3.835460e-02    7.602490e+01    7.738732e-01    1.017861e+01
   61     61     3.703243e-02    8.237955e+01    7.866795e-01    1.018180e+01
   62     62     3.539590e-02    8.658220e+01    7.985999e-01    1.090225e+01
   63     63     3.311023e-02    9.387706e+01    7.933032e-01    1.130404e+01
   64     64     3.092528e-02    1.138757e+02    7.790287e-01    1.156599e+01
   65     65     2.972612e-02    1.223328e+02    7.702924e-01    1.124824e+01
   66     66     2.954069e-02    1.128180e+02    7.520684e-01    1.084452e+01
   67     67     2.842130e-02    1.182749e+02    7.306302e-01    1.045437e+01
   68     68     2.707993e-02    1.199046e+02    7.452887e-01    1.013794e+01
   69     69     2.662983e-02    1.140866e+02    7.440530e-01    9.956758e+00
   70     70     2.556131e-02    1.297303e+02    7.212575e-01    9.801021e+00
   71     71     2.481299e-02    1.257634e+02    7.111721e-01    9.270798e+00
   72     72     2.399529e-02    9.802347e+01    7.182691e-01    9.336850e+00
   73     73     2.330257e-02    1.282275e+02    7.101103e-01    9.058696e+00
   74     74     2.281399e-02    1.412354e+02    7.127623e-01    9.373084e+00
   75     75     2.231386e-02    1.462401e+02    7.067337e-01    9.298957e+00
   76     76     2.147349e-02    1.531436e+02    6.896907e-01    9.086009e+00
   77     77     2.048688e-02    1.352198e+02    6.570290e-01    8.650186e+00
   78     78     1.985200e-02    1.371415e+02    6.456106e-01    8.071122e+00
   79     79     1.889073e-02    1.665818e+02    6.469531e-01    7.820685e+00
   80     80     1.828025e-02    1.994449e+02    6.380506e-01    7.708235e+00
   81     81     1.758445e-02    2.053696e+02    6.287934e-01    7.747414e+00
   82     82     1.680820e-02    2.243579e+02    6.123744e-01    7.534768e+00
   83     83     1.629721e-02    1.899365e+02    5.964775e-01    7.147632e+00
   84     84     1.544430e-02    2.341677e+02    5.873745e-01    6.992706e+00
   85     85     1.499821e-02    2.516384e+02    5.868100e-01    6.829225e+00
   86     86     1.455224e-02    2.289802e+02    5.778780e-01    6.717146e+00
   87     87     1.398381e-02    2.765150e+02    5.736475e-01    6.706711e+00
   88     88     1.354848e-02    2.306471e+02    5.668268e-01    6.595235e+00
   89     89     1.314414e-02    2.368859e+02    5.553336e-01    6.415119e+00
   90     90     1.299149e-02    2.598492e+02    5.419576e-01    6.187382e+00
   91     91     1.282291e-02    1.989346e+02    5.329430e-01    5.976523e+00
   92     92     1.235215e-02    2.859987e+02    5.328626e-01    5.953655e+00
   93     93     1.192123e-02    2.768087e+02    5.263511e-01    5.850139e+00
   94     94     1.140249e-02    3.085189e+02    5.203312e-01    5.771657e+00
   95     95     1.106517e-02    3.110755e+02    5.165117e-01    5.716616e+00
   96     96     1.082715e-02    2.843503e+02    5.077306e-01    5.572083e+00
   97     97     1.047273e-02    3.020073e+02    5.057012e-01    5.547522e+00
   98     98     1.017718e-02    3.343263e+02    5.000522e-01    5.424107e+00
   99     99     1.015764e-02    3.364166e+02    4.996921e-01    5.368550e+00
  100    100     9.978094e-03    3.539841e+02    4.930025e-01    5.334664e+00
  101    101     9.856549e-03    2.860005e+02    4.891527e-01    5.232512e+00
  102    102     9.735176e-03    3.154246e+02    4.849581e-01    5.211529e+00
  103    103     9.328898e-03    3.394029e+02    4.853524e-01    5.159653e+00
  104    104     9.153238e-03    3.511898e+02    4.819926e-01    5.123235e+00
  105    105     9.010983e-03    3.606391e+02    4.805581e-01    5.087991e+00
  106    106     8.935576e-03    3.366727e+02    4.775507e-01    5.055907e+00
  107    107     8.896093e-03    3.371867e+02    4.736636e-01    4.990366e+00
  108    108     8.886851e-03    3.638251e+02    4.733160e-01    4.975450e+00
  109    109     8.791294e-03    3.695144e+02    4.705329e-01    4.931611e+00
  110    110     8.729495e-03    3.818499e+02    4.688077e-01    4.895773e+00
  111    111     8.696560e-03    3.705082e+02    4.680036e-01    4.889995e+00
  112    112     8.689443e-03    3.615645e+02    4.645655e-01    4.843445e+00
  113    113     8.664291e-03    3.694189e+02    4.647831e-01    4.832040e+00
  114    114     8.658958e-03    3.950190e+02    4.629555e-01    4.803709e+00
  115    115     8.644642e-03    3.748489e+02    4.629004e-01    4.808613e+00
  116    116     8.630869e-03    3.708052e+02    4.616594e-01    4.787818e+00
  117    117     8.625121e-03    3.836067e+02    4.609039e-01    4.773656e+00
  118    118     8.617279e-03    3.893289e+02    4.611403e-01    4.775110e+00
  119    119     8.612325e-03    3.795841e+02    4.606453e-01    4.769906e+00
  120    120     8.608808e-03    3.808724e+02    4.603845e-01    4.765735e+00
  121    121     8.607210e-03    3.849474e+02    4.603063e-01    4.763172e+00
  122    122     8.606671e-03    3.841557e+02    4.602866e-01    4.762626e+00
  123    123     8.606163e-03    3.829928e+02    4.601185e-01    4.761163e+00
  124    124     8.605939e-03    3.833676e+02    4.601084e-01    4.760463e+00
  125    125     8.605720e-03    3.847095e+02    4.600939e-01    4.759825e+00
  126    126     8.605671e-03    3.843651e+02    4.600948e-01    4.759962e+00
  127    127     8.605554e-03    3.841457e+02    4.600740e-01    4.760156e+00
  128    128     8.605554e-03    3.841435e+02    4.600977e-01    4.760731e+00
  129    129     8.605554e-03    3.841435e+02    4.600977e-01    4.760731e+00
  130    130     8.605554e-03    3.841435e+02    4.600977e-01    4.760731e+00
  131    131     8.605554e-03    3.841435e+02    4.600977e-01    4.760731e+00
  132    132     8.605554e-03    3.841435e+02    4.600977e-01    4.760731e+00
  133    133     8.605554e-03    3.841435e+02    4.600977e-01    4.760731e+00
  134    134     8.605554e-03    3.841435e+02    4.600977e-01    4.760731e+00
