    0      0     2.475226e+00    1.000000e+00    1.000000e+00    1.000000e+00
    1      1     2.475226e+00    1.000000e+00    1.000000e+00    1.000000e+00
    2      2     2.453282e+00    1.254027e+00    1.162296e+00    1.196215e+00
    3      3     2.442496e+00    9.031214e-01    1.418740e+00    1.254561e+00
    4      4     2.422786e+00    1.080125e+00    1.529568e+00    1.601376e+00
    5      5     2.371036e+00    1.658765e+00    1.423876e+00    1.747329e+00
    6      6     2.318927e+00    1.689372e+00    1.371663e+00    1.653964e+00
    7      7     2.306990e+00    1.500782e+00    1.405484e+00    1.705304e+00
    8      8     2.249808e+00    1.397859e+00    1.564039e+00    1.854247e+00
    9      9     2.165090e+00    1.016869e+00    1.348979e+00    1.216526e+00
   10     10     2.108007e+00    1.299086e+00    1.382736e+00    1.537622e+00
   11     11     2.036509e+00    1.459705e+00    1.497744e+00    2.083853e+00
   12     12     1.974554e+00    1.708532e+00    2.050710e+00    1.809606e+00
   13     13     1.860174e+00    1.525066e+00    2.093093e+00    1.622509e+00
   14     14     1.777463e+00    1.802012e+00    1.999390e+00    1.873316e+00
   15     15     1.760362e+00    1.425584e+00    1.450011e+00    1.622179e+00
   16     16     1.738774e+00    1.539899e+00    2.205145e+00    1.889412e+00
   17     17     1.557903e+00    2.231500e+00    2.400542e+00    2.608480e+00
   18     18     1.548252e+00    2.177894e+00    2.130499e+00    2.593292e+00
   19     19     1.380009e+00    2.499197e+00    2.228733e+00    2.961512e+00
   20     20     1.340026e+00    2.266770e+00    2.660180e+00    2.672922e+00
   21     21     1.334405e+00    2.949577e+00    1.858350e+00    2.834533e+00
   22     22     1.331985e+00    2.977681e+00    2.193871e+00    2.680225e+00
   23     23     1.324749e+00    2.352497e+00    2.752973e+00    2.960818e+00
   24     24     1.299877e+00    2.690478e+00    2.768638e+00    3.429088e+00
   25     25     1.296398e+00    2.326995e+00    2.562681e+00    2.754883e+00
   26     26     1.276081e+00    2.821994e+00    2.617455e+00    3.420844e+00
   27     27     1.274616e+00    3.048897e+00    2.515718e+00    3.530661e+00
   28     28     1.272324e+00    2.827557e+00    2.722111e+00    3.384400e+00
   29     29     1.271468e+00    2.881524e+00    2.595927e+00    3.402614e+00
   30     30     1.271198e+00    2.926539e+00    2.598759e+00    3.456641e+00
   31     31     1.270965e+00    2.917374e+00    2.597390e+00    3.465867e+00
   32     32     1.269998e+00    2.875241e+00    2.563173e+00    3.485509e+00
   33     33     1.269139e+00    2.876739e+00    2.491883e+00    3.486062e+00
   34     34     1.268117e+00    2.854882e+00    2.410716e+00    3.455119e+00
   35     35     1.267676e+00    2.856980e+00    2.390590e+00    3.373976e+00
   36     36     1.267093e+00    2.857026e+00    2.400405e+00    3.392468e+00
   37     37     1.266219e+00    2.817071e+00    2.407584e+00    3.449689e+00
   38     38     1.265642e+00    2.792542e+00    2.407310e+00    3.456806e+00
   39     39     1.265196e+00    2.775414e+00    2.399740e+00    3.447049e+00
   40     40     1.264888e+00    2.765325e+00    2.375191e+00    3.429814e+00
   41     41     1.264790e+00    2.772672e+00    2.367449e+00    3.432885e+00
   42     42     1.264706e+00    2.779656e+00    2.365789e+00    3.439624e+00
   43     43     1.264551e+00    2.799067e+00    2.389188e+00    3.441662e+00
   44     44     1.264359e+00    2.810468e+00    2.427218e+00    3.450514e+00
   45     45     1.264160e+00    2.812374e+00    2.490978e+00    3.454281e+00
   46     46     1.264049e+00    2.834318e+00    2.564068e+00    3.460176e+00
   47     47     1.264017e+00    2.837396e+00    2.537780e+00    3.459657e+00
   48     48     1.263994e+00    2.841128e+00    2.525072e+00    3.459083e+00
   49     49     1.263960e+00    2.847897e+00    2.515384e+00    3.458950e+00
   50     50     1.263919e+00    2.857870e+00    2.525190e+00    3.459269e+00
   51     51     1.263895e+00    2.860957e+00    2.541340e+00    3.461160e+00
   52     52     1.263881e+00    2.859961e+00    2.550682e+00    3.462430e+00
   53     53     1.263868e+00    2.857570e+00    2.557224e+00    3.463929e+00
   54     54     1.263859e+00    2.856756e+00    2.558805e+00    3.463859e+00
   55     55     1.263852e+00    2.853942e+00    2.552368e+00    3.463012e+00
   56     56     1.263848e+00    2.854720e+00    2.551695e+00    3.463454e+00
   57     57     1.263843e+00    2.855821e+00    2.548397e+00    3.463242e+00
   58     58     1.263831e+00    2.859131e+00    2.547136e+00    3.463422e+00
   59     59     1.263815e+00    2.860997e+00    2.548187e+00    3.463107e+00
   60     60     1.263753e+00    2.862569e+00    2.546476e+00    3.461029e+00
   61     61     1.263712e+00    2.860082e+00    2.548649e+00    3.461949e+00
   62     62     1.263701e+00    2.855327e+00    2.548029e+00    3.463820e+00
   63     63     1.263694e+00    2.850746e+00    2.543996e+00    3.464353e+00
   64     64     1.263687e+00    2.849719e+00    2.542119e+00    3.465274e+00
   65     65     1.263678e+00    2.850250e+00    2.539400e+00    3.465405e+00
   66     66     1.263675e+00    2.853614e+00    2.540981e+00    3.465339e+00
   67     67     1.263674e+00    2.854350e+00    2.540911e+00    3.464724e+00
   68     68     1.263670e+00    2.858055e+00    2.541545e+00    3.462643e+00
   69     69     1.263668e+00    2.856773e+00    2.542090e+00    3.463792e+00
   70     70     1.263665e+00    2.853187e+00    2.543816e+00    3.466523e+00
   71     71     1.263664e+00    2.852714e+00    2.544370e+00    3.466262e+00
   72     72     1.263655e+00    2.851821e+00    2.548514e+00    3.465442e+00
   73     73     1.263636e+00    2.852098e+00    2.551597e+00    3.465762e+00
   74     74     1.263609e+00    2.854541e+00    2.551667e+00    3.466675e+00
   75     75     1.263598e+00    2.856717e+00    2.546871e+00    3.467495e+00
   76     76     1.263596e+00    2.856639e+00    2.545883e+00    3.467488e+00
   77     77     1.263592e+00    2.855895e+00    2.543697e+00    3.467865e+00
   78     78     1.263586e+00    2.855032e+00    2.542003e+00    3.468046e+00
   79     79     1.263578e+00    2.853822e+00    2.542247e+00    3.467626e+00
   80     80     1.263570e+00    2.854252e+00    2.545801e+00    3.467354e+00
   81     81     1.263570e+00    2.854252e+00    2.545801e+00    3.467354e+00
   82     82     1.263570e+00    2.854252e+00    2.545801e+00    3.467354e+00
   83     83     1.263570e+00    2.854252e+00    2.545801e+00    3.467354e+00
   84     84     1.263570e+00    2.854252e+00    2.545801e+00    3.467354e+00
   85     85     1.263570e+00    2.853968e+00    2.545738e+00    3.467471e+00
   86     86     1.263570e+00    2.855572e+00    2.545224e+00    3.467501e+00
   87     87     1.263570e+00    2.855646e+00    2.545183e+00    3.467533e+00
   88     88     1.263570e+00    2.855687e+00    2.545174e+00    3.467907e+00
   89     89     1.263570e+00    2.855179e+00    2.545102e+00    3.468070e+00
   90     90     1.263570e+00    2.854755e+00    2.544895e+00    3.468256e+00
   91     91     1.263570e+00    2.855252e+00    2.544179e+00    3.468827e+00
   92     92     1.263570e+00    2.854551e+00    2.543459e+00    3.469247e+00
   93     93     1.263570e+00    2.854432e+00    2.542490e+00    3.468800e+00
   94     94     1.263570e+00    2.854479e+00    2.542362e+00    3.468819e+00
   95     95     1.263570e+00    2.854457e+00    2.542381e+00    3.468514e+00
   96     96     1.263570e+00    2.854619e+00    2.543434e+00    3.467027e+00
   97     97     1.263570e+00    2.854294e+00    2.544534e+00    3.468100e+00
   98     98     1.263570e+00    2.854728e+00    2.544931e+00    3.469191e+00
   99     99     1.263570e+00    2.856295e+00    2.544271e+00    3.467715e+00
  100    100     1.263570e+00    2.855038e+00    2.543819e+00    3.467458e+00
  101    101     1.263570e+00    2.854870e+00    2.543244e+00    3.468914e+00
  102    102     1.263570e+00    2.853792e+00    2.543394e+00    3.468109e+00
  103    103     1.263570e+00    2.854833e+00    2.543368e+00    3.467817e+00
  104    104     1.263569e+00    2.855454e+00    2.543413e+00    3.468200e+00
  105    105     1.263569e+00    2.855073e+00    2.543415e+00    3.468328e+00
  106    106     1.263569e+00    2.854664e+00    2.543480e+00    3.468406e+00
  107    107     1.263569e+00    2.854158e+00    2.543445e+00    3.468299e+00
  108    108     1.263569e+00    2.854597e+00    2.543463e+00    3.468076e+00
  109    109     1.263569e+00    2.855202e+00    2.543401e+00    3.467941e+00
  110    110     1.263569e+00    2.855147e+00    2.543183e+00    3.468309e+00
  111    111     1.263569e+00    2.854736e+00    2.543196e+00    3.468607e+00
  112    112     1.263569e+00    2.854736e+00    2.543196e+00    3.468607e+00
  113    113     1.263569e+00    2.854736e+00    2.543196e+00    3.468607e+00
  114    114     1.263569e+00    2.854736e+00    2.543196e+00    3.468607e+00
  115    115     1.263569e+00    2.854736e+00    2.543196e+00    3.468607e+00
  116    116     1.263569e+00    2.854711e+00    2.543193e+00    3.468611e+00
  117    117     1.263569e+00    2.854429e+00    2.543264e+00    3.468584e+00
  118    118     1.263569e+00    2.854280e+00    2.543311e+00    3.468561e+00
  119    119     1.263569e+00    2.854341e+00    2.543309e+00    3.468481e+00
  120    120     1.263569e+00    2.854404e+00    2.543325e+00    3.468332e+00
  121    121     1.263569e+00    2.854441e+00    2.543336e+00    3.468323e+00
  122    122     1.263569e+00    2.854452e+00    2.543460e+00    3.468110e+00
  123    123     1.263569e+00    2.854458e+00    2.543466e+00    3.468094e+00
  124    124     1.263569e+00    2.854455e+00    2.543473e+00    3.468050e+00
  125    125     1.263569e+00    2.854448e+00    2.543497e+00    3.468035e+00
  126    126     1.263569e+00    2.854458e+00    2.543511e+00    3.468032e+00
  127    127     1.263569e+00    2.854465e+00    2.543516e+00    3.468026e+00
  128    128     1.263569e+00    2.854465e+00    2.543516e+00    3.468026e+00
  129    129     1.263569e+00    2.854465e+00    2.543516e+00    3.468026e+00
  130    130     1.263569e+00    2.854465e+00    2.543516e+00    3.468026e+00
  131    131     1.263569e+00    2.854465e+00    2.543516e+00    3.468026e+00
  132    132     1.263569e+00    2.854447e+00    2.543512e+00    3.468041e+00
  133    133     1.263569e+00    2.854471e+00    2.543518e+00    3.468068e+00
  134    134     1.263569e+00    2.854797e+00    2.543429e+00    3.468088e+00
  135    135     1.263569e+00    2.854746e+00    2.543441e+00    3.468119e+00
  136    136     1.263569e+00    2.854706e+00    2.543438e+00    3.468131e+00
  137    137     1.263569e+00    2.854708e+00    2.543430e+00    3.468199e+00
  138    138     1.263569e+00    2.854685e+00    2.543406e+00    3.468229e+00
  139    139     1.263569e+00    2.854666e+00    2.543381e+00    3.468274e+00
  140    140     1.263569e+00    2.854667e+00    2.543372e+00    3.468324e+00
  141    141     1.263569e+00    2.854690e+00    2.543326e+00    3.468365e+00
  142    142     1.263569e+00    2.854681e+00    2.543271e+00    3.468374e+00
  143    143     1.263569e+00    2.854673e+00    2.543264e+00    3.468371e+00
  144    144     1.263569e+00    2.854644e+00    2.543233e+00    3.468353e+00
  145    145     1.263569e+00    2.854625e+00    2.543175e+00    3.468304e+00
  146    146     1.263569e+00    2.854629e+00    2.543110e+00    3.468352e+00
  147    147     1.263569e+00    2.854665e+00    2.543136e+00    3.468346e+00
  148    148     1.263569e+00    2.854665e+00    2.543136e+00    3.468346e+00
  149    149     1.263569e+00    2.854665e+00    2.543136e+00    3.468346e+00
  150    150     1.263569e+00    2.854665e+00    2.543136e+00    3.468346e+00
  151    151     1.263569e+00    2.854665e+00    2.543136e+00    3.468346e+00
  152    152     1.263569e+00    2.854631e+00    2.543131e+00    3.468360e+00
  153    153     1.263569e+00    2.854610e+00    2.543145e+00    3.468380e+00
  154    154     1.263569e+00    2.854431e+00    2.543216e+00    3.468389e+00
  155    155     1.263569e+00    2.854296e+00    2.543288e+00    3.468355e+00
  156    156     1.263569e+00    2.854375e+00    2.543317e+00    3.468351e+00
  157    157     1.263569e+00    2.854452e+00    2.543372e+00    3.468236e+00
  158    158     1.263569e+00    2.854401e+00    2.543421e+00    3.468157e+00
  159    159     1.263569e+00    2.854432e+00    2.543461e+00    3.468120e+00
  160    160     1.263569e+00    2.854455e+00    2.543499e+00    3.468109e+00
  161    161     1.263569e+00    2.854473e+00    2.543517e+00    3.468113e+00
  162    162     1.263569e+00    2.854466e+00    2.543517e+00    3.468092e+00
  163    163     1.263569e+00    2.854505e+00    2.543501e+00    3.468100e+00
  164    164     1.263569e+00    2.854507e+00    2.543501e+00    3.468100e+00
  165    165     1.263569e+00    2.854507e+00    2.543501e+00    3.468100e+00
  166    166     1.263569e+00    2.854507e+00    2.543501e+00    3.468100e+00
  167    167     1.263569e+00    2.854507e+00    2.543501e+00    3.468100e+00
  168    168     1.263569e+00    2.854507e+00    2.543501e+00    3.468100e+00
  169    169     1.263569e+00    2.854495e+00    2.543494e+00    3.468099e+00
  170    170     1.263569e+00    2.854527e+00    2.543477e+00    3.468096e+00
  171    171     1.263569e+00    2.854684e+00    2.543413e+00    3.468089e+00
  172    172     1.263569e+00    2.854712e+00    2.543405e+00    3.468113e+00
  173    173     1.263569e+00    2.854665e+00    2.543409e+00    3.468135e+00
  174    174     1.263569e+00    2.854669e+00    2.543403e+00    3.468147e+00
  175    175     1.263569e+00    2.854630e+00    2.543389e+00    3.468170e+00
  176    176     1.263569e+00    2.854577e+00    2.543386e+00    3.468193e+00
  177    177     1.263569e+00    2.854621e+00    2.543386e+00    3.468272e+00
  178    178     1.263569e+00    2.854567e+00    2.543403e+00    3.468294e+00
  179    179     1.263569e+00    2.854506e+00    2.543395e+00    3.468339e+00
  180    180     1.263569e+00    2.854516e+00    2.543391e+00    3.468410e+00
  181    181     1.263569e+00    2.854525e+00    2.543377e+00    3.468420e+00
  182    182     1.263569e+00    2.854532e+00    2.543368e+00    3.468417e+00
  183    183     1.263569e+00    2.854530e+00    2.543369e+00    3.468417e+00
  184    184     1.263569e+00    2.854527e+00    2.543374e+00    3.468407e+00
  185    185     1.263569e+00    2.854527e+00    2.543374e+00    3.468407e+00
  186    186     1.263569e+00    2.854527e+00    2.543374e+00    3.468407e+00
  187    187     1.263569e+00    2.854527e+00    2.543374e+00    3.468407e+00
  188    188     1.263569e+00    2.854527e+00    2.543374e+00    3.468407e+00
  189    189     1.263569e+00    2.854518e+00    2.543371e+00    3.468406e+00
  190    190     1.263569e+00    2.854599e+00    2.543347e+00    3.468383e+00
  191    191     1.263569e+00    2.854640e+00    2.543339e+00    3.468371e+00
  192    192     1.263569e+00    2.854652e+00    2.543339e+00    3.468375e+00
  193    193     1.263569e+00    2.854652e+00    2.543339e+00    3.468375e+00
  194    194     1.263569e+00    2.854652e+00    2.543339e+00    3.468375e+00
  195    195     1.263569e+00    2.854652e+00    2.543339e+00    3.468375e+00
  196    196     1.263569e+00    2.854652e+00    2.543339e+00    3.468375e+00
  197    197     1.263569e+00    2.854652e+00    2.543339e+00    3.468375e+00
  198    198     1.263569e+00    2.854652e+00    2.543339e+00    3.468375e+00
