    0      0     2.488925e+00    9.999990e-01    9.999992e-01    9.999990e-01
    1      1     2.488925e+00    9.999990e-01    9.999992e-01    9.999990e-01
    2      2     1.724239e+00    2.373735e+00    8.353065e-01    2.297667e+00
    3      3     1.721681e+00    2.289133e+00    8.376069e-01    2.229323e+00
    4      4     1.714231e+00    2.609511e+00    8.592104e-01    2.880425e+00
    5      5     1.691907e+00    2.137894e+00    8.941116e-01    2.818239e+00
    6      6     1.679917e+00    2.976732e+00    9.140176e-01    3.207122e+00
    7      7     1.646536e+00    2.463734e+00    1.023996e+00    2.840135e+00
    8      8     1.546408e+00    2.350603e+00    1.729169e+00    2.947174e+00
    9      9     1.507321e+00    2.391865e+00    2.148202e+00    2.976400e+00
   10     10     1.442430e+00    2.868537e+00    2.149398e+00    2.423061e+00
   11     11     1.441452e+00    2.586331e+00    2.044626e+00    2.287970e+00
   12     12     1.435525e+00    2.430129e+00    1.984371e+00    2.209473e+00
   13     13     1.392098e+00    2.494675e+00    2.135096e+00    2.342861e+00
   14     14     1.357417e+00    2.962458e+00    2.651995e+00    3.941042e+00
   15     15     1.303718e+00    3.029825e+00    2.953381e+00    3.515574e+00
   16     16     1.283773e+00    3.077465e+00    2.986460e+00    3.478103e+00
   17     17     1.264574e+00    2.972561e+00    3.348154e+00    3.279609e+00
   18     18     1.206078e+00    2.688307e+00    3.161629e+00    2.975945e+00
   19     19     1.148750e+00    3.842482e+00    2.489025e+00    3.782212e+00
   20     20     1.114708e+00    4.503939e+00    3.258137e+00    4.760485e+00
   21     21     1.108564e+00    4.778549e+00    3.048504e+00    4.286803e+00
   22     22     1.023656e+00    3.484939e+00    3.525248e+00    4.386236e+00
   23     23     1.001414e+00    3.599229e+00    3.925775e+00    4.167110e+00
   24     24     9.698998e-01    4.423291e+00    4.276020e+00    5.031487e+00
   25     25     9.438299e-01    4.110031e+00    3.942116e+00    4.850552e+00
   26     26     9.341797e-01    3.898078e+00    3.419718e+00    4.340755e+00
   27     27     9.196914e-01    4.004359e+00    3.309750e+00    4.693711e+00
   28     28     8.983634e-01    5.180484e+00    4.027685e+00    6.068938e+00
   29     29     8.665815e-01    5.397343e+00    4.512064e+00    6.070582e+00
   30     30     8.358159e-01    5.250830e+00    4.861301e+00    6.566662e+00
   31     31     8.184027e-01    3.650243e+00    3.344953e+00    4.854390e+00
   32     32     8.067045e-01    4.992033e+00    3.592142e+00    7.345034e+00
   33     33     7.993743e-01    5.078615e+00    3.767561e+00    6.316678e+00
   34     34     7.599710e-01    5.110202e+00    3.932361e+00    6.712191e+00
   35     35     7.486254e-01    4.514598e+00    3.280302e+00    6.039458e+00
   36     36     7.453078e-01    4.832468e+00    3.815092e+00    6.628437e+00
   37     37     7.391119e-01    5.160589e+00    3.373362e+00    7.763792e+00
   38     38     7.365344e-01    5.073993e+00    3.413370e+00    6.788509e+00
   39     39     7.347920e-01    4.944165e+00    3.456549e+00    6.669558e+00
   40     40     7.338493e-01    5.133617e+00    3.436227e+00    6.996664e+00
   41     41     7.322574e-01    5.099913e+00    3.468911e+00    7.044485e+00
   42     42     7.291733e-01    5.279546e+00    3.500883e+00    7.146545e+00
   43     43     7.278722e-01    5.219710e+00    3.531811e+00    7.024528e+00
   44     44     7.270981e-01    5.157695e+00    3.638937e+00    6.912356e+00
   45     45     7.256953e-01    5.088817e+00    3.780093e+00    6.789012e+00
   46     46     7.214140e-01    5.051706e+00    4.159966e+00    6.701715e+00
   47     47     7.184336e-01    4.885020e+00    4.378793e+00    6.708264e+00
   48     48     7.163884e-01    5.206473e+00    4.377539e+00    6.920529e+00
   49     49     7.098450e-01    5.046212e+00    4.516016e+00    7.473541e+00
   50     50     7.087830e-01    4.696575e+00    4.711618e+00    7.592817e+00
   51     51     7.070842e-01    5.636941e+00    4.261419e+00    7.426764e+00
   52     52     7.049912e-01    4.820128e+00    4.532275e+00    7.319793e+00
   53     53     7.018407e-01    4.980617e+00    4.346265e+00    7.441527e+00
   54     54     6.950759e-01    4.770641e+00    4.325559e+00    7.805791e+00
   55     55     6.911111e-01    5.778701e+00    3.949905e+00    7.826867e+00
   56     56     6.892786e-01    5.884510e+00    3.748583e+00    7.728798e+00
   57     57     6.871735e-01    5.139876e+00    4.203265e+00    7.514617e+00
   58     58     6.853741e-01    5.485892e+00    4.104907e+00    7.486062e+00
   59     59     6.840545e-01    5.666984e+00    4.086199e+00    7.481750e+00
   60     60     6.827785e-01    5.713172e+00    4.084418e+00    7.453391e+00
   61     61     6.815316e-01    5.453119e+00    4.245844e+00    7.514856e+00
   62     62     6.803676e-01    5.585464e+00    4.211289e+00    7.517449e+00
   63     63     6.789296e-01    5.732620e+00    4.140782e+00    7.658956e+00
   64     64     6.784482e-01    5.780834e+00    3.939399e+00    7.499427e+00
   65     65     6.780206e-01    5.677246e+00    4.077207e+00    7.607183e+00
   66     66     6.779217e-01    5.616430e+00    4.128521e+00    7.641865e+00
   67     67     6.775622e-01    5.645328e+00    4.176068e+00    7.630535e+00
   68     68     6.772626e-01    5.625115e+00    4.213028e+00    7.271338e+00
   69     69     6.770950e-01    5.600150e+00    4.284322e+00    7.210999e+00
   70     70     6.770043e-01    5.580690e+00    4.306836e+00    7.126044e+00
   71     71     6.769638e-01    5.546224e+00    4.309756e+00    7.100908e+00
   72     72     6.769305e-01    5.550923e+00    4.316470e+00    7.058575e+00
   73     73     6.768828e-01    5.566502e+00    4.347199e+00    6.985618e+00
   74     74     6.768624e-01    5.575880e+00    4.365206e+00    6.935652e+00
   75     75     6.768472e-01    5.579093e+00    4.388429e+00    6.941510e+00
   76     76     6.768245e-01    5.578514e+00    4.389192e+00    6.915027e+00
   77     77     6.767636e-01    5.591236e+00    4.383572e+00    6.937263e+00
   78     78     6.765611e-01    5.579518e+00    4.344037e+00    7.064737e+00
   79     79     6.764167e-01    5.562786e+00    4.285955e+00    7.451790e+00
   80     80     6.754026e-01    5.543166e+00    4.289707e+00    7.225251e+00
   81     81     6.744470e-01    5.520302e+00    4.314776e+00    7.057734e+00
   82     82     6.737654e-01    5.592797e+00    4.430668e+00    7.554800e+00
   83     83     6.733786e-01    5.576271e+00    4.420418e+00    7.332591e+00
   84     84     6.729900e-01    5.525348e+00    4.447120e+00    7.258179e+00
   85     85     6.726475e-01    5.515312e+00    4.522198e+00    7.475695e+00
   86     86     6.722080e-01    5.604164e+00    4.623684e+00    7.387325e+00
   87     87     6.720170e-01    5.573669e+00    4.708430e+00    7.450530e+00
   88     88     6.718785e-01    5.556012e+00    4.749130e+00    7.309189e+00
   89     89     6.716780e-01    5.555631e+00    4.825812e+00    7.416277e+00
   90     90     6.714555e-01    5.528411e+00    4.882970e+00    7.540383e+00
   91     91     6.712618e-01    5.502548e+00    4.945412e+00    7.482444e+00
   92     92     6.711674e-01    5.446830e+00    5.101845e+00    7.717194e+00
   93     93     6.706011e-01    5.466859e+00    5.098602e+00    7.574324e+00
   94     94     6.698763e-01    5.458197e+00    5.269195e+00    7.750736e+00
   95     95     6.696486e-01    5.454338e+00    5.478457e+00    7.792101e+00
   96     96     6.688936e-01    5.498356e+00    5.548873e+00    7.805655e+00
   97     97     6.680630e-01    5.540530e+00    5.740091e+00    7.809397e+00
   98     98     6.673819e-01    5.562213e+00    6.213589e+00    7.758677e+00
   99     99     6.656128e-01    5.567791e+00    6.266548e+00    7.810424e+00
  100    100     6.610009e-01    5.183865e+00    6.468475e+00    7.904463e+00
  101    101     6.576887e-01    5.285874e+00    6.264644e+00    7.992683e+00
  102    102     6.575787e-01    5.665554e+00    5.039210e+00    7.992890e+00
  103    103     6.551852e-01    5.664376e+00    5.662704e+00    7.967437e+00
  104    104     6.540205e-01    5.716413e+00    5.713606e+00    7.899178e+00
  105    105     6.539274e-01    5.773698e+00    5.615456e+00    7.906356e+00
  106    106     6.515253e-01    6.357744e+00    5.108022e+00    8.106042e+00
  107    107     6.490638e-01    6.776393e+00    4.783798e+00    8.077413e+00
  108    108     6.455015e-01    7.048731e+00    4.973773e+00    8.287455e+00
  109    109     6.413197e-01    5.992640e+00    5.549719e+00    7.745245e+00
  110    110     6.389836e-01    5.609535e+00    5.200320e+00    7.484693e+00
  111    111     6.341034e-01    5.290241e+00    5.273453e+00    6.526179e+00
  112    112     6.032280e-01    6.576092e+00    5.054545e+00    7.979332e+00
  113    113     5.958850e-01    6.313548e+00    5.025470e+00    8.609560e+00
  114    114     5.860240e-01    7.362428e+00    5.024551e+00    7.851069e+00
  115    115     5.852785e-01    7.346053e+00    4.540084e+00    7.780677e+00
  116    116     5.828356e-01    7.091827e+00    5.017891e+00    8.935817e+00
  117    117     5.815783e-01    6.840434e+00    4.895825e+00    8.458988e+00
  118    118     5.805264e-01    6.934793e+00    4.922789e+00    8.413747e+00
  119    119     5.794084e-01    6.919559e+00    4.852170e+00    8.180605e+00
  120    120     5.787814e-01    6.635118e+00    5.037181e+00    8.867795e+00
  121    121     5.781983e-01    6.719689e+00    4.976026e+00    8.467676e+00
  122    122     5.778783e-01    6.780270e+00    4.955757e+00    8.397694e+00
  123    123     5.776036e-01    6.657783e+00    4.977051e+00    8.264903e+00
  124    124     5.772132e-01    6.679797e+00    5.000650e+00    8.301909e+00
  125    125     5.768761e-01    6.596546e+00    5.001843e+00    8.273621e+00
  126    126     5.768646e-01    6.653595e+00    5.037576e+00    8.294158e+00
  127    127     5.768600e-01    6.887430e+00    4.936856e+00    8.068947e+00
  128    128     5.764674e-01    6.686465e+00    4.979083e+00    8.065142e+00
  129    129     5.763610e-01    6.668287e+00    5.010220e+00    8.101673e+00
  130    130     5.761979e-01    6.652787e+00    5.047863e+00    8.097519e+00
  131    131     5.760735e-01    6.661196e+00    5.089624e+00    8.120700e+00
  132    132     5.758221e-01    6.667755e+00    5.184057e+00    8.178722e+00
  133    133     5.754719e-01    6.683362e+00    5.308975e+00    8.290256e+00
  134    134     5.751511e-01    6.663055e+00    5.445768e+00    8.144425e+00
  135    135     5.748968e-01    6.633898e+00    5.582939e+00    8.439666e+00
  136    136     5.743674e-01    6.620651e+00    5.654482e+00    8.512571e+00
  137    137     5.736983e-01    6.570500e+00    5.836829e+00    9.173115e+00
  138    138     5.722708e-01    6.425820e+00    6.119242e+00    9.504684e+00
  139    139     5.721774e-01    6.476291e+00    5.748870e+00    9.388249e+00
  140    140     5.677290e-01    6.563278e+00    6.175577e+00    9.602546e+00
  141    141     5.664818e-01    5.908134e+00    6.747968e+00    9.599482e+00
  142    142     5.639349e-01    6.544087e+00    6.434270e+00    9.612559e+00
  143    143     5.634297e-01    6.616621e+00    6.075791e+00    9.712889e+00
  144    144     5.610499e-01    6.615334e+00    6.126881e+00    9.742813e+00
  145    145     5.609443e-01    6.609025e+00    5.791175e+00    9.728650e+00
  146    146     5.576398e-01    6.579962e+00    6.094961e+00    9.638298e+00
  147    147     5.574544e-01    6.597661e+00    6.345522e+00    9.684983e+00
  148    148     5.562136e-01    6.588218e+00    5.938346e+00    9.657415e+00
  149    149     5.554918e-01    6.591978e+00    6.074002e+00    9.650558e+00
  150    150     5.537649e-01    6.620120e+00    6.108169e+00    9.675233e+00
  151    151     5.534923e-01    6.697453e+00    6.292597e+00    9.748727e+00
  152    152     5.522973e-01    6.707324e+00    6.008466e+00    8.468601e+00
  153    153     5.514510e-01    6.721891e+00    6.144475e+00    9.247097e+00
  154    154     5.508695e-01    6.715009e+00    6.320346e+00    9.366246e+00
  155    155     5.502631e-01    6.711362e+00    6.290472e+00    8.905619e+00
  156    156     5.501852e-01    6.789584e+00    6.422211e+00    9.469093e+00
  157    157     5.486160e-01    6.818617e+00    6.455558e+00    8.350508e+00
  158    158     5.473833e-01    6.913078e+00    6.318822e+00    8.523052e+00
  159    159     5.471254e-01    6.995110e+00    6.437062e+00    9.187174e+00
  160    160     5.460608e-01    7.106069e+00    6.172660e+00    8.757256e+00
  161    161     5.422197e-01    7.501829e+00    5.971856e+00    8.501289e+00
  162    162     5.409339e-01    8.742959e+00    6.151718e+00    8.166917e+00
  163    163     5.406996e-01    8.769075e+00    5.188024e+00    7.463413e+00
  164    164     5.275033e-01    5.987082e+00    6.542135e+00    1.008596e+01
  165    165     5.269928e-01    7.506757e+00    6.264000e+00    9.329162e+00
  166    166     5.134493e-01    7.110559e+00    5.835500e+00    8.837036e+00
  167    167     5.086713e-01    6.725155e+00    6.483866e+00    1.025660e+01
  168    168     5.067168e-01    6.752927e+00    6.378430e+00    1.024250e+01
  169    169     5.056704e-01    7.221763e+00    6.107330e+00    9.626681e+00
  170    170     5.050152e-01    7.585480e+00    6.021667e+00    9.784338e+00
  171    171     5.037231e-01    7.304163e+00    6.271130e+00    1.062935e+01
  172    172     5.025219e-01    7.187637e+00    6.536499e+00    1.067506e+01
  173    173     5.021587e-01    7.180400e+00    6.714871e+00    1.047228e+01
  174    174     5.015082e-01    7.387227e+00    6.465686e+00    1.067183e+01
  175    175     5.007401e-01    7.249663e+00    6.552110e+00    1.139227e+01
  176    176     4.983189e-01    7.635068e+00    6.543143e+00    1.070780e+01
  177    177     4.969550e-01    7.434338e+00    6.741530e+00    1.071145e+01
  178    178     4.967590e-01    7.184882e+00    6.753137e+00    1.101462e+01
  179    179     4.964557e-01    7.156251e+00    6.732415e+00    1.098688e+01
  180    180     4.948481e-01    7.622800e+00    6.576968e+00    1.097630e+01
  181    181     4.944167e-01    7.638704e+00    6.571409e+00    1.101496e+01
  182    182     4.926461e-01    8.084016e+00    6.840046e+00    1.201837e+01
  183    183     4.920839e-01    8.042590e+00    6.779070e+00    1.183295e+01
  184    184     4.904398e-01    7.905257e+00    6.801894e+00    1.168266e+01
  185    185     4.891046e-01    7.901362e+00    6.986284e+00    1.171244e+01
  186    186     4.884693e-01    8.040517e+00    7.011609e+00    1.188175e+01
  187    187     4.880180e-01    8.018055e+00    7.020729e+00    1.175114e+01
  188    188     4.875492e-01    7.991419e+00    7.118463e+00    1.170405e+01
  189    189     4.870200e-01    7.903713e+00    7.279797e+00    1.155709e+01
  190    190     4.867332e-01    7.921993e+00    7.379012e+00    1.163827e+01
  191    191     4.864398e-01    8.005983e+00    7.457743e+00    1.175779e+01
  192    192     4.861281e-01    8.085723e+00    7.473674e+00    1.182928e+01
  193    193     4.859028e-01    8.198094e+00    7.466411e+00    1.194783e+01
  194    194     4.855664e-01    8.246930e+00    7.471423e+00    1.197757e+01
  195    195     4.848822e-01    8.356955e+00    7.430301e+00    1.210167e+01
  196    196     4.840278e-01    8.297647e+00    7.292468e+00    1.201349e+01
  197    197     4.830373e-01    8.110298e+00    6.944875e+00    1.177884e+01
  198    198     4.824479e-01    7.355890e+00    7.099199e+00    1.167387e+01
  199    199     4.815831e-01    7.751568e+00    6.370407e+00    1.137406e+01
  200    200     4.807877e-01    7.831135e+00    6.475700e+00    1.094958e+01
  201    201     4.802743e-01    7.788821e+00    6.607357e+00    1.077530e+01
  202    202     4.797042e-01    8.044596e+00    6.491553e+00    9.962513e+00
  203    203     4.792277e-01    8.028422e+00    6.518419e+00    1.015891e+01
  204    204     4.786481e-01    8.046382e+00    6.517862e+00    1.040146e+01
  205    205     4.783653e-01    8.028354e+00    6.524274e+00    1.015776e+01
  206    206     4.777703e-01    8.101132e+00    6.645205e+00    1.000669e+01
  207    207     4.772960e-01    7.993035e+00    6.724840e+00    9.771216e+00
  208    208     4.768365e-01    7.924916e+00    6.756463e+00    1.005501e+01
  209    209     4.767339e-01    7.911230e+00    6.444332e+00    9.198334e+00
  210    210     4.762200e-01    7.960117e+00    6.799063e+00    9.534299e+00
  211    211     4.761666e-01    7.925065e+00    6.892557e+00    1.001451e+01
  212    212     4.758916e-01    7.903114e+00    6.867198e+00    9.603029e+00
  213    213     4.756687e-01    7.950724e+00    6.929772e+00    9.528017e+00
  214    214     4.754057e-01    8.023434e+00    7.090171e+00    9.964727e+00
  215    215     4.751122e-01    8.074198e+00    7.113875e+00    9.615388e+00
  216    216     4.749719e-01    8.087148e+00    7.176116e+00    9.573564e+00
  217    217     4.748136e-01    8.130182e+00    7.285745e+00    9.651033e+00
  218    218     4.745252e-01    8.232262e+00    7.449166e+00    1.007000e+01
  219    219     4.743102e-01    8.318457e+00    7.640901e+00    1.080066e+01
  220    220     4.738284e-01    8.303996e+00    7.690228e+00    1.090081e+01
  221    221     4.730871e-01    8.362919e+00    7.765153e+00    1.201154e+01
  222    222     4.720961e-01    8.288301e+00    7.752348e+00    1.180185e+01
  223    223     4.707963e-01    8.404559e+00    8.013561e+00    1.200872e+01
  224    224     4.697639e-01    7.454849e+00    8.090111e+00    1.252921e+01
  225    225     4.694709e-01    8.799863e+00    8.436246e+00    1.314910e+01
  226    226     4.675767e-01    7.921559e+00    8.376671e+00    1.305569e+01
  227    227     4.650720e-01    7.214183e+00    8.402410e+00    1.233782e+01
  228    228     4.616022e-01    6.124779e+00    8.314143e+00    1.149972e+01
  229    229     4.571998e-01    5.944023e+00    7.827954e+00    1.020170e+01
  230    230     4.509713e-01    8.174789e+00    6.074274e+00    9.092524e+00
  231    231     4.498087e-01    6.248307e+00    6.690537e+00    9.493628e+00
  232    232     4.479057e-01    8.010388e+00    5.991941e+00    9.761158e+00
  233    233     4.457168e-01    7.453091e+00    6.341765e+00    1.041610e+01
  234    234     4.429864e-01    7.277323e+00    6.245807e+00    9.670218e+00
  235    235     4.419085e-01    7.283556e+00    6.239726e+00    9.884131e+00
  236    236     4.405123e-01    7.561296e+00    6.080038e+00    9.922893e+00
  237    237     4.394788e-01    7.713119e+00    6.045135e+00    1.015067e+01
  238    238     4.386638e-01    7.805793e+00    6.008959e+00    9.777850e+00
  239    239     4.382802e-01    7.583203e+00    6.090098e+00    9.554777e+00
  240    240     4.380311e-01    7.695483e+00    6.068005e+00    9.168468e+00
  241    241     4.377986e-01    7.461778e+00    6.158262e+00    9.180837e+00
  242    242     4.376859e-01    7.499323e+00    6.145535e+00    9.260370e+00
  243    243     4.375187e-01    7.573549e+00    6.104595e+00    9.246372e+00
  244    244     4.372668e-01    7.670970e+00    6.058682e+00    9.159917e+00
  245    245     4.368826e-01    7.888324e+00    5.993721e+00    8.995856e+00
  246    246     4.364376e-01    7.856639e+00    6.034215e+00    8.733118e+00
  247    247     4.363764e-01    7.953440e+00    6.020599e+00    8.545846e+00
  248    248     4.361903e-01    7.919890e+00    6.050318e+00    8.510794e+00
  249    249     4.357838e-01    7.336825e+00    6.439370e+00    8.734572e+00
  250    250     4.355777e-01    7.139172e+00    6.645682e+00    9.098082e+00
  251    251     4.337802e-01    7.774487e+00    6.283944e+00    8.399477e+00
  252    252     4.335485e-01    9.355295e+00    5.852802e+00    8.713831e+00
  253    253     4.317197e-01    8.674515e+00    6.141001e+00    8.657336e+00
  254    254     4.312417e-01    8.416081e+00    6.283104e+00    8.724902e+00
  255    255     4.304986e-01    8.605027e+00    6.339234e+00    8.854964e+00
  256    256     4.301326e-01    9.086564e+00    6.457191e+00    9.107901e+00
  257    257     4.295230e-01    8.825074e+00    6.503124e+00    9.049230e+00
  258    258     4.291519e-01    8.898068e+00    6.504414e+00    9.051129e+00
  259    259     4.285815e-01    9.171155e+00    6.604532e+00    9.267785e+00
  260    260     4.282227e-01    9.457365e+00    6.706220e+00    9.447591e+00
  261    261     4.280686e-01    9.508872e+00    6.778434e+00    9.622546e+00
  262    262     4.280099e-01    9.495367e+00    6.826423e+00    9.578011e+00
  263    263     4.279379e-01    9.496346e+00    6.843634e+00    9.543083e+00
  264    264     4.277890e-01    9.502621e+00    6.899722e+00    9.523398e+00
  265    265     4.277601e-01    9.510484e+00    6.893698e+00    9.540055e+00
  266    266     4.276866e-01    9.528595e+00    6.884981e+00    9.574837e+00
  267    267     4.275933e-01    9.542919e+00    6.900536e+00    9.618692e+00
  268    268     4.274641e-01    9.577556e+00    6.991459e+00    1.007446e+01
  269    269     4.271818e-01    9.601736e+00    6.997676e+00    9.664479e+00
  270    270     4.266996e-01    9.621134e+00    7.170778e+00    9.925915e+00
  271    271     4.265952e-01    9.595567e+00    7.397446e+00    1.051420e+01
  272    272     4.262552e-01    9.492784e+00    7.528885e+00    9.752300e+00
  273    273     4.260335e-01    9.513861e+00    7.483411e+00    9.933312e+00
  274    274     4.258507e-01    9.561385e+00    7.672863e+00    1.071716e+01
  275    275     4.256400e-01    9.543135e+00    7.663237e+00    1.042036e+01
  276    276     4.255231e-01    9.511737e+00    7.732898e+00    1.024991e+01
  277    277     4.254434e-01    9.507404e+00    7.780815e+00    1.027186e+01
  278    278     4.250753e-01    9.482801e+00    7.928790e+00    1.054653e+01
  279    279     4.246682e-01    9.484679e+00    8.286228e+00    1.174754e+01
  280    280     4.241333e-01    9.546357e+00    8.302748e+00    1.157173e+01
  281    281     4.238888e-01    7.553808e+00    8.792127e+00    1.441848e+01
  282    282     4.226592e-01    9.775065e+00    8.718816e+00    1.144809e+01
  283    283     4.217875e-01    9.153009e+00    8.844148e+00    1.255062e+01
  284    284     4.216818e-01    7.615971e+00    9.105996e+00    1.410042e+01
  285    285     4.208813e-01    8.529656e+00    9.171913e+00    1.382990e+01
  286    286     4.203353e-01    8.730165e+00    8.973328e+00    1.360242e+01
  287    287     4.191631e-01    7.238976e+00    9.551577e+00    1.353653e+01
  288    288     4.177556e-01    9.004854e+00    8.027396e+00    1.170488e+01
  289    289     4.162392e-01    8.254686e+00    8.218917e+00    1.118878e+01
  290    290     4.159803e-01    7.355802e+00    8.941306e+00    1.167425e+01
  291    291     4.149006e-01    7.985857e+00    8.246326e+00    1.072271e+01
  292    292     4.141481e-01    8.122917e+00    8.077225e+00    1.044528e+01
  293    293     4.135493e-01    8.196631e+00    7.976697e+00    1.015095e+01
  294    294     4.131536e-01    8.498090e+00    7.752042e+00    9.617571e+00
  295    295     4.128394e-01    7.521593e+00    8.235239e+00    9.567579e+00
  296    296     4.118455e-01    8.196859e+00    7.783726e+00    9.739249e+00
  297    297     4.110587e-01    8.547532e+00    7.550455e+00    9.674995e+00
  298    298     4.088224e-01    9.833255e+00    6.832378e+00    9.302635e+00
  299    299     4.081975e-01    8.578724e+00    6.811890e+00    9.966730e+00
  300    300     4.067072e-01    8.043977e+00    6.185972e+00    9.976343e+00
  301    301     4.041712e-01    1.024103e+01    6.119870e+00    7.914453e+00
  302    302     4.007039e-01    9.458747e+00    6.519510e+00    8.222260e+00
  303    303     4.003685e-01    8.687208e+00    6.698098e+00    8.682955e+00
  304    304     4.002319e-01    9.751839e+00    6.248728e+00    8.146519e+00
  305    305     3.993018e-01    9.628382e+00    6.525921e+00    8.239366e+00
  306    306     3.989574e-01    9.461556e+00    6.630774e+00    8.356095e+00
  307    307     3.985510e-01    9.412768e+00    6.857614e+00    8.502890e+00
  308    308     3.984400e-01    9.630613e+00    6.823783e+00    8.546197e+00
  309    309     3.983094e-01    9.585361e+00    6.822830e+00    8.583557e+00
  310    310     3.982645e-01    9.628233e+00    6.811564e+00    8.549712e+00
  311    311     3.982413e-01    9.627357e+00    6.788600e+00    8.563034e+00
  312    312     3.982231e-01    9.638914e+00    6.800678e+00    8.576165e+00
  313    313     3.982000e-01    9.646922e+00    6.820446e+00    8.589123e+00
  314    314     3.981462e-01    9.682612e+00    6.885211e+00    8.613071e+00
  315    315     3.980778e-01    9.724906e+00    6.937609e+00    8.639954e+00
  316    316     3.978132e-01    9.753573e+00    7.202834e+00    9.000882e+00
  317    317     3.977946e-01    1.001477e+01    7.098470e+00    8.653839e+00
  318    318     3.976092e-01    1.000828e+01    7.140861e+00    8.717352e+00
  319    319     3.971193e-01    9.894967e+00    7.277789e+00    9.057164e+00
  320    320     3.971068e-01    9.838096e+00    7.248270e+00    9.064942e+00
  321    321     3.967097e-01    1.010644e+01    7.331085e+00    9.162542e+00
  322    322     3.965342e-01    8.779494e+00    7.577090e+00    1.027693e+01
  323    323     3.954846e-01    9.951230e+00    7.746783e+00    9.477795e+00
  324    324     3.943933e-01    8.629082e+00    8.099067e+00    1.062083e+01
  325    325     3.935775e-01    7.876610e+00    8.752987e+00    1.224508e+01
  326    326     3.923489e-01    8.473584e+00    8.790792e+00    1.152788e+01
  327    327     3.918181e-01    7.546797e+00    8.708561e+00    1.189828e+01
  328    328     3.894359e-01    8.118797e+00    8.660588e+00    1.225984e+01
  329    329     3.893199e-01    7.865869e+00    8.550016e+00    1.179771e+01
  330    330     3.884602e-01    6.575028e+00    9.632851e+00    1.181225e+01
  331    331     3.873910e-01    8.056548e+00    8.218847e+00    1.231242e+01
  332    332     3.859895e-01    8.125148e+00    7.864189e+00    1.078008e+01
  333    333     3.845360e-01    6.882704e+00    8.684380e+00    1.079574e+01
  334    334     3.832629e-01    7.399333e+00    8.184057e+00    1.061917e+01
  335    335     3.819255e-01    7.503280e+00    7.984658e+00    1.051549e+01
  336    336     3.811675e-01    8.544550e+00    7.029602e+00    8.826413e+00
  337    337     3.811333e-01    8.603650e+00    6.984280e+00    8.746247e+00
  338    338     3.810907e-01    7.097924e+00    7.991142e+00    9.651185e+00
  339    339     3.794227e-01    7.767076e+00    7.457066e+00    8.988363e+00
  340    340     3.793195e-01    7.888152e+00    7.404828e+00    9.024993e+00
  341    341     3.786661e-01    8.302715e+00    7.233758e+00    9.100065e+00
  342    342     3.784071e-01    8.482734e+00    7.195506e+00    9.092973e+00
  343    343     3.772101e-01    8.417837e+00    7.281419e+00    9.087007e+00
  344    344     3.767133e-01    8.482562e+00    7.289204e+00    8.902682e+00
  345    345     3.763102e-01    8.566404e+00    7.392273e+00    8.951929e+00
  346    346     3.760780e-01    8.660087e+00    7.456244e+00    8.917932e+00
  347    347     3.756879e-01    8.815603e+00    7.608259e+00    9.146985e+00
  348    348     3.754007e-01    8.751172e+00    7.812804e+00    9.309472e+00
  349    349     3.752170e-01    8.963379e+00    7.917107e+00    9.450253e+00
  350    350     3.750250e-01    9.066476e+00    8.033705e+00    9.334535e+00
  351    351     3.748497e-01    9.133215e+00    8.103453e+00    9.212595e+00
  352    352     3.746720e-01    9.290372e+00    8.153745e+00    9.144582e+00
  353    353     3.744524e-01    9.492149e+00    8.142728e+00    8.959491e+00
  354    354     3.742772e-01    9.922092e+00    8.178022e+00    9.240033e+00
  355    355     3.739951e-01    1.023076e+01    8.096935e+00    8.899662e+00
  356    356     3.739182e-01    1.031392e+01    8.380362e+00    9.518422e+00
  357    357     3.737011e-01    1.033686e+01    8.311449e+00    8.992181e+00
  358    358     3.735564e-01    1.065782e+01    8.353169e+00    9.062629e+00
  359    359     3.734336e-01    1.085843e+01    8.605480e+00    9.495249e+00
  360    360     3.732573e-01    1.093782e+01    8.604266e+00    9.245302e+00
  361    361     3.730350e-01    1.125121e+01    8.738868e+00    9.247372e+00
  362    362     3.728689e-01    1.045866e+01    9.241255e+00    1.021132e+01
  363    363     3.724953e-01    1.160929e+01    9.185095e+00    9.499312e+00
  364    364     3.720878e-01    1.175927e+01    9.292341e+00    9.732719e+00
  365    365     3.717325e-01    9.740040e+00    9.625259e+00    1.077117e+01
  366    366     3.712085e-01    1.029679e+01    9.539847e+00    1.036812e+01
  367    367     3.700146e-01    9.208607e+00    9.867826e+00    1.126507e+01
  368    368     3.690374e-01    7.929567e+00    1.090770e+01    1.370245e+01
  369    369     3.687215e-01    1.028078e+01    9.027541e+00    1.247434e+01
  370    370     3.667889e-01    8.027874e+00    1.050602e+01    1.440937e+01
  371    371     3.651446e-01    7.993199e+00    1.024547e+01    1.158125e+01
  372    372     3.637310e-01    7.941883e+00    9.844869e+00    1.165663e+01
  373    373     3.622709e-01    8.544944e+00    8.732936e+00    1.161446e+01
  374    374     3.618925e-01    7.254845e+00    9.565681e+00    1.210434e+01
  375    375     3.602248e-01    7.785726e+00    8.313757e+00    1.061456e+01
  376    376     3.578348e-01    7.880962e+00    8.171579e+00    1.003499e+01
  377    377     3.576713e-01    6.742586e+00    8.833265e+00    1.023045e+01
  378    378     3.559387e-01    7.931431e+00    7.705582e+00    9.435364e+00
  379    379     3.552695e-01    7.815606e+00    7.610751e+00    9.343317e+00
  380    380     3.547969e-01    7.386377e+00    7.654777e+00    9.285663e+00
  381    381     3.543313e-01    7.780223e+00    7.422100e+00    9.128869e+00
  382    382     3.539626e-01    7.975661e+00    7.308278e+00    8.852686e+00
  383    383     3.533370e-01    8.364594e+00    7.182343e+00    8.698153e+00
  384    384     3.527814e-01    8.621613e+00    7.242801e+00    8.323881e+00
  385    385     3.523228e-01    8.535920e+00    7.499687e+00    8.607227e+00
  386    386     3.519371e-01    8.328015e+00    7.763609e+00    8.704512e+00
  387    387     3.517725e-01    8.469602e+00    7.883525e+00    8.741644e+00
  388    388     3.516892e-01    8.506193e+00    7.935477e+00    8.744115e+00
  389    389     3.515852e-01    8.580582e+00    7.978213e+00    8.712155e+00
  390    390     3.514975e-01    8.634028e+00    8.011075e+00    8.656158e+00
  391    391     3.514245e-01    8.703650e+00    8.022307e+00    8.622873e+00
  392    392     3.513688e-01    8.752477e+00    8.043646e+00    8.587268e+00
  393    393     3.512907e-01    8.899226e+00    8.073647e+00    8.613667e+00
  394    394     3.512119e-01    9.025632e+00    8.165601e+00    8.493637e+00
  395    395     3.512061e-01    9.406101e+00    8.300404e+00    8.721639e+00
  396    396     3.510304e-01    9.323942e+00    8.182981e+00    8.505211e+00
  397    397     3.509318e-01    9.336552e+00    8.257525e+00    8.532555e+00
  398    398     3.507851e-01    9.665438e+00    8.387700e+00    8.624740e+00
  399    399     3.507027e-01    9.939776e+00    8.472110e+00    8.659803e+00
  400    400     3.506400e-01    9.959850e+00    8.494617e+00    8.387178e+00
  401    401     3.505232e-01    1.002226e+01    8.513664e+00    8.575760e+00
  402    402     3.504801e-01    1.012693e+01    8.545860e+00    8.626686e+00
  403    403     3.504072e-01    1.022319e+01    8.677314e+00    8.722139e+00
  404    404     3.503197e-01    1.045388e+01    8.768722e+00    8.756595e+00
  405    405     3.503046e-01    1.058358e+01    9.268152e+00    9.419219e+00
  406    406     3.500318e-01    1.095222e+01    9.486740e+00    8.830417e+00
  407    407     3.494769e-01    1.104779e+01    9.509480e+00    9.188004e+00
  408    408     3.493575e-01    9.688217e+00    9.723801e+00    9.770158e+00
  409    409     3.490063e-01    1.005032e+01    9.701595e+00    9.609751e+00
  410    410     3.482183e-01    9.401095e+00    9.963895e+00    9.953158e+00
  411    411     3.477124e-01    7.823582e+00    1.044438e+01    1.136585e+01
  412    412     3.463838e-01    8.838878e+00    1.090800e+01    1.033070e+01
  413    413     3.450387e-01    8.296434e+00    1.076918e+01    1.151435e+01
  414    414     3.445825e-01    7.448687e+00    1.044825e+01    1.230907e+01
  415    415     3.434443e-01    7.956576e+00    1.058877e+01    1.217404e+01
  416    416     3.425157e-01    8.090166e+00    1.012088e+01    1.228780e+01
  417    417     3.423877e-01    8.764630e+00    9.106462e+00    1.354980e+01
  418    418     3.423182e-01    8.946272e+00    8.998704e+00    1.329893e+01
  419    419     3.393594e-01    7.373259e+00    1.034099e+01    1.192295e+01
  420    420     3.388994e-01    8.105207e+00    9.815532e+00    1.039420e+01
  421    421     3.382079e-01    8.111028e+00    9.749813e+00    1.191201e+01
  422    422     3.356673e-01    8.380722e+00    9.328908e+00    1.109336e+01
  423    423     3.340787e-01    8.077106e+00    9.647584e+00    1.061726e+01
  424    424     3.333194e-01    7.903200e+00    9.858083e+00    1.049683e+01
  425    425     3.329271e-01    7.908094e+00    9.942000e+00    1.096976e+01
  426    426     3.313310e-01    8.892616e+00    8.906783e+00    1.023652e+01
  427    427     3.310802e-01    8.715219e+00    9.185845e+00    1.100677e+01
  428    428     3.303083e-01    8.620252e+00    9.271468e+00    1.059471e+01
  429    429     3.300497e-01    9.017559e+00    9.161763e+00    1.008238e+01
  430    430     3.292821e-01    9.125534e+00    9.142885e+00    1.030774e+01
  431    431     3.287699e-01    9.227621e+00    9.309396e+00    1.042405e+01
  432    432     3.280511e-01    9.552691e+00    9.563350e+00    1.012737e+01
  433    433     3.279106e-01    1.015596e+01    9.774601e+00    1.045068e+01
  434    434     3.274445e-01    9.790457e+00    1.024805e+01    9.790796e+00
  435    435     3.272819e-01    9.948256e+00    1.030234e+01    9.927295e+00
  436    436     3.272018e-01    1.052280e+01    1.022153e+01    9.944101e+00
  437    437     3.270891e-01    1.038580e+01    1.043205e+01    1.006970e+01
  438    438     3.270101e-01    1.046745e+01    1.044525e+01    9.800805e+00
  439    439     3.268210e-01    1.085204e+01    1.084547e+01    1.021039e+01
  440    440     3.266969e-01    1.080201e+01    1.074620e+01    9.936595e+00
  441    441     3.263990e-01    1.120219e+01    1.087622e+01    9.963950e+00
  442    442     3.262628e-01    1.161223e+01    1.109311e+01    1.033757e+01
  443    443     3.258826e-01    1.158882e+01    1.089826e+01    9.807129e+00
  444    444     3.255912e-01    1.181323e+01    1.096671e+01    1.000409e+01
  445    445     3.255822e-01    1.212130e+01    1.096396e+01    1.053022e+01
  446    446     3.253714e-01    1.245063e+01    1.070050e+01    9.828125e+00
  447    447     3.252413e-01    1.226123e+01    1.092601e+01    9.951150e+00
  448    448     3.251638e-01    1.244306e+01    1.097962e+01    1.008332e+01
  449    449     3.250897e-01    1.191811e+01    1.101617e+01    1.024070e+01
  450    450     3.249300e-01    1.182092e+01    1.113317e+01    1.021952e+01
  451    451     3.248895e-01    1.115807e+01    1.126098e+01    1.027199e+01
  452    452     3.248457e-01    1.135158e+01    1.129860e+01    9.916601e+00
  453    453     3.244057e-01    9.767800e+00    1.211713e+01    1.132205e+01
  454    454     3.243700e-01    1.061200e+01    1.217430e+01    1.101532e+01
  455    455     3.236695e-01    1.093724e+01    1.147998e+01    1.051220e+01
  456    456     3.229490e-01    1.038476e+01    1.173063e+01    1.100095e+01
  457    457     3.224394e-01    8.155805e+00    1.216473e+01    1.383045e+01
  458    458     3.211702e-01    9.769381e+00    1.212720e+01    1.239627e+01
  459    459     3.199628e-01    9.615809e+00    1.189680e+01    1.328180e+01
  460    460     3.197278e-01    7.906015e+00    1.324639e+01    1.365803e+01
  461    461     3.182301e-01    9.400393e+00    1.150972e+01    1.225178e+01
  462    462     3.177260e-01    8.949287e+00    1.186368e+01    1.191445e+01
  463    463     3.166782e-01    8.722786e+00    1.189036e+01    1.228758e+01
  464    464     3.159473e-01    8.214437e+00    1.201157e+01    1.137948e+01
  465    465     3.152857e-01    9.204265e+00    1.075553e+01    1.086998e+01
  466    466     3.148639e-01    8.961551e+00    1.095935e+01    1.105194e+01
  467    467     3.142422e-01    8.894016e+00    1.087896e+01    1.046200e+01
  468    468     3.137202e-01    8.745232e+00    1.086647e+01    1.028580e+01
  469    469     3.130506e-01    8.561407e+00    1.083754e+01    1.027910e+01
  470    470     3.123811e-01    9.276654e+00    9.884898e+00    9.859695e+00
  471    471     3.117588e-01    9.012529e+00    9.951041e+00    9.811944e+00
  472    472     3.110227e-01    9.036519e+00    9.662530e+00    9.295112e+00
  473    473     3.107138e-01    8.956916e+00    9.673807e+00    9.386059e+00
  474    474     3.105525e-01    9.310561e+00    9.287950e+00    8.978080e+00
  475    475     3.103613e-01    9.136150e+00    9.497962e+00    9.160129e+00
  476    476     3.102903e-01    9.157757e+00    9.561598e+00    9.233092e+00
  477    477     3.101958e-01    9.063115e+00    9.765133e+00    9.333448e+00
  478    478     3.101331e-01    9.171465e+00    9.785598e+00    9.329806e+00
  479    479     3.100781e-01    9.200744e+00    9.816379e+00    9.273132e+00
  480    480     3.099938e-01    9.276268e+00    9.870164e+00    9.243620e+00
  481    481     3.098690e-01    9.402087e+00    1.001702e+01    9.195976e+00
  482    482     3.097171e-01    9.598076e+00    1.025096e+01    9.280167e+00
  483    483     3.095863e-01    9.811163e+00    1.056846e+01    9.279335e+00
  484    484     3.095171e-01    9.923355e+00    1.069840e+01    9.377581e+00
  485    485     3.094284e-01    1.002017e+01    1.080645e+01    9.283027e+00
  486    486     3.093379e-01    1.019487e+01    1.089904e+01    9.384821e+00
  487    487     3.092061e-01    1.028202e+01    1.073828e+01    9.287917e+00
  488    488     3.090837e-01    1.055849e+01    1.068087e+01    9.304102e+00
  489    489     3.090027e-01    1.072559e+01    1.061340e+01    9.082876e+00
  490    490     3.089739e-01    1.137410e+01    1.088333e+01    9.529332e+00
  491    491     3.088157e-01    1.096478e+01    1.089948e+01    9.232280e+00
  492    492     3.086034e-01    1.118556e+01    1.108348e+01    9.328076e+00
  493    493     3.081160e-01    1.194899e+01    1.149088e+01    9.876073e+00
  494    494     3.073778e-01    1.261090e+01    1.126496e+01    9.643075e+00
  495    495     3.058852e-01    1.264315e+01    1.232164e+01    1.015640e+01
  496    496     3.055439e-01    1.164480e+01    1.239047e+01    1.061104e+01
  497    497     3.046088e-01    1.369000e+01    1.256535e+01    1.053340e+01
  498    498     3.042925e-01    1.238648e+01    1.245400e+01    1.112581e+01
  499    499     3.042440e-01    1.216128e+01    1.242688e+01    1.126230e+01
  500    500     3.041228e-01    1.263175e+01    1.246001e+01    1.120085e+01
  501    501     3.033787e-01    1.193079e+01    1.277052e+01    1.114860e+01
  502    502     3.031307e-01    1.214969e+01    1.312342e+01    1.149257e+01
  503    503     3.028920e-01    1.194180e+01    1.343213e+01    1.199410e+01
  504    504     3.021144e-01    1.154670e+01    1.443549e+01    1.334430e+01
  505    505     3.016647e-01    1.068549e+01    1.544405e+01    1.437051e+01
  506    506     3.015214e-01    1.152839e+01    1.512747e+01    1.321551e+01
  507    507     3.014804e-01    9.518555e+00    1.656830e+01    1.340337e+01
  508    508     3.003302e-01    1.031482e+01    1.599925e+01    1.261923e+01
  509    509     2.996428e-01    1.083264e+01    1.463308e+01    1.329507e+01
  510    510     2.982723e-01    9.253091e+00    1.556233e+01    1.296711e+01
  511    511     2.970544e-01    9.162549e+00    1.487721e+01    1.257524e+01
  512    512     2.963988e-01    1.000203e+01    1.232926e+01    1.119440e+01
  513    513     2.956980e-01    8.666606e+00    1.329252e+01    1.098481e+01
  514    514     2.949370e-01    9.040408e+00    1.293973e+01    1.141946e+01
  515    515     2.944291e-01    9.201760e+00    1.227206e+01    1.112638e+01
  516    516     2.943006e-01    8.331787e+00    1.245457e+01    1.092768e+01
  517    517     2.936143e-01    9.557428e+00    1.093280e+01    1.010311e+01
  518    518     2.933353e-01    9.334216e+00    1.127629e+01    1.035944e+01
  519    519     2.931590e-01    9.084695e+00    1.152833e+01    1.038349e+01
  520    520     2.929531e-01    9.172101e+00    1.158744e+01    1.033964e+01
  521    521     2.924670e-01    9.752578e+00    1.170540e+01    1.004615e+01
  522    522     2.922527e-01    9.726361e+00    1.183057e+01    1.002572e+01
  523    523     2.915640e-01    9.844823e+00    1.242108e+01    9.952479e+00
  524    524     2.914277e-01    1.029574e+01    1.226984e+01    9.527697e+00
  525    525     2.912997e-01    1.106910e+01    1.237986e+01    9.901128e+00
  526    526     2.910875e-01    1.036509e+01    1.283926e+01    9.887526e+00
  527    527     2.910013e-01    1.058898e+01    1.285337e+01    9.840099e+00
  528    528     2.909748e-01    1.127481e+01    1.323132e+01    1.013049e+01
  529    529     2.908020e-01    1.125105e+01    1.291999e+01    9.688910e+00
  530    530     2.906820e-01    1.122239e+01    1.312759e+01    9.788284e+00
  531    531     2.906138e-01    1.149563e+01    1.363118e+01    1.025530e+01
  532    532     2.904801e-01    1.126698e+01    1.345614e+01    9.910188e+00
  533    533     2.903711e-01    1.144685e+01    1.352902e+01    9.951564e+00
  534    534     2.902420e-01    1.213279e+01    1.388605e+01    1.047634e+01
  535    535     2.900440e-01    1.213402e+01    1.362614e+01    1.002712e+01
  536    536     2.898074e-01    1.249351e+01    1.379489e+01    1.015278e+01
  537    537     2.896084e-01    1.243629e+01    1.413817e+01    1.075616e+01
  538    538     2.892659e-01    1.279518e+01    1.435222e+01    1.064568e+01
  539    539     2.887495e-01    1.061507e+01    1.474855e+01    1.158300e+01
  540    540     2.883330e-01    1.125666e+01    1.410118e+01    1.074908e+01
  541    541     2.870017e-01    1.010366e+01    1.541974e+01    1.238622e+01
  542    542     2.863856e-01    9.437626e+00    1.707884e+01    1.392755e+01
  543    543     2.863464e-01    1.060135e+01    1.437049e+01    1.322900e+01
  544    544     2.842330e-01    8.676764e+00    1.660726e+01    1.310563e+01
  545    545     2.838151e-01    9.622385e+00    1.494442e+01    1.274490e+01
  546    546     2.828265e-01    8.939660e+00    1.532412e+01    1.237359e+01
  547    547     2.824175e-01    8.259983e+00    1.551489e+01    1.171988e+01
  548    548     2.816193e-01    9.717126e+00    1.305725e+01    1.105716e+01
  549    549     2.809899e-01    9.532533e+00    1.362554e+01    1.135797e+01
  550    550     2.802563e-01    9.073399e+00    1.402182e+01    1.088676e+01
  551    551     2.800899e-01    8.712480e+00    1.447403e+01    1.123667e+01
  552    552     2.793007e-01    9.533173e+00    1.306048e+01    1.039975e+01
  553    553     2.788866e-01    9.441088e+00    1.340770e+01    1.012347e+01
  554    554     2.785597e-01    9.476283e+00    1.344912e+01    1.024520e+01
  555    555     2.783198e-01    9.656278e+00    1.312352e+01    1.001367e+01
  556    556     2.781509e-01    9.753592e+00    1.310048e+01    9.880766e+00
  557    557     2.780696e-01    9.770086e+00    1.334651e+01    9.755146e+00
  558    558     2.780280e-01    1.005029e+01    1.298841e+01    9.372674e+00
  559    559     2.779264e-01    1.001826e+01    1.308613e+01    9.549156e+00
  560    560     2.778999e-01    1.006037e+01    1.317951e+01    9.590927e+00
  561    561     2.778736e-01    1.010564e+01    1.320030e+01    9.539260e+00
  562    562     2.778502e-01    1.025803e+01    1.317703e+01    9.368293e+00
  563    563     2.778124e-01    1.048502e+01    1.323159e+01    9.432293e+00
  564    564     2.777816e-01    1.037125e+01    1.344606e+01    9.441333e+00
  565    565     2.777229e-01    1.045353e+01    1.359684e+01    9.438150e+00
  566    566     2.776121e-01    1.084375e+01    1.430858e+01    9.695492e+00
  567    567     2.775230e-01    1.145708e+01    1.481065e+01    9.701925e+00
  568    568     2.774703e-01    1.100498e+01    1.440269e+01    9.414331e+00
  569    569     2.773407e-01    1.122941e+01    1.471493e+01    9.661488e+00
  570    570     2.772845e-01    1.154841e+01    1.520666e+01    9.837149e+00
  571    571     2.772231e-01    1.156381e+01    1.529180e+01    9.692383e+00
  572    572     2.771618e-01    1.160234e+01    1.549471e+01    9.723656e+00
  573    573     2.770729e-01    1.195353e+01    1.628672e+01    9.939586e+00
  574    574     2.770217e-01    1.195980e+01    1.683486e+01    9.999522e+00
  575    575     2.769783e-01    1.218042e+01    1.738843e+01    1.012420e+01
  576    576     2.769636e-01    1.211448e+01    1.762348e+01    1.012043e+01
  577    577     2.769507e-01    1.223289e+01    1.787643e+01    1.020837e+01
  578    578     2.769262e-01    1.238343e+01    1.786367e+01    1.021170e+01
  579    579     2.768581e-01    1.268879e+01    1.804665e+01    1.034614e+01
  580    580     2.767273e-01    1.312078e+01    1.813481e+01    1.052791e+01
  581    581     2.765500e-01    1.303295e+01    1.798110e+01    1.049741e+01
  582    582     2.764428e-01    1.165558e+01    1.836405e+01    1.104679e+01
  583    583     2.760440e-01    1.141414e+01    1.853787e+01    1.105690e+01
  584    584     2.754359e-01    1.058306e+01    1.992343e+01    1.203576e+01
  585    585     2.753551e-01    1.147194e+01    2.020315e+01    1.155704e+01
  586    586     2.748971e-01    1.028182e+01    2.086880e+01    1.232325e+01
  587    587     2.744945e-01    9.766362e+00    2.185225e+01    1.325333e+01
  588    588     2.739099e-01    1.050190e+01    2.062613e+01    1.362695e+01
  589    589     2.736205e-01    8.926259e+00    2.518708e+01    1.361203e+01
  590    590     2.728822e-01    1.009929e+01    2.073744e+01    1.309579e+01
  591    591     2.723954e-01    9.821180e+00    2.072568e+01    1.266200e+01
  592    592     2.720089e-01    8.952972e+00    2.311519e+01    1.245246e+01
  593    593     2.714964e-01    9.544648e+00    2.018045e+01    1.189338e+01
  594    594     2.710319e-01    9.603110e+00    1.925877e+01    1.148835e+01
  595    595     2.708484e-01    8.961499e+00    2.035856e+01    1.123252e+01
  596    596     2.705473e-01    9.767737e+00    1.791196e+01    1.097948e+01
  597    597     2.705126e-01    9.660553e+00    1.732687e+01    1.055108e+01
  598    598     2.703009e-01    9.395813e+00    1.796768e+01    1.061650e+01
  599    599     2.702595e-01    9.599051e+00    1.734489e+01    1.054343e+01
  600    600     2.702356e-01    9.590219e+00    1.713104e+01    1.039095e+01
  601    601     2.702325e-01    9.576587e+00    1.697359e+01    1.034310e+01
  602    602     2.702308e-01    9.595690e+00    1.693045e+01    1.030261e+01
  603    603     2.702305e-01    9.591163e+00    1.696034e+01    1.031702e+01
  604    604     2.702304e-01    9.591877e+00    1.695132e+01    1.031651e+01
  605    605     2.702304e-01    9.591475e+00    1.694995e+01    1.031459e+01
  606    606     2.702304e-01    9.591459e+00    1.694989e+01    1.031437e+01
  607    607     2.702304e-01    9.591335e+00    1.694990e+01    1.031424e+01
  608    608     2.702304e-01    9.591313e+00    1.694996e+01    1.031424e+01
  609    609     2.702304e-01    9.591313e+00    1.694996e+01    1.031424e+01
  610    610     2.702304e-01    9.591313e+00    1.694996e+01    1.031424e+01
  611    611     2.702304e-01    9.591313e+00    1.694996e+01    1.031424e+01
  612    612     2.702304e-01    9.591313e+00    1.694996e+01    1.031424e+01
  613    613     2.702304e-01    9.591399e+00    1.694963e+01    1.031420e+01
  614    614     2.702304e-01    9.591401e+00    1.694961e+01    1.031421e+01
  615    615     2.702304e-01    9.591362e+00    1.694966e+01    1.031420e+01
  616    616     2.702304e-01    9.591324e+00    1.694982e+01    1.031423e+01
  617    617     2.702304e-01    9.591343e+00    1.694973e+01    1.031423e+01
  618    618     2.702304e-01    9.591343e+00    1.694973e+01    1.031423e+01
  619    619     2.702304e-01    9.591343e+00    1.694973e+01    1.031423e+01
  620    620     2.702304e-01    9.591343e+00    1.694973e+01    1.031423e+01
  621    621     2.702304e-01    9.591343e+00    1.694973e+01    1.031423e+01
  622    622     2.702304e-01    9.591368e+00    1.694964e+01    1.031421e+01
  623    623     2.702304e-01    9.591299e+00    1.694995e+01    1.031425e+01
  624    624     2.702304e-01    9.591285e+00    1.694998e+01    1.031424e+01
  625    625     2.702304e-01    9.591314e+00    1.694992e+01    1.031425e+01
  626    626     2.702304e-01    9.591314e+00    1.694992e+01    1.031425e+01
  627    627     2.702304e-01    9.591314e+00    1.694992e+01    1.031425e+01
  628    628     2.702304e-01    9.591314e+00    1.694992e+01    1.031425e+01
  629    629     2.702304e-01    9.591314e+00    1.694992e+01    1.031425e+01
  630    630     2.702304e-01    9.591314e+00    1.694992e+01    1.031425e+01
  631    631     2.702304e-01    9.591314e+00    1.694992e+01    1.031425e+01
