    0      0     4.341302e-01    2.731365e+01    2.371421e+00    3.202405e+01
    1      1     4.341302e-01    2.731365e+01    2.371421e+00    3.202405e+01
    2      2     3.993426e-01    5.037885e+00    1.005786e+01    7.949527e+00
    3      3     1.923251e-01    1.096152e+01    1.284409e+01    1.297958e+01
    4      4     1.801371e-01    1.358331e+01    1.550705e+01    1.607079e+01
    5      5     1.567953e-01    1.819487e+01    1.778705e+01    2.483404e+01
    6      6     1.434613e-01    2.384306e+01    1.898754e+01    2.922501e+01
    7      7     1.371071e-01    2.410380e+01    2.027467e+01    3.026408e+01
    8      8     1.295962e-01    1.922556e+01    2.750829e+01    3.706933e+01
    9      9     1.284234e-01    1.862679e+01    3.211211e+01    3.317993e+01
   10     10     1.276869e-01    2.183140e+01    2.871153e+01    3.547631e+01
   11     11     1.253817e-01    3.050650e+01    2.368077e+01    4.379092e+01
   12     12     1.134134e-01    4.190066e+01    1.531605e+01    5.021088e+01
   13     13     1.054586e-01    3.852794e+01    1.398746e+01    6.329081e+01
   14     14     1.033617e-01    2.710081e+01    2.137379e+01    4.531559e+01
   15     15     1.004908e-01    2.368720e+01    2.526551e+01    4.030437e+01
   16     16     9.943825e-02    2.255704e+01    3.440220e+01    3.497789e+01
   17     17     9.368810e-02    2.112965e+01    4.580338e+01    3.136452e+01
   18     18     8.205836e-02    4.551963e+01    5.433022e+01    5.767199e+01
   19     19     7.818505e-02    4.097942e+01    6.003637e+01    4.904970e+01
   20     20     7.780331e-02    4.861384e+01    5.271415e+01    5.448551e+01
   21     21     7.266934e-02    4.240064e+01    5.327660e+01    5.062683e+01
   22     22     6.369323e-02    4.845289e+01    5.823886e+01    6.274627e+01
   23     23     6.137611e-02    6.235452e+01    6.445270e+01    6.573623e+01
   24     24     5.499466e-02    6.477431e+01    7.929253e+01    7.944633e+01
   25     25     5.291089e-02    7.487601e+01    7.395584e+01    8.782554e+01
   26     26     4.869143e-02    7.562388e+01    7.959410e+01    8.712124e+01
   27     27     4.668039e-02    7.994017e+01    9.225656e+01    1.040381e+02
   28     28     4.525648e-02    7.407839e+01    8.007613e+01    8.163119e+01
   29     29     4.504940e-02    7.859571e+01    1.075870e+02    9.174914e+01
   30     30     4.235678e-02    7.460116e+01    1.142634e+02    9.324328e+01
   31     31     3.823908e-02    9.442030e+01    1.164899e+02    1.240128e+02
   32     32     3.821119e-02    9.010649e+01    1.380524e+02    1.135839e+02
   33     33     3.636223e-02    1.027250e+02    1.070399e+02    1.286741e+02
   34     34     3.510810e-02    1.116049e+02    1.310703e+02    1.623863e+02
   35     35     3.408375e-02    1.327104e+02    1.366096e+02    1.530317e+02
   36     36     3.200988e-02    1.139777e+02    1.405663e+02    1.447709e+02
   37     37     3.102469e-02    1.104704e+02    1.426949e+02    1.395652e+02
   38     38     3.004162e-02    1.217822e+02    1.467395e+02    1.537982e+02
   39     39     2.873234e-02    1.302492e+02    1.542386e+02    1.630622e+02
   40     40     2.825815e-02    1.068261e+02    1.696466e+02    1.337283e+02
   41     41     2.817586e-02    1.190316e+02    1.640242e+02    1.472388e+02
   42     42     2.712912e-02    9.963715e+01    1.904398e+02    1.276395e+02
   43     43     2.630331e-02    1.102046e+02    1.399074e+02    1.404341e+02
   44     44     2.539478e-02    1.581551e+02    1.597690e+02    1.849936e+02
   45     45     2.482666e-02    1.494244e+02    1.819548e+02    2.177539e+02
   46     46     2.327964e-02    1.757990e+02    1.908801e+02    2.239952e+02
   47     47     2.291180e-02    1.450542e+02    2.258084e+02    1.922751e+02
   48     48     2.221242e-02    1.776009e+02    2.407141e+02    2.420047e+02
   49     49     2.142189e-02    2.100690e+02    2.167586e+02    2.793543e+02
   50     50     2.089709e-02    2.074844e+02    2.431622e+02    2.719363e+02
   51     51     2.049881e-02    2.426200e+02    2.604625e+02    3.344522e+02
   52     52     2.045538e-02    2.057585e+02    2.513128e+02    2.835895e+02
   53     53     2.029832e-02    1.709334e+02    2.792346e+02    2.298624e+02
   54     54     2.010396e-02    1.981947e+02    2.849068e+02    2.715070e+02
   55     55     2.006504e-02    2.394229e+02    2.916251e+02    3.134167e+02
   56     56     2.002851e-02    2.171841e+02    2.731920e+02    2.925607e+02
   57     57     1.977628e-02    1.979672e+02    2.740786e+02    2.694706e+02
   58     58     1.971434e-02    1.773051e+02    3.092376e+02    2.386170e+02
   59     59     1.953078e-02    2.271511e+02    3.329264e+02    3.073817e+02
   60     60     1.933541e-02    2.367285e+02    3.225824e+02    3.271479e+02
   61     61     1.916605e-02    1.886783e+02    3.054702e+02    2.572550e+02
   62     62     1.903972e-02    1.811001e+02    2.560155e+02    2.501686e+02
   63     63     1.890868e-02    1.960746e+02    2.669591e+02    2.826941e+02
   64     64     1.873874e-02    2.219620e+02    3.204522e+02    2.952302e+02
   65     65     1.852950e-02    2.189002e+02    2.789202e+02    2.924415e+02
   66     66     1.826054e-02    2.104287e+02    2.357136e+02    2.754704e+02
   67     67     1.807142e-02    2.075936e+02    2.778109e+02    2.943768e+02
   68     68     1.791674e-02    2.052364e+02    3.167136e+02    2.695736e+02
   69     69     1.773918e-02    2.087172e+02    3.238684e+02    2.739024e+02
   70     70     1.750852e-02    2.175241e+02    2.803279e+02    3.001152e+02
   71     71     1.740777e-02    2.138241e+02    3.006918e+02    2.343756e+02
   72     72     1.729368e-02    2.037782e+02    3.132865e+02    2.553087e+02
   73     73     1.719894e-02    2.128421e+02    3.182516e+02    2.593932e+02
   74     74     1.717767e-02    2.108765e+02    3.059348e+02    2.455437e+02
   75     75     1.717228e-02    2.112232e+02    3.050728e+02    2.611758e+02
   76     76     1.712716e-02    2.129626e+02    3.185444e+02    2.412122e+02
   77     77     1.710839e-02    2.104634e+02    3.173403e+02    2.453260e+02
   78     78     1.708652e-02    2.120417e+02    3.092423e+02    2.433160e+02
   79     79     1.704318e-02    2.130215e+02    3.061049e+02    2.412623e+02
   80     80     1.700558e-02    2.140765e+02    3.107557e+02    2.463518e+02
   81     81     1.693912e-02    2.124894e+02    3.115990e+02    2.399172e+02
   82     82     1.688171e-02    2.097298e+02    3.198415e+02    2.458344e+02
   83     83     1.684310e-02    2.070811e+02    3.192572e+02    2.425504e+02
   84     84     1.683784e-02    2.063667e+02    3.188362e+02    2.347508e+02
   85     85     1.682113e-02    2.051216e+02    3.144234e+02    2.549739e+02
   86     86     1.680474e-02    2.060835e+02    3.175654e+02    2.405379e+02
   87     87     1.679062e-02    2.066214e+02    3.162562e+02    2.385511e+02
   88     88     1.677442e-02    2.067835e+02    3.170240e+02    2.423192e+02
   89     89     1.676770e-02    2.070356e+02    3.177338e+02    2.414296e+02
   90     90     1.676347e-02    2.074444e+02    3.175135e+02    2.471379e+02
   91     91     1.675939e-02    2.078062e+02    3.156656e+02    2.437903e+02
   92     92     1.675914e-02    2.073622e+02    3.161373e+02    2.477262e+02
   93     93     1.675761e-02    2.066885e+02    3.160215e+02    2.438631e+02
   94     94     1.675727e-02    2.067953e+02    3.160688e+02    2.452612e+02
   95     95     1.675688e-02    2.066477e+02    3.163136e+02    2.457909e+02
   96     96     1.675620e-02    2.064761e+02    3.167064e+02    2.460405e+02
   97     97     1.675505e-02    2.063316e+02    3.171310e+02    2.475386e+02
   98     98     1.675420e-02    2.055859e+02    3.179521e+02    2.503806e+02
   99     99     1.675370e-02    2.059344e+02    3.172091e+02    2.501551e+02
  100    100     1.675287e-02    2.065329e+02    3.166569e+02    2.501855e+02
  101    101     1.675226e-02    2.069060e+02    3.162757e+02    2.502072e+02
  102    102     1.675077e-02    2.074425e+02    3.162658e+02    2.520406e+02
  103    103     1.674973e-02    2.076601e+02    3.161623e+02    2.539648e+02
  104    104     1.674917e-02    2.071890e+02    3.167167e+02    2.565696e+02
  105    105     1.674894e-02    2.070985e+02    3.167049e+02    2.559893e+02
  106    106     1.674861e-02    2.069629e+02    3.162549e+02    2.561151e+02
  107    107     1.674829e-02    2.069205e+02    3.167062e+02    2.552978e+02
  108    108     1.674808e-02    2.072664e+02    3.161520e+02    2.553144e+02
  109    109     1.674795e-02    2.075889e+02    3.161753e+02    2.550755e+02
  110    110     1.674789e-02    2.077287e+02    3.160171e+02    2.548743e+02
  111    111     1.674777e-02    2.079325e+02    3.160532e+02    2.547397e+02
  112    112     1.674771e-02    2.078212e+02    3.160509e+02    2.545740e+02
  113    113     1.674762e-02    2.075841e+02    3.161118e+02    2.542759e+02
  114    114     1.674754e-02    2.074456e+02    3.162902e+02    2.542009e+02
  115    115     1.674739e-02    2.073435e+02    3.164964e+02    2.540268e+02
  116    116     1.674717e-02    2.073457e+02    3.167195e+02    2.536210e+02
  117    117     1.674666e-02    2.074354e+02    3.169881e+02    2.522254e+02
  118    118     1.674640e-02    2.074295e+02    3.168509e+02    2.519324e+02
  119    119     1.674584e-02    2.073492e+02    3.166400e+02    2.519191e+02
  120    120     1.674563e-02    2.073601e+02    3.162469e+02    2.525498e+02
  121    121     1.674542e-02    2.074161e+02    3.162713e+02    2.534441e+02
  122    122     1.674538e-02    2.074840e+02    3.163599e+02    2.535414e+02
  123    123     1.674535e-02    2.074725e+02    3.163942e+02    2.533671e+02
  124    124     1.674532e-02    2.074516e+02    3.164701e+02    2.531876e+02
  125    125     1.674527e-02    2.074535e+02    3.164854e+02    2.528876e+02
  126    126     1.674524e-02    2.074140e+02    3.164569e+02    2.528437e+02
  127    127     1.674521e-02    2.073682e+02    3.163754e+02    2.529447e+02
  128    128     1.674520e-02    2.073689e+02    3.164080e+02    2.530260e+02
  129    129     1.674517e-02    2.073906e+02    3.164741e+02    2.532423e+02
  130    130     1.674514e-02    2.073990e+02    3.165381e+02    2.533085e+02
  131    131     1.674501e-02    2.074478e+02    3.168169e+02    2.536399e+02
  132    132     1.674483e-02    2.075397e+02    3.170264e+02    2.536669e+02
  133    133     1.674436e-02    2.076092e+02    3.173227e+02    2.535600e+02
  134    134     1.674371e-02    2.077483e+02    3.174908e+02    2.531992e+02
  135    135     1.674323e-02    2.076824e+02    3.170529e+02    2.531509e+02
  136    136     1.674231e-02    2.072861e+02    3.158472e+02    2.537035e+02
  137    137     1.674211e-02    2.074122e+02    3.161627e+02    2.535926e+02
  138    138     1.674192e-02    2.075136e+02    3.165662e+02    2.535146e+02
  139    139     1.674163e-02    2.075977e+02    3.176275e+02    2.537597e+02
  140    140     1.674134e-02    2.076213e+02    3.173183e+02    2.538670e+02
  141    141     1.674053e-02    2.074703e+02    3.167102e+02    2.537790e+02
  142    142     1.674001e-02    2.077570e+02    3.161770e+02    2.537126e+02
  143    143     1.673952e-02    2.078335e+02    3.161491e+02    2.533989e+02
  144    144     1.673942e-02    2.076503e+02    3.165135e+02    2.531809e+02
  145    145     1.673935e-02    2.075793e+02    3.168551e+02    2.531122e+02
  146    146     1.673928e-02    2.075068e+02    3.170645e+02    2.528855e+02
  147    147     1.673925e-02    2.075332e+02    3.168608e+02    2.530794e+02
  148    148     1.673919e-02    2.076174e+02    3.163608e+02    2.534806e+02
  149    149     1.673915e-02    2.076337e+02    3.162379e+02    2.536121e+02
  150    150     1.673897e-02    2.077762e+02    3.158008e+02    2.544721e+02
  151    151     1.673881e-02    2.077668e+02    3.158936e+02    2.546831e+02
  152    152     1.673812e-02    2.074661e+02    3.163965e+02    2.545230e+02
  153    153     1.673739e-02    2.074869e+02    3.164374e+02    2.536947e+02
  154    154     1.673666e-02    2.075645e+02    3.164098e+02    2.531479e+02
  155    155     1.673641e-02    2.075799e+02    3.163395e+02    2.530997e+02
  156    156     1.673598e-02    2.077170e+02    3.162704e+02    2.528815e+02
  157    157     1.673546e-02    2.077913e+02    3.163329e+02    2.528636e+02
  158    158     1.673433e-02    2.078073e+02    3.167125e+02    2.530392e+02
  159    159     1.673404e-02    2.077274e+02    3.169115e+02    2.533037e+02
  160    160     1.673373e-02    2.075983e+02    3.169147e+02    2.535226e+02
  161    161     1.673368e-02    2.076399e+02    3.167963e+02    2.535869e+02
  162    162     1.673348e-02    2.077785e+02    3.165064e+02    2.533272e+02
  163    163     1.673332e-02    2.077899e+02    3.164453e+02    2.533598e+02
  164    164     1.673275e-02    2.077290e+02    3.163281e+02    2.534124e+02
  165    165     1.673213e-02    2.077382e+02    3.167575e+02    2.536060e+02
  166    166     1.673187e-02    2.076323e+02    3.169257e+02    2.531878e+02
  167    167     1.673182e-02    2.076957e+02    3.168715e+02    2.530676e+02
  168    168     1.673182e-02    2.076957e+02    3.168715e+02    2.530676e+02
  169    169     1.673182e-02    2.076957e+02    3.168715e+02    2.530676e+02
  170    170     1.673182e-02    2.076957e+02    3.168715e+02    2.530676e+02
  171    171     1.673182e-02    2.076957e+02    3.168715e+02    2.530676e+02
  172    172     1.673182e-02    2.077292e+02    3.168751e+02    2.530791e+02
  173    173     1.673182e-02    2.077360e+02    3.168811e+02    2.530823e+02
  174    174     1.673182e-02    2.077284e+02    3.168780e+02    2.531062e+02
  175    175     1.673182e-02    2.077032e+02    3.168724e+02    2.531843e+02
  176    176     1.673182e-02    2.077025e+02    3.168650e+02    2.531977e+02
  177    177     1.673182e-02    2.077024e+02    3.168439e+02    2.532277e+02
  178    178     1.673182e-02    2.076713e+02    3.167968e+02    2.532073e+02
  179    179     1.673182e-02    2.076416e+02    3.167639e+02    2.531818e+02
  180    180     1.673182e-02    2.076282e+02    3.167379e+02    2.531568e+02
  181    181     1.673182e-02    2.076249e+02    3.167176e+02    2.531537e+02
  182    182     1.673182e-02    2.076630e+02    3.167153e+02    2.531694e+02
  183    183     1.673182e-02    2.076622e+02    3.167346e+02    2.532028e+02
  184    184     1.673182e-02    2.076723e+02    3.168021e+02    2.532111e+02
  185    185     1.673182e-02    2.076546e+02    3.168896e+02    2.531579e+02
  186    186     1.673182e-02    2.077022e+02    3.168064e+02    2.531208e+02
  187    187     1.673182e-02    2.076997e+02    3.168153e+02    2.531167e+02
  188    188     1.673182e-02    2.077345e+02    3.168384e+02    2.531302e+02
  189    189     1.673182e-02    2.076515e+02    3.168541e+02    2.531413e+02
  190    190     1.673182e-02    2.076644e+02    3.168750e+02    2.531060e+02
  191    191     1.673182e-02    2.076336e+02    3.168559e+02    2.531320e+02
  192    192     1.673182e-02    2.076870e+02    3.168444e+02    2.531431e+02
  193    193     1.673182e-02    2.076841e+02    3.168647e+02    2.532022e+02
  194    194     1.673182e-02    2.077000e+02    3.167745e+02    2.531567e+02
  195    195     1.673182e-02    2.077508e+02    3.167992e+02    2.531620e+02
  196    196     1.673182e-02    2.076927e+02    3.169413e+02    2.531830e+02
  197    197     1.673182e-02    2.076786e+02    3.168069e+02    2.531673e+02
  198    198     1.673182e-02    2.076269e+02    3.169597e+02    2.531609e+02
  199    199     1.673182e-02    2.076652e+02    3.168127e+02    2.531954e+02
  200    200     1.673182e-02    2.076620e+02    3.168913e+02    2.531775e+02
  201    201     1.673182e-02    2.077113e+02    3.168114e+02    2.531879e+02
  202    202     1.673182e-02    2.076795e+02    3.168896e+02    2.531734e+02
  203    203     1.673181e-02    2.076746e+02    3.168553e+02    2.531687e+02
  204    204     1.673181e-02    2.076696e+02    3.168089e+02    2.531896e+02
  205    205     1.673181e-02    2.076870e+02    3.168239e+02    2.531686e+02
  206    206     1.673181e-02    2.076928e+02    3.168960e+02    2.531340e+02
  207    207     1.673181e-02    2.076828e+02    3.168872e+02    2.531062e+02
  208    208     1.673181e-02    2.076832e+02    3.167892e+02    2.531210e+02
  209    209     1.673181e-02    2.076765e+02    3.168138e+02    2.531039e+02
  210    210     1.673181e-02    2.076866e+02    3.168826e+02    2.530627e+02
  211    211     1.673181e-02    2.076915e+02    3.168909e+02    2.530374e+02
  212    212     1.673181e-02    2.076874e+02    3.168332e+02    2.529993e+02
  213    213     1.673181e-02    2.076891e+02    3.168458e+02    2.530073e+02
  214    214     1.673181e-02    2.076860e+02    3.168377e+02    2.530437e+02
  215    215     1.673181e-02    2.076814e+02    3.168403e+02    2.530627e+02
  216    216     1.673181e-02    2.076860e+02    3.168574e+02    2.530449e+02
  217    217     1.673181e-02    2.076924e+02    3.168470e+02    2.530468e+02
  218    218     1.673181e-02    2.076883e+02    3.168307e+02    2.530594e+02
  219    219     1.673181e-02    2.076868e+02    3.168519e+02    2.530613e+02
  220    220     1.673181e-02    2.076885e+02    3.168491e+02    2.531078e+02
  221    221     1.673181e-02    2.076913e+02    3.168608e+02    2.533830e+02
  222    222     1.673180e-02    2.076692e+02    3.168262e+02    2.532845e+02
  223    223     1.673180e-02    2.077059e+02    3.168126e+02    2.531181e+02
  224    224     1.673180e-02    2.076956e+02    3.168267e+02    2.531489e+02
  225    225     1.673178e-02    2.076172e+02    3.169004e+02    2.532644e+02
  226    226     1.673178e-02    2.076537e+02    3.168686e+02    2.531519e+02
  227    227     1.673177e-02    2.076874e+02    3.168885e+02    2.530662e+02
  228    228     1.673177e-02    2.077555e+02    3.168597e+02    2.529717e+02
  229    229     1.673177e-02    2.077262e+02    3.168273e+02    2.529644e+02
  230    230     1.673176e-02    2.076366e+02    3.166614e+02    2.528861e+02
  231    231     1.673175e-02    2.076894e+02    3.167315e+02    2.529459e+02
  232    232     1.673169e-02    2.077892e+02    3.170478e+02    2.529890e+02
  233    233     1.673161e-02    2.079646e+02    3.171918e+02    2.531242e+02
  234    234     1.673157e-02    2.077897e+02    3.171152e+02    2.531655e+02
  235    235     1.673156e-02    2.080079e+02    3.168400e+02    2.530382e+02
  236    236     1.673156e-02    2.079266e+02    3.166941e+02    2.531020e+02
  237    237     1.673155e-02    2.076485e+02    3.168396e+02    2.530602e+02
  238    238     1.673155e-02    2.077000e+02    3.168767e+02    2.530740e+02
  239    239     1.673155e-02    2.076923e+02    3.168559e+02    2.530921e+02
  240    240     1.673155e-02    2.077034e+02    3.168446e+02    2.530885e+02
  241    241     1.673155e-02    2.076930e+02    3.168787e+02    2.530827e+02
  242    242     1.673155e-02    2.076957e+02    3.168688e+02    2.530662e+02
  243    243     1.673155e-02    2.076807e+02    3.168565e+02    2.530629e+02
  244    244     1.673155e-02    2.076727e+02    3.168297e+02    2.530607e+02
  245    245     1.673155e-02    2.076769e+02    3.168186e+02    2.530490e+02
  246    246     1.673154e-02    2.077135e+02    3.167670e+02    2.530393e+02
  247    247     1.673154e-02    2.077136e+02    3.167661e+02    2.529848e+02
  248    248     1.673154e-02    2.077664e+02    3.168726e+02    2.529850e+02
  249    249     1.673153e-02    2.077259e+02    3.168419e+02    2.530013e+02
  250    250     1.673153e-02    2.076584e+02    3.168198e+02    2.531528e+02
  251    251     1.673153e-02    2.076751e+02    3.168513e+02    2.530754e+02
  252    252     1.673152e-02    2.077018e+02    3.168595e+02    2.530385e+02
  253    253     1.673152e-02    2.076889e+02    3.168829e+02    2.530689e+02
  254    254     1.673152e-02    2.076659e+02    3.169217e+02    2.531987e+02
  255    255     1.673152e-02    2.076689e+02    3.168882e+02    2.531717e+02
  256    256     1.673152e-02    2.077133e+02    3.168074e+02    2.530542e+02
  257    257     1.673152e-02    2.077116e+02    3.168275e+02    2.530915e+02
  258    258     1.673152e-02    2.076974e+02    3.168621e+02    2.531403e+02
  259    259     1.673151e-02    2.076852e+02    3.169099e+02    2.532204e+02
  260    260     1.673150e-02    2.076748e+02    3.169048e+02    2.532421e+02
  261    261     1.673149e-02    2.076613e+02    3.169094e+02    2.531899e+02
  262    262     1.673149e-02    2.076636e+02    3.168956e+02    2.531513e+02
  263    263     1.673149e-02    2.077120e+02    3.168673e+02    2.530143e+02
  264    264     1.673149e-02    2.077002e+02    3.168662e+02    2.530571e+02
  265    265     1.673149e-02    2.077002e+02    3.168662e+02    2.530571e+02
  266    266     1.673149e-02    2.077002e+02    3.168662e+02    2.530571e+02
  267    267     1.673149e-02    2.077002e+02    3.168662e+02    2.530571e+02
  268    268     1.673149e-02    2.077002e+02    3.168662e+02    2.530571e+02
  269    269     1.673149e-02    2.077106e+02    3.168670e+02    2.530622e+02
  270    270     1.673149e-02    2.076971e+02    3.168607e+02    2.530850e+02
  271    271     1.673149e-02    2.076937e+02    3.168508e+02    2.530792e+02
  272    272     1.673149e-02    2.076952e+02    3.168506e+02    2.530789e+02
  273    273     1.673149e-02    2.076930e+02    3.168492e+02    2.530814e+02
  274    274     1.673149e-02    2.076922e+02    3.168508e+02    2.530806e+02
  275    275     1.673149e-02    2.076909e+02    3.168520e+02    2.530794e+02
  276    276     1.673149e-02    2.076961e+02    3.168542e+02    2.530790e+02
  277    277     1.673149e-02    2.077043e+02    3.168547e+02    2.530805e+02
  278    278     1.673149e-02    2.077020e+02    3.168500e+02    2.530856e+02
  279    279     1.673149e-02    2.076969e+02    3.168460e+02    2.530816e+02
  280    280     1.673149e-02    2.076997e+02    3.168417e+02    2.530738e+02
  281    281     1.673149e-02    2.077055e+02    3.168404e+02    2.530746e+02
  282    282     1.673149e-02    2.077049e+02    3.168448e+02    2.530799e+02
  283    283     1.673149e-02    2.077095e+02    3.168502e+02    2.530812e+02
  284    284     1.673149e-02    2.077003e+02    3.168535e+02    2.530741e+02
  285    285     1.673149e-02    2.076940e+02    3.168511e+02    2.530711e+02
  286    286     1.673149e-02    2.076911e+02    3.168496e+02    2.530773e+02
  287    287     1.673149e-02    2.076859e+02    3.168616e+02    2.530805e+02
  288    288     1.673149e-02    2.076821e+02    3.168795e+02    2.530792e+02
  289    289     1.673149e-02    2.076753e+02    3.168846e+02    2.530864e+02
  290    290     1.673149e-02    2.076843e+02    3.168762e+02    2.530634e+02
  291    291     1.673149e-02    2.076878e+02    3.168786e+02    2.530617e+02
  292    292     1.673149e-02    2.076910e+02    3.168741e+02    2.530593e+02
  293    293     1.673149e-02    2.076940e+02    3.168675e+02    2.530595e+02
  294    294     1.673149e-02    2.076942e+02    3.168675e+02    2.530596e+02
  295    295     1.673149e-02    2.076967e+02    3.168678e+02    2.530594e+02
  296    296     1.673149e-02    2.076962e+02    3.168690e+02    2.530595e+02
  297    297     1.673149e-02    2.076954e+02    3.168730e+02    2.530597e+02
  298    298     1.673149e-02    2.076972e+02    3.168753e+02    2.530626e+02
  299    299     1.673149e-02    2.077028e+02    3.168717e+02    2.530702e+02
  300    300     1.673149e-02    2.077089e+02    3.168723e+02    2.530755e+02
  301    301     1.673149e-02    2.077089e+02    3.168723e+02    2.530755e+02
  302    302     1.673149e-02    2.077089e+02    3.168723e+02    2.530755e+02
  303    303     1.673149e-02    2.077089e+02    3.168723e+02    2.530755e+02
  304    304     1.673149e-02    2.077089e+02    3.168723e+02    2.530755e+02
  305    305     1.673149e-02    2.077089e+02    3.168723e+02    2.530755e+02
  306    306     1.673149e-02    2.077089e+02    3.168723e+02    2.530755e+02
