    0      0     2.129038e+00    1.000000e+00    1.000000e+00    1.000000e+00
    1      1     2.129038e+00    1.000000e+00    1.000000e+00    1.000000e+00
    2      2     7.953861e-01    3.051352e+00    3.793780e+00    3.918930e+00
    3      3     4.782243e-01    5.127103e+00    8.665359e+00    6.545201e+00
    4      4     3.953652e-01    4.773860e+00    5.536162e+00    5.552056e+00
    5      5     3.275485e-01    4.915409e+00    1.347611e+01    7.266241e+00
    6      6     3.163529e-01    8.240552e+00    9.064841e+00    1.135921e+01
    7      7     2.862155e-01    7.677397e+00    8.020322e+00    1.063380e+01
    8      8     2.814799e-01    7.707391e+00    8.396419e+00    1.062714e+01
    9      9     2.450076e-01    1.116369e+01    1.678018e+01    1.527385e+01
   10     10     2.194761e-01    1.460445e+01    2.237472e+01    1.886924e+01
   11     11     2.145826e-01    1.117275e+01    1.121086e+01    1.529717e+01
   12     12     1.845850e-01    3.169041e+01    1.046466e+01    1.681528e+01
   13     13     1.689702e-01    1.341971e+01    1.347151e+01    2.397062e+01
   14     14     1.513223e-01    1.420647e+01    2.585678e+01    2.362017e+01
   15     15     1.507734e-01    1.873106e+01    2.354730e+01    2.353541e+01
   16     16     1.199308e-01    3.112621e+01    2.088797e+01    4.048982e+01
   17     17     1.194332e-01    4.657124e+01    1.484098e+01    3.703737e+01
   18     18     1.082633e-01    2.352779e+01    2.023268e+01    4.826506e+01
   19     19     1.038389e-01    2.432351e+01    2.539184e+01    3.097245e+01
   20     20     1.004477e-01    4.046359e+01    1.910819e+01    6.307892e+01
   21     21     9.774592e-02    5.311806e+01    1.734356e+01    8.155386e+01
   22     22     9.709443e-02    4.363503e+01    1.806980e+01    7.903572e+01
   23     23     9.590080e-02    3.341723e+01    2.043263e+01    6.626248e+01
   24     24     9.447245e-02    3.560076e+01    1.948722e+01    9.291921e+01
   25     25     9.249861e-02    4.879954e+01    1.898240e+01    9.165476e+01
   26     26     9.245386e-02    4.787047e+01    1.954342e+01    6.867424e+01
   27     27     9.217749e-02    4.172566e+01    1.927559e+01    6.571156e+01
   28     28     9.172878e-02    3.963349e+01    1.906233e+01    6.744772e+01
   29     29     9.000818e-02    4.312871e+01    2.021882e+01    6.995669e+01
   30     30     8.858233e-02    4.868023e+01    1.879170e+01    8.350707e+01
   31     31     8.831229e-02    4.142730e+01    1.899018e+01    8.359743e+01
   32     32     8.810053e-02    4.191192e+01    1.898740e+01    9.311117e+01
   33     33     8.804348e-02    4.421130e+01    1.913272e+01    7.967883e+01
   34     34     8.749789e-02    4.459741e+01    1.891787e+01    8.177488e+01
   35     35     8.729076e-02    4.056153e+01    1.913830e+01    8.117993e+01
   36     36     8.706825e-02    4.064215e+01    1.898009e+01    8.684546e+01
   37     37     8.682431e-02    4.252770e+01    1.870336e+01    9.172473e+01
   38     38     8.674641e-02    4.275718e+01    1.865504e+01    8.954174e+01
   39     39     8.666912e-02    3.873575e+01    1.917863e+01    8.637329e+01
   40     40     8.644389e-02    3.722783e+01    1.922437e+01    8.575905e+01
   41     41     8.637653e-02    3.816283e+01    1.897996e+01    9.009329e+01
   42     42     8.626125e-02    4.073339e+01    1.858116e+01    9.524931e+01
   43     43     8.613521e-02    4.056217e+01    1.871102e+01    9.043085e+01
   44     44     8.610114e-02    3.811849e+01    1.898123e+01    8.880200e+01
   45     45     8.609290e-02    3.824390e+01    1.895000e+01    8.841932e+01
   46     46     8.600924e-02    4.041491e+01    1.860907e+01    9.260414e+01
   47     47     8.594573e-02    3.949154e+01    1.874566e+01    9.054013e+01
   48     48     8.591274e-02    3.848230e+01    1.886574e+01    8.922772e+01
   49     49     8.587717e-02    3.839947e+01    1.879878e+01    9.007613e+01
   50     50     8.587216e-02    3.884635e+01    1.866489e+01    9.137396e+01
   51     51     8.583440e-02    3.902145e+01    1.868101e+01    9.125229e+01
   52     52     8.581506e-02    3.860173e+01    1.870749e+01    9.111668e+01
   53     53     8.578596e-02    3.792575e+01    1.872831e+01    8.727870e+01
   54     54     8.577136e-02    3.784556e+01    1.870532e+01    8.678402e+01
   55     55     8.575525e-02    3.826016e+01    1.869888e+01    8.901541e+01
   56     56     8.575159e-02    3.861281e+01    1.866597e+01    9.100187e+01
   57     57     8.574641e-02    3.850833e+01    1.869911e+01    9.061794e+01
   58     58     8.574445e-02    3.847054e+01    1.871283e+01    9.034430e+01
   59     59     8.574288e-02    3.848719e+01    1.871125e+01    9.029846e+01
   60     60     8.574143e-02    3.848627e+01    1.871430e+01    9.026090e+01
   61     61     8.574054e-02    3.841079e+01    1.872215e+01    8.991686e+01
   62     62     8.573987e-02    3.836886e+01    1.872846e+01    8.958811e+01
   63     63     8.573968e-02    3.833728e+01    1.873758e+01    8.940045e+01
   64     64     8.573964e-02    3.831091e+01    1.873972e+01    8.925591e+01
   65     65     8.573963e-02    3.830697e+01    1.873955e+01    8.921628e+01
   66     66     8.573962e-02    3.831006e+01    1.873844e+01    8.922158e+01
   67     67     8.573959e-02    3.832148e+01    1.873591e+01    8.926223e+01
   68     68     8.573956e-02    3.836289e+01    1.872696e+01    8.941716e+01
   69     69     8.573956e-02    3.839281e+01    1.872021e+01    8.957247e+01
   70     70     8.573931e-02    3.839074e+01    1.872067e+01    8.961966e+01
   71     71     8.573869e-02    3.836829e+01    1.872879e+01    8.956128e+01
   72     72     8.573853e-02    3.833503e+01    1.873434e+01    8.937585e+01
   73     73     8.573850e-02    3.826689e+01    1.874582e+01    8.899969e+01
   74     74     8.573836e-02    3.829535e+01    1.874073e+01    8.914711e+01
   75     75     8.573827e-02    3.831815e+01    1.873597e+01    8.927791e+01
   76     76     8.573817e-02    3.833219e+01    1.873247e+01    8.934741e+01
   77     77     8.573811e-02    3.836956e+01    1.872324e+01    8.951783e+01
   78     78     8.573782e-02    3.836722e+01    1.872356e+01    8.950919e+01
   79     79     8.573738e-02    3.834820e+01    1.872910e+01    8.940421e+01
   80     80     8.573727e-02    3.830855e+01    1.873958e+01    8.925334e+01
   81     81     8.573722e-02    3.830724e+01    1.874007e+01    8.922648e+01
   82     82     8.573722e-02    3.830644e+01    1.874022e+01    8.922014e+01
   83     83     8.573713e-02    3.831883e+01    1.873776e+01    8.923177e+01
   84     84     8.573683e-02    3.832420e+01    1.873551e+01    8.922245e+01
   85     85     8.573676e-02    3.832304e+01    1.873678e+01    8.928302e+01
   86     86     8.573667e-02    3.832756e+01    1.873732e+01    8.944577e+01
   87     87     8.573643e-02    3.833059e+01    1.873710e+01    8.943651e+01
   88     88     8.573574e-02    3.834020e+01    1.873374e+01    8.936775e+01
   89     89     8.573545e-02    3.832544e+01    1.873538e+01    8.928088e+01
   90     90     8.573469e-02    3.828957e+01    1.873872e+01    8.907301e+01
   91     91     8.573469e-02    3.828957e+01    1.873872e+01    8.907301e+01
   92     92     8.573469e-02    3.828957e+01    1.873872e+01    8.907301e+01
   93     93     8.573469e-02    3.828957e+01    1.873872e+01    8.907301e+01
   94     94     8.573469e-02    3.828957e+01    1.873872e+01    8.907301e+01
   95     95     8.573469e-02    3.828253e+01    1.873968e+01    8.905771e+01
   96     96     8.573467e-02    3.830295e+01    1.874005e+01    8.916691e+01
   97     97     8.573467e-02    3.831326e+01    1.873854e+01    8.919746e+01
   98     98     8.573467e-02    3.831019e+01    1.873714e+01    8.917589e+01
   99     99     8.573467e-02    3.832338e+01    1.873521e+01    8.923225e+01
  100    100     8.573466e-02    3.831755e+01    1.873493e+01    8.922101e+01
  101    101     8.573466e-02    3.832695e+01    1.873324e+01    8.927674e+01
  102    102     8.573466e-02    3.834138e+01    1.873210e+01    8.935056e+01
  103    103     8.573465e-02    3.833996e+01    1.873693e+01    8.946238e+01
  104    104     8.573465e-02    3.832381e+01    1.873685e+01    8.939104e+01
  105    105     8.573464e-02    3.833685e+01    1.873285e+01    8.935862e+01
  106    106     8.573464e-02    3.832671e+01    1.873459e+01    8.929594e+01
  107    107     8.573464e-02    3.832046e+01    1.873593e+01    8.926819e+01
  108    108     8.573464e-02    3.834550e+01    1.873279e+01    8.941061e+01
  109    109     8.573463e-02    3.833201e+01    1.873608e+01    8.935925e+01
  110    110     8.573463e-02    3.832869e+01    1.873756e+01    8.930014e+01
  111    111     8.573462e-02    3.831994e+01    1.873636e+01    8.925659e+01
  112    112     8.573461e-02    3.832461e+01    1.873531e+01    8.930724e+01
  113    113     8.573460e-02    3.832955e+01    1.873481e+01    8.935416e+01
  114    114     8.573460e-02    3.834892e+01    1.873399e+01    8.942292e+01
  115    115     8.573459e-02    3.834676e+01    1.873481e+01    8.941750e+01
  116    116     8.573458e-02    3.834136e+01    1.873576e+01    8.940693e+01
  117    117     8.573458e-02    3.834171e+01    1.873571e+01    8.940851e+01
  118    118     8.573458e-02    3.834399e+01    1.873462e+01    8.941777e+01
  119    119     8.573458e-02    3.834399e+01    1.873462e+01    8.941777e+01
  120    120     8.573458e-02    3.834399e+01    1.873462e+01    8.941777e+01
  121    121     8.573458e-02    3.834399e+01    1.873462e+01    8.941777e+01
  122    122     8.573458e-02    3.834399e+01    1.873462e+01    8.941777e+01
  123    123     8.573458e-02    3.833708e+01    1.873556e+01    8.940267e+01
  124    124     8.573458e-02    3.833346e+01    1.873614e+01    8.939530e+01
  125    125     8.573458e-02    3.832890e+01    1.873554e+01    8.936216e+01
  126    126     8.573457e-02    3.832306e+01    1.873518e+01    8.932713e+01
  127    127     8.573457e-02    3.833570e+01    1.873479e+01    8.938420e+01
  128    128     8.573457e-02    3.835825e+01    1.873166e+01    8.946967e+01
  129    129     8.573457e-02    3.835318e+01    1.873073e+01    8.945865e+01
  130    130     8.573456e-02    3.834654e+01    1.873137e+01    8.945205e+01
  131    131     8.573456e-02    3.835882e+01    1.873187e+01    8.952016e+01
  132    132     8.573456e-02    3.834715e+01    1.873498e+01    8.948424e+01
  133    133     8.573456e-02    3.833687e+01    1.873497e+01    8.939280e+01
  134    134     8.573456e-02    3.833885e+01    1.873440e+01    8.930611e+01
  135    135     8.573454e-02    3.831677e+01    1.873783e+01    8.923988e+01
  136    136     8.573454e-02    3.833040e+01    1.873495e+01    8.930613e+01
  137    137     8.573453e-02    3.832442e+01    1.873702e+01    8.934929e+01
  138    138     8.573452e-02    3.836712e+01    1.872858e+01    8.951248e+01
  139    139     8.573446e-02    3.832377e+01    1.873614e+01    8.936557e+01
  140    140     8.573445e-02    3.831205e+01    1.873664e+01    8.924897e+01
  141    141     8.573439e-02    3.833720e+01    1.873526e+01    8.931398e+01
  142    142     8.573439e-02    3.831854e+01    1.873410e+01    8.921804e+01
  143    143     8.573430e-02    3.833104e+01    1.873520e+01    8.939300e+01
  144    144     8.573426e-02    3.833470e+01    1.873490e+01    8.936401e+01
  145    145     8.573424e-02    3.832757e+01    1.873589e+01    8.930710e+01
  146    146     8.573421e-02    3.832889e+01    1.873566e+01    8.929768e+01
  147    147     8.573418e-02    3.832447e+01    1.873535e+01    8.925622e+01
  148    148     8.573414e-02    3.832545e+01    1.873538e+01    8.927236e+01
  149    149     8.573387e-02    3.832937e+01    1.873487e+01    8.934467e+01
  150    150     8.573360e-02    3.831104e+01    1.873667e+01    8.932788e+01
  151    151     8.573318e-02    3.830512e+01    1.873685e+01    8.926324e+01
  152    152     8.573117e-02    3.827385e+01    1.873896e+01    8.903909e+01
  153    153     8.572619e-02    3.826542e+01    1.873571e+01    8.871109e+01
  154    154     8.572558e-02    3.829334e+01    1.873594e+01    8.901038e+01
  155    155     8.572557e-02    3.830812e+01    1.873529e+01    8.912985e+01
  156    156     8.572537e-02    3.833977e+01    1.873245e+01    8.932183e+01
  157    157     8.572536e-02    3.833260e+01    1.873333e+01    8.929917e+01
  158    158     8.572536e-02    3.833260e+01    1.873333e+01    8.929917e+01
  159    159     8.572536e-02    3.833260e+01    1.873333e+01    8.929917e+01
  160    160     8.572536e-02    3.833260e+01    1.873333e+01    8.929917e+01
  161    161     8.572536e-02    3.833260e+01    1.873333e+01    8.929917e+01
  162    162     8.572536e-02    3.833260e+01    1.873333e+01    8.929917e+01
  163    163     8.572536e-02    3.833260e+01    1.873333e+01    8.929917e+01
