    0      0     2.314815e-04    1.000000e+00
    1      1     2.314815e-04    1.000000e+00
    2      2     7.801646e-05    1.046806e+00
    3      3     3.573493e-05    1.610041e+00
    4      4     3.557813e-05    1.502166e+00
    5      5     1.355527e-05    3.855697e+00
    6      6     1.003114e-05    5.107198e+00
    7      7     8.723216e-06    5.728522e+00
    8      8     7.650446e-06    6.661956e+00
    9      9     7.142035e-06    7.394324e+00
   10     10     6.781911e-06    7.794938e+00
   11     11     6.281347e-06    7.955313e+00
   12     12     6.014518e-06    7.866854e+00
   13     13     5.746913e-06    7.898197e+00
   14     14     5.490247e-06    8.258904e+00
   15     15     5.260771e-06    8.018151e+00
   16     16     5.054550e-06    7.663039e+00
   17     17     4.884420e-06    7.768321e+00
   18     18     4.770202e-06    8.088820e+00
   19     19     4.639353e-06    8.379699e+00
   20     20     4.504621e-06    8.289041e+00
   21     21     4.409945e-06    8.380931e+00
   22     22     4.322785e-06    8.444744e+00
   23     23     4.233329e-06    8.767189e+00
   24     24     4.133082e-06    8.955609e+00
   25     25     4.048825e-06    9.194219e+00
   26     26     3.979620e-06    9.363273e+00
   27     27     3.921090e-06    9.608399e+00
   28     28     3.858288e-06    9.726265e+00
   29     29     3.790201e-06    9.687347e+00
   30     30     3.735415e-06    9.724753e+00
   31     31     3.689718e-06    9.747175e+00
   32     32     3.639286e-06    9.870158e+00
   33     33     3.586337e-06    9.817711e+00
   34     34     3.540554e-06    9.782943e+00
   35     35     3.503074e-06    9.939060e+00
   36     36     3.461234e-06    9.913431e+00
   37     37     3.425329e-06    1.003987e+01
   38     38     3.383371e-06    1.006760e+01
   39     39     3.349311e-06    1.000104e+01
   40     40     3.320403e-06    1.013037e+01
   41     41     3.289682e-06    1.032873e+01
   42     42     3.253604e-06    1.033082e+01
   43     43     3.224087e-06    1.046063e+01
   44     44     3.196717e-06    1.067891e+01
   45     45     3.168850e-06    1.063026e+01
   46     46     3.143628e-06    1.064411e+01
   47     47     3.117185e-06    1.076654e+01
   48     48     3.092682e-06    1.081647e+01
   49     49     3.071852e-06    1.082747e+01
   50     50     3.048842e-06    1.082380e+01
   51     51     3.024097e-06    1.084969e+01
   52     52     3.003060e-06    1.098165e+01
   53     53     2.984052e-06    1.094550e+01
   54     54     2.964008e-06    1.089011e+01
   55     55     2.945772e-06    1.099213e+01
   56     56     2.925521e-06    1.117998e+01
   57     57     2.907213e-06    1.108931e+01
   58     58     2.891107e-06    1.100126e+01
   59     59     2.874211e-06    1.106589e+01
   60     60     2.855677e-06    1.125279e+01
   61     61     2.840214e-06    1.138507e+01
   62     62     2.824646e-06    1.129223e+01
    0      0     2.314815e-04    1.000000e+00
    1      1     2.314815e-04    1.000000e+00
    2      2     7.801646e-05    1.046806e+00
    3      3     3.573493e-05    1.610041e+00
    4      4     3.557813e-05    1.502166e+00
    5      5     1.355527e-05    3.855697e+00
    6      6     1.003114e-05    5.107198e+00
    7      7     8.723216e-06    5.728522e+00
    8      8     7.650446e-06    6.661956e+00
    9      9     7.142035e-06    7.394324e+00
   10     10     6.781911e-06    7.794938e+00
   11     11     6.281347e-06    7.955313e+00
   12     12     6.014518e-06    7.866854e+00
   13     13     5.746913e-06    7.898197e+00
   14     14     5.490247e-06    8.258904e+00
   15     15     5.260771e-06    8.018151e+00
   16     16     5.054550e-06    7.663039e+00
   17     17     4.884420e-06    7.768321e+00
   18     18     4.770202e-06    8.088820e+00
   19     19     4.639353e-06    8.379699e+00
   20     20     4.504621e-06    8.289041e+00
   21     21     4.409945e-06    8.380931e+00
   22     22     4.322785e-06    8.444744e+00
   23     23     4.233329e-06    8.767189e+00
   24     24     4.133082e-06    8.955609e+00
   25     25     4.048825e-06    9.194219e+00
   26     26     3.979620e-06    9.363273e+00
   27     27     3.921090e-06    9.608399e+00
   28     28     3.858288e-06    9.726265e+00
   29     29     3.790201e-06    9.687347e+00
   30     30     3.735415e-06    9.724753e+00
   31     31     3.689718e-06    9.747175e+00
   32     32     3.639286e-06    9.870158e+00
   33     33     3.586337e-06    9.817711e+00
   34     34     3.540554e-06    9.782943e+00
   35     35     3.503074e-06    9.939060e+00
   36     36     3.461234e-06    9.913431e+00
    0      0     2.314815e-04    1.000000e+00
    1      1     2.314815e-04    1.000000e+00
    2      2     7.801646e-05    1.046806e+00
    3      3     3.573493e-05    1.610041e+00
    4      4     3.557813e-05    1.502166e+00
    5      5     1.355527e-05    3.855697e+00
    6      6     1.003114e-05    5.107198e+00
    7      7     8.723216e-06    5.728522e+00
    8      8     7.650446e-06    6.661956e+00
    9      9     7.142035e-06    7.394324e+00
   10     10     6.781911e-06    7.794938e+00
   11     11     6.281347e-06    7.955313e+00
   12     12     6.014518e-06    7.866854e+00
   13     13     5.746913e-06    7.898197e+00
   14     14     5.490247e-06    8.258904e+00
   15     15     5.260771e-06    8.018151e+00
   16     16     5.054550e-06    7.663039e+00
   17     17     4.884420e-06    7.768321e+00
   18     18     4.770202e-06    8.088820e+00
   19     19     4.639353e-06    8.379699e+00
   20     20     4.504621e-06    8.289041e+00
   21     21     4.409945e-06    8.380931e+00
   22     22     4.322785e-06    8.444744e+00
   23     23     4.233329e-06    8.767189e+00
   24     24     4.133082e-06    8.955609e+00
   25     25     4.048825e-06    9.194219e+00
   26     26     3.979620e-06    9.363273e+00
   27     27     3.921090e-06    9.608399e+00
   28     28     3.858288e-06    9.726265e+00
   29     29     3.790201e-06    9.687347e+00
   30     30     3.735415e-06    9.724753e+00
   31     31     3.689718e-06    9.747175e+00
   32     32     3.639286e-06    9.870158e+00
   33     33     3.586337e-06    9.817711e+00
   34     34     3.540554e-06    9.782943e+00
   35     35     3.503074e-06    9.939060e+00
   36     36     3.461234e-06    9.913431e+00
   37     37     3.425329e-06    1.003987e+01
   38     38     3.383371e-06    1.006760e+01
   39     39     3.349311e-06    1.000104e+01
   40     40     3.320403e-06    1.013037e+01
   41     41     3.289682e-06    1.032873e+01
   42     42     3.253604e-06    1.033082e+01
   43     43     3.224087e-06    1.046063e+01
   44     44     3.196717e-06    1.067891e+01
