    0      0     1.490460e+00    1.000000e+00    1.000000e+00    1.000000e+00
    1      1     1.490460e+00    1.000000e+00    1.000000e+00    1.000000e+00
    2      2     1.479548e+00    1.240061e+00    1.212281e+00    1.251139e+00
    3      3     1.451539e+00    1.246802e+00    1.274594e+00    1.279203e+00
    4      4     1.446245e+00    1.453425e+00    1.423507e+00    1.459318e+00
    5      5     1.392201e+00    1.589236e+00    1.546782e+00    1.588775e+00
    6      6     1.345818e+00    1.442818e+00    8.270637e-01    1.581912e+00
    7      7     1.337788e+00    1.536046e+00    8.851750e-01    1.837020e+00
    8      8     1.277539e+00    1.716237e+00    1.202792e+00    1.471508e+00
    9      9     1.109016e+00    1.509487e+00    1.834558e+00    1.846251e+00
   10     10     1.095686e+00    1.504989e+00    1.254504e+00    1.817767e+00
   11     11     1.092912e+00    1.911170e+00    2.554319e+00    2.290261e+00
   12     12     1.074266e+00    1.902418e+00    2.036561e+00    2.140109e+00
   13     13     1.061484e+00    1.880809e+00    1.516828e+00    2.228093e+00
   14     14     1.042093e+00    1.917342e+00    2.204477e+00    2.278573e+00
   15     15     1.000181e+00    1.791805e+00    2.125685e+00    2.003149e+00
   16     16     9.983409e-01    1.359269e+00    1.220386e+00    1.519527e+00
   17     17     9.644327e-01    1.533171e+00    1.974304e+00    1.724018e+00
   18     18     9.588017e-01    2.303429e+00    1.461041e+00    2.070534e+00
   19     19     9.476637e-01    1.858125e+00    1.547604e+00    2.238487e+00
   20     20     8.075419e-01    2.331973e+00    2.213207e+00    2.768963e+00
   21     21     7.806692e-01    2.217856e+00    1.055790e+00    2.637530e+00
   22     22     7.206908e-01    3.250056e+00    1.868895e+00    3.218199e+00
   23     23     6.826657e-01    3.261570e+00    1.086866e+00    2.703000e+00
   24     24     6.636988e-01    2.775817e+00    7.607420e-01    3.139304e+00
    0      0     1.490460e+00    1.000000e+00    1.000000e+00    1.000000e+00
    1      1     1.490460e+00    1.000000e+00    1.000000e+00    1.000000e+00
    2      2     1.479548e+00    1.240061e+00    1.212281e+00    1.251139e+00
    3      3     1.451539e+00    1.246802e+00    1.274594e+00    1.279203e+00
    0      0     1.490460e+00    1.000000e+00    1.000000e+00    1.000000e+00
    1      1     1.490460e+00    1.000000e+00    1.000000e+00    1.000000e+00
    2      2     1.479548e+00    1.240061e+00    1.212281e+00    1.251139e+00
    3      3     1.451539e+00    1.246802e+00    1.274594e+00    1.279203e+00
    4      4     1.446245e+00    1.453425e+00    1.423507e+00    1.459318e+00
    5      5     1.392201e+00    1.589236e+00    1.546782e+00    1.588775e+00
    6      6     1.345818e+00    1.442818e+00    8.270637e-01    1.581912e+00
    7      7     1.337788e+00    1.536046e+00    8.851750e-01    1.837020e+00
    8      8     1.277539e+00    1.716237e+00    1.202792e+00    1.471508e+00
    9      9     1.109016e+00    1.509487e+00    1.834558e+00    1.846251e+00
   10     10     1.095686e+00    1.504989e+00    1.254504e+00    1.817767e+00
   11     11     1.092912e+00    1.911170e+00    2.554319e+00    2.290261e+00
   12     12     1.074266e+00    1.902418e+00    2.036561e+00    2.140109e+00
   13     13     1.061484e+00    1.880809e+00    1.516828e+00    2.228093e+00
   14     14     1.042093e+00    1.917342e+00    2.204477e+00    2.278573e+00
   15     15     1.000181e+00    1.791805e+00    2.125685e+00    2.003149e+00
   16     16     9.983409e-01    1.359269e+00    1.220386e+00    1.519527e+00
   17     17     9.644327e-01    1.533171e+00    1.974304e+00    1.724018e+00
   18     18     9.588017e-01    2.303429e+00    1.461041e+00    2.070534e+00
   19     19     9.476637e-01    1.858125e+00    1.547604e+00    2.238487e+00
   20     20     8.075419e-01    2.331973e+00    2.213207e+00    2.768963e+00
   21     21     7.806692e-01    2.217856e+00    1.055790e+00    2.637530e+00
   22     22     7.206908e-01    3.250056e+00    1.868895e+00    3.218199e+00
   23     23     6.826657e-01    3.261570e+00    1.086866e+00    2.703000e+00
   24     24     6.636988e-01    2.775817e+00    7.607420e-01    3.139304e+00
   25     25     6.130724e-01    2.965952e+00    1.742270e+00    2.837436e+00
   26     26     5.816240e-01    3.867070e+00    2.639201e+00    3.757335e+00
   27     27     5.662251e-01    3.777447e+00    4.944115e-01    3.691245e+00
   28     28     5.483098e-01    3.327528e+00    1.328345e+00    3.311794e+00
   29     29     5.389356e-01    3.273863e+00    2.173384e+00    3.282641e+00
   30     30     5.333493e-01    3.515647e+00    1.272415e+00    3.489994e+00
   31     31     5.266277e-01    3.623540e+00    2.291290e+00    3.561127e+00
   32     32     5.212156e-01    3.480618e+00    2.185941e+00    3.448350e+00
   33     33     5.210294e-01    3.479846e+00    2.194167e+00    3.448868e+00
   34     34     5.186040e-01    3.542046e+00    2.256268e+00    3.504154e+00
   35     35     5.166237e-01    3.536480e+00    2.258894e+00    3.500323e+00
   36     36     5.028080e-01    3.509602e+00    1.373930e+00    3.479390e+00
   37     37     4.846273e-01    3.569833e+00    2.200388e+00    3.518894e+00
   38     38     4.507807e-01    3.758832e+00    7.892347e-01    3.670272e+00
   39     39     4.460513e-01    3.857394e+00    5.318249e-01    3.755228e+00
   40     40     4.442254e-01    3.894429e+00    5.598009e-01    3.789924e+00
   41     41     4.428152e-01    3.865101e+00    8.386777e-01    3.760924e+00
   42     42     4.414025e-01    3.885222e+00    2.200824e+00    3.772702e+00
   43     43     4.386231e-01    3.967215e+00    2.203122e+00    3.830663e+00
   44     44     4.331633e-01    4.110205e+00    2.258267e+00    3.628371e+00
   45     45     4.249704e-01    4.186557e+00    2.324415e+00    3.669236e+00
   46     46     3.935539e-01    4.345914e+00    1.482381e+00    3.683839e+00
   47     47     3.817283e-01    4.936971e+00    7.805794e-01    3.787890e+00
   48     48     3.744908e-01    5.049858e+00    9.889365e-01    3.697439e+00
   49     49     3.646971e-01    5.672223e+00    6.758471e-01    3.417145e+00
   50     50     3.530911e-01    5.527737e+00    7.587193e-01    3.089330e+00
   51     51     3.523593e-01    6.064608e+00    6.570634e-01    3.266078e+00
   52     52     3.398527e-01    6.691187e+00    6.562388e-01    3.397742e+00
   53     53     3.350595e-01    6.935355e+00    6.222753e-01    3.370024e+00
   54     54     3.320857e-01    6.734089e+00    1.595333e+00    3.110984e+00
   55     55     3.161189e-01    7.733466e+00    1.428488e+00    3.292628e+00
   56     56     3.154817e-01    6.442422e+00    1.377862e+00    3.468259e+00
   57     57     3.113442e-01    6.868271e+00    1.330761e+00    3.559795e+00
   58     58     3.044470e-01    7.717454e+00    1.355155e+00    3.606767e+00
   59     59     2.979260e-01    8.641047e+00    1.316428e+00    3.548787e+00
   60     60     2.965465e-01    7.520462e+00    1.281841e+00    3.390612e+00
   61     61     2.939528e-01    8.054683e+00    1.215674e+00    3.100841e+00
   62     62     2.908417e-01    8.180274e+00    1.246290e+00    3.367788e+00
   63     63     2.849899e-01    8.829135e+00    1.229199e+00    3.263125e+00
   64     64     2.824739e-01    9.083861e+00    1.176120e+00    3.061335e+00
   65     65     2.775590e-01    9.054972e+00    1.179636e+00    3.129239e+00
   66     66     2.686706e-01    1.000372e+01    1.156672e+00    3.105540e+00
   67     67     2.612339e-01    1.020895e+01    1.141041e+00    3.133591e+00
   68     68     2.571016e-01    7.922764e+00    9.257255e-01    3.234458e+00
   69     69     2.469611e-01    9.747975e+00    1.078931e+00    3.084299e+00
   70     70     2.452426e-01    1.054149e+01    1.175390e+00    3.247391e+00
   71     71     2.434923e-01    9.518517e+00    1.053377e+00    3.228996e+00
   72     72     2.430421e-01    9.328543e+00    1.029012e+00    3.255660e+00
   73     73     2.422085e-01    9.272901e+00    1.010760e+00    3.250697e+00
   74     74     2.398147e-01    8.706983e+00    1.135409e+00    3.187044e+00
   75     75     2.395469e-01    9.302609e+00    1.005007e+00    3.210681e+00
   76     76     2.373438e-01    9.347501e+00    9.870856e-01    3.186461e+00
   77     77     2.303206e-01    8.590848e+00    1.100688e+00    3.081790e+00
   78     78     2.284980e-01    1.033460e+01    9.700432e-01    3.121219e+00
   79     79     2.233633e-01    1.013417e+01    1.088924e+00    3.034857e+00
   80     80     2.124834e-01    8.443797e+00    1.031839e+00    2.870597e+00
   81     81     2.042354e-01    1.102857e+01    1.045768e+00    2.959854e+00
   82     82     1.916387e-01    1.103792e+01    9.989154e-01    2.782206e+00
   83     83     1.808195e-01    1.209823e+01    8.821059e-01    2.319684e+00
   84     84     1.654290e-01    1.207513e+01    9.484032e-01    2.694911e+00
   85     85     1.546205e-01    1.391177e+01    9.241831e-01    2.589800e+00
   86     86     1.478529e-01    1.657658e+01    9.414442e-01    2.835369e+00
   87     87     1.475392e-01    1.611389e+01    9.291543e-01    2.651437e+00
   88     88     1.461305e-01    1.845901e+01    9.169562e-01    2.550302e+00
   89     89     1.435209e-01    1.606807e+01    9.197633e-01    2.563648e+00
   90     90     1.411151e-01    1.659928e+01    9.251639e-01    2.621368e+00
   91     91     1.401543e-01    1.838953e+01    9.432598e-01    2.799614e+00
   92     92     1.384706e-01    1.799830e+01    9.303868e-01    2.646583e+00
   93     93     1.369527e-01    1.728060e+01    9.149154e-01    2.560184e+00
   94     94     1.302638e-01    2.123063e+01    9.248691e-01    2.676357e+00
   95     95     1.277863e-01    1.911917e+01    9.327364e-01    2.735951e+00
   96     96     1.208445e-01    2.125924e+01    9.242859e-01    2.661687e+00
   97     97     1.187720e-01    1.740917e+01    9.089750e-01    2.598703e+00
   98     98     1.163274e-01    1.820660e+01    9.086160e-01    2.579486e+00
   99     99     1.140000e-01    2.001453e+01    9.066862e-01    2.575479e+00
  100    100     1.040560e-01    2.238548e+01    8.784887e-01    2.457105e+00
  101    101     9.540471e-02    2.425762e+01    8.622044e-01    2.394370e+00
  102    102     8.816872e-02    3.029377e+01    8.020086e-01    1.801872e+00
  103    103     7.889819e-02    2.044073e+01    8.202716e-01    1.935810e+00
  104    104     6.898065e-02    3.269431e+01    8.117072e-01    1.884929e+00
  105    105     6.263939e-02    3.579886e+01    7.969970e-01    1.676896e+00
  106    106     5.726079e-02    3.503919e+01    7.744626e-01    1.428548e+00
  107    107     5.560728e-02    3.313640e+01    7.756764e-01    1.360900e+00
  108    108     4.968699e-02    3.592932e+01    7.669904e-01    1.260593e+00
  109    109     4.698962e-02    4.538205e+01    7.575367e-01    1.205148e+00
  110    110     4.524921e-02    4.914281e+01    7.505906e-01    1.149819e+00
  111    111     4.429211e-02    4.686562e+01    7.483689e-01    1.146131e+00
  112    112     4.225437e-02    4.878439e+01    6.985847e-01    1.070839e+00
  113    113     4.163699e-02    5.129930e+01    6.921781e-01    1.057233e+00
  114    114     4.059187e-02    5.473592e+01    6.894205e-01    1.053905e+00
  115    115     4.018731e-02    5.536826e+01    6.663156e-01    1.022256e+00
  116    116     3.983136e-02    4.958147e+01    6.639010e-01    1.017219e+00
  117    117     3.971462e-02    5.183076e+01    6.517383e-01    9.973933e-01
  118    118     3.893843e-02    6.105141e+01    6.488916e-01    9.938275e-01
  119    119     3.831622e-02    5.914656e+01    6.246691e-01    9.596747e-01
  120    120     3.779316e-02    5.451409e+01    6.086656e-01    9.373152e-01
  121    121     3.692609e-02    5.729142e+01    5.929660e-01    9.149447e-01
  122    122     3.625007e-02    6.595391e+01    5.590458e-01    8.637596e-01
  123    123     3.595926e-02    6.544624e+01    5.657412e-01    8.744828e-01
  124    124     3.552456e-02    6.227450e+01    5.560743e-01    8.642358e-01
  125    125     3.517154e-02    6.181117e+01    5.566371e-01    8.610735e-01
  126    126     3.453409e-02    6.696894e+01    5.323717e-01    8.252824e-01
  127    127     3.412352e-02    6.431853e+01    5.373869e-01    8.324551e-01
  128    128     3.382328e-02    6.406608e+01    5.323355e-01    8.255496e-01
  129    129     3.354881e-02    6.388978e+01    5.166679e-01    8.026766e-01
  130    130     3.313440e-02    6.397926e+01    5.167856e-01    8.010698e-01
  131    131     3.286251e-02    6.436100e+01    5.096272e-01    7.880108e-01
  132    132     3.272257e-02    6.494072e+01    5.058365e-01    7.815441e-01
  133    133     3.272195e-02    6.445696e+01    5.065008e-01    7.830633e-01
  134    134     3.272195e-02    6.444333e+01    5.065177e-01    7.830986e-01
  135    135     3.271750e-02    6.380969e+01    5.068042e-01    7.838784e-01
  136    136     3.270170e-02    6.266871e+01    5.054907e-01    7.822274e-01
  137    137     3.266609e-02    6.308489e+01    5.041337e-01    7.797799e-01
  138    138     3.266268e-02    6.337517e+01    5.051584e-01    7.812820e-01
  139    139     3.266252e-02    6.344468e+01    5.052663e-01    7.814308e-01
  140    140     3.265577e-02    6.383129e+01    5.050526e-01    7.807962e-01
  141    141     3.260959e-02    6.420697e+01    5.010472e-01    7.740368e-01
  142    142     3.259290e-02    6.355324e+01    5.015714e-01    7.745521e-01
  143    143     3.253353e-02    6.245294e+01    5.001033e-01    7.727807e-01
  144    144     3.253353e-02    6.245294e+01    5.001033e-01    7.727807e-01
  145    145     3.253353e-02    6.245294e+01    5.001033e-01    7.727807e-01
  146    146     3.253353e-02    6.245294e+01    5.001033e-01    7.727807e-01
  147    147     3.253353e-02    6.245294e+01    5.001033e-01    7.727807e-01
  148    148     3.253276e-02    6.244345e+01    5.001279e-01    7.726453e-01
  149    149     3.253273e-02    6.244526e+01    5.001310e-01    7.726563e-01
  150    150     3.253242e-02    6.255014e+01    5.001154e-01    7.726346e-01
  151    151     3.253236e-02    6.250716e+01    5.001686e-01    7.726462e-01
  152    152     3.253184e-02    6.254108e+01    5.001818e-01    7.726151e-01
  153    153     3.253059e-02    6.262681e+01    5.001947e-01    7.725870e-01
  154    154     3.253057e-02    6.260642e+01    5.002045e-01    7.726055e-01
  155    155     3.253057e-02    6.260642e+01    5.002045e-01    7.726055e-01
  156    156     3.253057e-02    6.260642e+01    5.002045e-01    7.726055e-01
  157    157     3.253057e-02    6.260642e+01    5.002045e-01    7.726055e-01
  158    158     3.253057e-02    6.260642e+01    5.002045e-01    7.726055e-01
  159    159     3.253036e-02    6.261456e+01    5.001885e-01    7.727080e-01
  160    160     3.253036e-02    6.262486e+01    5.001916e-01    7.727106e-01
  161    161     3.253034e-02    6.273569e+01    5.001694e-01    7.727382e-01
  162    162     3.253025e-02    6.275897e+01    5.001694e-01    7.727580e-01
  163    163     3.253024e-02    6.273440e+01    5.001764e-01    7.727635e-01
  164    164     3.253022e-02    6.246514e+01    5.001654e-01    7.727808e-01
  165    165     3.253022e-02    6.245714e+01    5.001660e-01    7.727820e-01
  166    166     3.253022e-02    6.245714e+01    5.001660e-01    7.727820e-01
  167    167     3.253022e-02    6.245714e+01    5.001660e-01    7.727820e-01
  168    168     3.253022e-02    6.245714e+01    5.001660e-01    7.727820e-01
  169    169     3.253022e-02    6.245714e+01    5.001660e-01    7.727820e-01
  170    170     3.252985e-02    6.245297e+01    5.001782e-01    7.727156e-01
  171    171     3.252985e-02    6.245313e+01    5.001832e-01    7.727209e-01
  172    172     3.252985e-02    6.245313e+01    5.001832e-01    7.727209e-01
  173    173     3.252985e-02    6.245313e+01    5.001832e-01    7.727209e-01
  174    174     3.252985e-02    6.245313e+01    5.001832e-01    7.727209e-01
  175    175     3.252985e-02    6.245313e+01    5.001832e-01    7.727209e-01
  176    176     3.252979e-02    6.245591e+01    5.001777e-01    7.727560e-01
  177    177     3.252979e-02    6.246740e+01    5.001816e-01    7.727584e-01
  178    178     3.252978e-02    6.249707e+01    5.001879e-01    7.727528e-01
  179    179     3.252978e-02    6.249707e+01    5.001879e-01    7.727528e-01
  180    180     3.252978e-02    6.249707e+01    5.001879e-01    7.727528e-01
  181    181     3.252978e-02    6.249707e+01    5.001879e-01    7.727528e-01
  182    182     3.252978e-02    6.249707e+01    5.001879e-01    7.727528e-01
  183    183     3.252976e-02    6.249547e+01    5.001921e-01    7.727301e-01
  184    184     3.252976e-02    6.249547e+01    5.001921e-01    7.727301e-01
  185    185     3.252976e-02    6.249547e+01    5.001921e-01    7.727301e-01
  186    186     3.252976e-02    6.249547e+01    5.001921e-01    7.727301e-01
  187    187     3.252976e-02    6.249547e+01    5.001921e-01    7.727301e-01
  188    188     3.252975e-02    6.249667e+01    5.001896e-01    7.727463e-01
  189    189     3.252975e-02    6.249717e+01    5.001898e-01    7.727465e-01
  190    190     3.252975e-02    6.249717e+01    5.001898e-01    7.727465e-01
  191    191     3.252975e-02    6.249717e+01    5.001898e-01    7.727465e-01
  192    192     3.252975e-02    6.249717e+01    5.001898e-01    7.727465e-01
  193    193     3.252975e-02    6.249717e+01    5.001898e-01    7.727465e-01
  194    194     3.252975e-02    6.249640e+01    5.001918e-01    7.727354e-01
  195    195     3.252975e-02    6.249640e+01    5.001918e-01    7.727354e-01
  196    196     3.252975e-02    6.249640e+01    5.001918e-01    7.727354e-01
  197    197     3.252975e-02    6.249640e+01    5.001918e-01    7.727354e-01
  198    198     3.252975e-02    6.249640e+01    5.001918e-01    7.727354e-01
  199    199     3.252975e-02    6.249695e+01    5.001906e-01    7.727428e-01
  200    200     3.252975e-02    6.249695e+01    5.001906e-01    7.727428e-01
  201    201     3.252975e-02    6.249695e+01    5.001906e-01    7.727428e-01
  202    202     3.252975e-02    6.249695e+01    5.001906e-01    7.727428e-01
  203    203     3.252975e-02    6.249695e+01    5.001906e-01    7.727428e-01
  204    204     3.252975e-02    6.249695e+01    5.001906e-01    7.727428e-01
  205    205     3.252975e-02    6.249695e+01    5.001906e-01    7.727428e-01
