    0      0     1.247997e+00    1.000000e+00    1.000000e+00    1.000000e+00
    1      1     1.247997e+00    1.000000e+00    1.000000e+00    1.000000e+00
    2      2     3.938551e-01    3.768287e+00    4.014603e+00    3.275125e+00
    3      3     3.202485e-01    1.934937e+00    4.182539e+00    3.840664e+00
    4      4     3.048280e-01    2.950306e+00    4.207901e+00    8.232833e+00
    5      5     2.727764e-01    3.291504e+00    5.989269e+00    4.650213e+00
    6      6     2.493841e-01    3.093073e+00    7.630519e+00    6.607204e+00
    7      7     2.345516e-01    2.591731e+00    7.133603e+00    4.820447e+00
    8      8     2.271413e-01    2.692090e+00    5.362968e+00    3.894060e+00
    9      9     1.851684e-01    4.013068e+00    7.035959e+00    6.402601e+00
   10     10     1.475291e-01    3.000388e+00    8.779198e+00    6.669833e+00
   11     11     1.349769e-01    2.876574e+00    1.076731e+01    6.744470e+00
   12     12     1.274576e-01    2.999959e+00    1.054042e+01    6.814053e+00
   13     13     1.274119e-01    3.000245e+00    1.054187e+01    6.814435e+00
   14     14     1.244853e-01    3.005203e+00    1.062008e+01    6.782108e+00
   15     15     1.239789e-01    3.005480e+00    1.064101e+01    6.759614e+00
   16     16     1.234049e-01    3.004004e+00    1.065983e+01    6.721050e+00
   17     17     1.233443e-01    3.003758e+00    1.066281e+01    6.715556e+00
   18     18     1.181435e-01    2.963436e+00    1.097447e+01    6.175576e+00
   19     19     1.126846e-01    2.833500e+00    1.248369e+01    4.730596e+00
   20     20     1.109969e-01    2.911358e+00    1.266897e+01    4.412848e+00
   21     21     1.055322e-01    2.830570e+00    1.209912e+01    4.777449e+00
   22     22     9.778665e-02    2.616239e+00    1.363452e+01    4.252944e+00
   23     23     8.621107e-02    2.037035e+00    2.174506e+01    3.034043e+00
   24     24     5.934587e-02    1.882596e+00    2.783685e+01    2.889569e+00
   25     25     4.527274e-02    1.652667e+00    3.351016e+01    2.583094e+00
   26     26     3.905164e-02    1.469505e+00    4.590536e+01    2.185841e+00
   27     27     3.205226e-02    1.541131e+00    5.146815e+01    2.299123e+00
   28     28     2.357798e-02    1.579802e+00    8.644174e+01    2.400579e+00
   29     29     2.055252e-02    1.547964e+00    8.412968e+01    2.340158e+00
   30     30     1.749717e-02    1.460220e+00    7.863251e+01    2.161375e+00
   31     31     1.525676e-02    1.532370e+00    8.286071e+01    2.298157e+00
   32     32     1.455582e-02    1.501358e+00    8.189083e+01    2.247706e+00
   33     33     1.368623e-02    1.496675e+00    8.089551e+01    2.232146e+00
   34     34     1.368507e-02    1.482876e+00    8.082008e+01    2.209158e+00
   35     35     1.324145e-02    1.490065e+00    8.099473e+01    2.221970e+00
   36     36     1.311761e-02    1.481826e+00    8.059897e+01    2.207012e+00
   37     37     1.311184e-02    1.470125e+00    7.997222e+01    2.185100e+00
   38     38     1.308212e-02    1.472313e+00    8.019583e+01    2.189553e+00
   39     39     1.308081e-02    1.478578e+00    8.061562e+01    2.201545e+00
   40     40     1.299212e-02    1.473067e+00    8.024756e+01    2.191120e+00
   41     41     1.299179e-02    1.472512e+00    8.020494e+01    2.189970e+00
   42     42     1.299179e-02    1.472512e+00    8.020494e+01    2.189970e+00
   43     43     1.299179e-02    1.472512e+00    8.020494e+01    2.189970e+00
   44     44     1.299179e-02    1.472512e+00    8.020494e+01    2.189970e+00
   45     45     1.299179e-02    1.472512e+00    8.020494e+01    2.189970e+00
   46     46     1.299177e-02    1.472456e+00    8.020874e+01    2.189902e+00
   47     47     1.299176e-02    1.472496e+00    8.021210e+01    2.189968e+00
   48     48     1.299176e-02    1.472496e+00    8.021210e+01    2.189968e+00
   49     49     1.299176e-02    1.472496e+00    8.021210e+01    2.189968e+00
   50     50     1.299176e-02    1.472496e+00    8.021210e+01    2.189968e+00
   51     51     1.299176e-02    1.472496e+00    8.021210e+01    2.189968e+00
   52     52     1.299175e-02    1.472523e+00    8.020690e+01    2.189992e+00
   53     53     1.299175e-02    1.472520e+00    8.020678e+01    2.189987e+00
   54     54     1.299174e-02    1.472543e+00    8.020746e+01    2.190026e+00
   55     55     1.299174e-02    1.472543e+00    8.020746e+01    2.190026e+00
   56     56     1.299174e-02    1.472543e+00    8.020746e+01    2.190026e+00
   57     57     1.299174e-02    1.472543e+00    8.020746e+01    2.190026e+00
   58     58     1.299174e-02    1.472543e+00    8.020746e+01    2.190026e+00
   59     59     1.299172e-02    1.472511e+00    8.020965e+01    2.189987e+00
   60     60     1.299172e-02    1.472531e+00    8.021124e+01    2.190020e+00
   61     61     1.299172e-02    1.472531e+00    8.021124e+01    2.190020e+00
   62     62     1.299172e-02    1.472531e+00    8.021124e+01    2.190020e+00
   63     63     1.299172e-02    1.472531e+00    8.021124e+01    2.190020e+00
   64     64     1.299172e-02    1.472531e+00    8.021124e+01    2.190020e+00
   65     65     1.299172e-02    1.472540e+00    8.020956e+01    2.190028e+00
   66     66     1.299172e-02    1.472540e+00    8.020956e+01    2.190028e+00
   67     67     1.299172e-02    1.472540e+00    8.020956e+01    2.190028e+00
   68     68     1.299172e-02    1.472540e+00    8.020956e+01    2.190028e+00
   69     69     1.299172e-02    1.472540e+00    8.020956e+01    2.190028e+00
   70     70     1.299171e-02    1.472532e+00    8.021012e+01    2.190019e+00
   71     71     1.299171e-02    1.472532e+00    8.021012e+01    2.190019e+00
   72     72     1.299171e-02    1.472532e+00    8.021012e+01    2.190019e+00
   73     73     1.299171e-02    1.472532e+00    8.021012e+01    2.190019e+00
   74     74     1.299171e-02    1.472532e+00    8.021012e+01    2.190019e+00
   75     75     1.299171e-02    1.472533e+00    8.020996e+01    2.190020e+00
   76     76     1.299171e-02    1.472533e+00    8.020996e+01    2.190020e+00
   77     77     1.299171e-02    1.472533e+00    8.020996e+01    2.190020e+00
   78     78     1.299171e-02    1.472533e+00    8.020996e+01    2.190020e+00
   79     79     1.299171e-02    1.472533e+00    8.020996e+01    2.190020e+00
   80     80     1.299171e-02    1.472533e+00    8.020996e+01    2.190020e+00
   81     81     1.299171e-02    1.472533e+00    8.020996e+01    2.190020e+00
