    0      0     1.218059e+00    1.000000e+00    1.000000e+00    1.000000e+00
    1      1     1.218059e+00    1.000000e+00    1.000000e+00    1.000000e+00
    2      2     8.234654e-02    1.603476e+01    1.563886e+01    1.659844e+01
    3      3     6.179275e-02    2.331037e+01    3.022962e+01    2.838686e+01
    4      4     6.178313e-02    2.215704e+01    3.610151e+01    2.751561e+01
    5      5     5.883743e-02    3.037244e+01    3.023271e+01    3.524079e+01
    6      6     5.883320e-02    2.487377e+01    4.095024e+01    3.677283e+01
    7      7     5.661893e-02    1.842980e+01    3.903913e+01    2.760747e+01
    8      8     5.467148e-02    2.982201e+01    2.213178e+01    3.511891e+01
    9      9     4.663345e-02    3.386289e+01    1.695467e+01    3.774172e+01
   10     10     4.255643e-02    3.053148e+01    1.204099e+01    3.773558e+01
   11     11     3.955731e-02    3.872779e+01    1.047038e+01    3.940968e+01
   12     12     3.719621e-02    1.865236e+01    7.932367e+00    3.716257e+01
   13     13     3.568194e-02    2.130255e+01    7.433516e+00    3.913304e+01
   14     14     3.482071e-02    2.125102e+01    7.587759e+00    3.799887e+01
   15     15     3.083961e-02    2.709627e+01    8.562945e+00    5.112382e+01
   16     16     2.925226e-02    2.669898e+01    8.080268e+00    5.593952e+01
   17     17     2.681011e-02    3.170282e+01    9.359647e+00    8.696940e+01
   18     18     2.367453e-02    3.097847e+01    9.148095e+00    6.699936e+01
   19     19     2.288770e-02    3.194610e+01    9.022040e+00    6.999926e+01
   20     20     2.076275e-02    3.433217e+01    9.091136e+00    9.108557e+01
   21     21     2.022141e-02    3.335449e+01    9.318404e+00    8.274174e+01
   22     22     1.878129e-02    3.937869e+01    9.492396e+00    1.074999e+02
   23     23     1.813066e-02    4.150601e+01    9.348884e+00    9.800567e+01
   24     24     1.602563e-02    3.753905e+01    9.371745e+00    1.311818e+02
   25     25     1.559936e-02    3.897239e+01    9.403993e+00    1.559138e+02
   26     26     1.535082e-02    4.031933e+01    9.380241e+00    1.489224e+02
   27     27     1.494093e-02    4.107428e+01    9.372493e+00    1.414722e+02
   28     28     1.423639e-02    4.031639e+01    9.351954e+00    1.597378e+02
   29     29     1.406985e-02    3.687349e+01    9.453522e+00    1.235821e+02
   30     30     1.286050e-02    3.679640e+01    9.615186e+00    1.519972e+02
   31     31     1.213233e-02    4.212789e+01    9.520721e+00    1.637014e+02
   32     32     1.178018e-02    3.999109e+01    9.370434e+00    1.526102e+02
   33     33     1.147326e-02    3.680333e+01    9.112568e+00    1.472310e+02
   34     34     1.072334e-02    3.240624e+01    8.397315e+00    1.561252e+02
   35     35     1.069288e-02    3.406657e+01    8.521375e+00    1.534582e+02
   36     36     1.048595e-02    3.420629e+01    8.419032e+00    1.633493e+02
   37     37     1.033900e-02    3.355234e+01    8.270714e+00    1.664109e+02
   38     38     1.030464e-02    3.467443e+01    8.337356e+00    1.665489e+02
   39     39     1.022987e-02    3.391025e+01    8.300339e+00    1.689221e+02
   40     40     1.022651e-02    3.358559e+01    8.243131e+00    1.699560e+02
   41     41     1.015846e-02    3.321944e+01    8.238902e+00    1.708302e+02
   42     42     1.005097e-02    3.318227e+01    8.216122e+00    1.704796e+02
   43     43     9.708191e-03    3.165831e+01    8.061931e+00    1.933201e+02
   44     44     9.517979e-03    2.991131e+01    7.844867e+00    1.750894e+02
   45     45     9.069712e-03    2.917880e+01    7.536469e+00    1.801817e+02
    0      0     1.218059e+00    1.000000e+00    1.000000e+00    1.000000e+00
    1      1     1.218059e+00    1.000000e+00    1.000000e+00    1.000000e+00
    2      2     8.234654e-02    1.603476e+01    1.563886e+01    1.659844e+01
    3      3     6.179275e-02    2.331037e+01    3.022962e+01    2.838686e+01
    0      0     1.218059e+00    1.000000e+00    1.000000e+00    1.000000e+00
    1      1     1.218059e+00    1.000000e+00    1.000000e+00    1.000000e+00
    2      2     8.234654e-02    1.603476e+01    1.563886e+01    1.659844e+01
    3      3     6.179275e-02    2.331037e+01    3.022962e+01    2.838686e+01
    4      4     6.178313e-02    2.215704e+01    3.610151e+01    2.751561e+01
    5      5     5.883743e-02    3.037244e+01    3.023271e+01    3.524079e+01
    6      6     5.883320e-02    2.487377e+01    4.095024e+01    3.677283e+01
    7      7     5.661893e-02    1.842980e+01    3.903913e+01    2.760747e+01
    8      8     5.467148e-02    2.982201e+01    2.213178e+01    3.511891e+01
    9      9     4.663345e-02    3.386289e+01    1.695467e+01    3.774172e+01
   10     10     4.255643e-02    3.053148e+01    1.204099e+01    3.773558e+01
   11     11     3.955731e-02    3.872779e+01    1.047038e+01    3.940968e+01
   12     12     3.719621e-02    1.865236e+01    7.932367e+00    3.716257e+01
   13     13     3.568194e-02    2.130255e+01    7.433516e+00    3.913304e+01
   14     14     3.482071e-02    2.125102e+01    7.587759e+00    3.799887e+01
   15     15     3.083961e-02    2.709627e+01    8.562945e+00    5.112382e+01
   16     16     2.925226e-02    2.669898e+01    8.080268e+00    5.593952e+01
   17     17     2.681011e-02    3.170282e+01    9.359647e+00    8.696940e+01
   18     18     2.367453e-02    3.097847e+01    9.148095e+00    6.699936e+01
   19     19     2.288770e-02    3.194610e+01    9.022040e+00    6.999926e+01
   20     20     2.076275e-02    3.433217e+01    9.091136e+00    9.108557e+01
   21     21     2.022141e-02    3.335449e+01    9.318404e+00    8.274174e+01
   22     22     1.878129e-02    3.937869e+01    9.492396e+00    1.074999e+02
   23     23     1.813066e-02    4.150601e+01    9.348884e+00    9.800567e+01
   24     24     1.602563e-02    3.753905e+01    9.371745e+00    1.311818e+02
   25     25     1.559936e-02    3.897239e+01    9.403993e+00    1.559138e+02
   26     26     1.535082e-02    4.031933e+01    9.380241e+00    1.489224e+02
   27     27     1.494093e-02    4.107428e+01    9.372493e+00    1.414722e+02
   28     28     1.423639e-02    4.031639e+01    9.351954e+00    1.597378e+02
   29     29     1.406985e-02    3.687349e+01    9.453522e+00    1.235821e+02
   30     30     1.286050e-02    3.679640e+01    9.615186e+00    1.519972e+02
   31     31     1.213233e-02    4.212789e+01    9.520721e+00    1.637014e+02
   32     32     1.178018e-02    3.999109e+01    9.370434e+00    1.526102e+02
   33     33     1.147326e-02    3.680333e+01    9.112568e+00    1.472310e+02
   34     34     1.072334e-02    3.240624e+01    8.397315e+00    1.561252e+02
   35     35     1.069288e-02    3.406657e+01    8.521375e+00    1.534582e+02
   36     36     1.048595e-02    3.420629e+01    8.419032e+00    1.633493e+02
   37     37     1.033900e-02    3.355234e+01    8.270714e+00    1.664109e+02
   38     38     1.030464e-02    3.467443e+01    8.337356e+00    1.665489e+02
   39     39     1.022987e-02    3.391025e+01    8.300339e+00    1.689221e+02
   40     40     1.022651e-02    3.358559e+01    8.243131e+00    1.699560e+02
   41     41     1.015846e-02    3.321944e+01    8.238902e+00    1.708302e+02
   42     42     1.005097e-02    3.318227e+01    8.216122e+00    1.704796e+02
   43     43     9.708191e-03    3.165831e+01    8.061931e+00    1.933201e+02
   44     44     9.517979e-03    2.991131e+01    7.844867e+00    1.750894e+02
   45     45     9.069712e-03    2.917880e+01    7.536469e+00    1.801817e+02
   46     46     8.864633e-03    2.925910e+01    7.464857e+00    2.653504e+02
   47     47     8.246889e-03    2.834398e+01    7.184730e+00    2.391871e+02
   48     48     7.391547e-03    2.854474e+01    7.287479e+00    2.674203e+02
   49     49     6.619809e-03    2.892349e+01    7.522850e+00    2.598870e+02
   50     50     6.431101e-03    2.814420e+01    7.471096e+00    2.065644e+02
   51     51     6.148044e-03    2.804476e+01    7.461067e+00    3.093747e+02
   52     52     6.106562e-03    2.877680e+01    7.509019e+00    3.075148e+02
   53     53     5.927346e-03    2.820149e+01    7.446011e+00    2.888765e+02
   54     54     5.843893e-03    2.790729e+01    7.398261e+00    2.747296e+02
   55     55     5.725785e-03    2.787264e+01    7.348295e+00    2.894436e+02
   56     56     5.604365e-03    2.770535e+01    7.238803e+00    3.008576e+02
   57     57     5.176843e-03    2.590490e+01    6.652684e+00    3.553155e+02
   58     58     5.061317e-03    2.517165e+01    6.306951e+00    4.065350e+02
   59     59     5.017806e-03    2.606900e+01    6.483458e+00    4.310779e+02
   60     60     4.979842e-03    2.524607e+01    6.450262e+00    3.514187e+02
   61     61     4.745377e-03    2.544075e+01    6.385632e+00    3.648369e+02
   62     62     4.732221e-03    2.519100e+01    6.228938e+00    4.073298e+02
   63     63     4.639378e-03    2.523300e+01    6.294855e+00    3.897774e+02
   64     64     4.571472e-03    2.508781e+01    6.229603e+00    3.765600e+02
   65     65     4.448640e-03    2.451015e+01    6.039086e+00    3.982081e+02
   66     66     4.283707e-03    2.403324e+01    5.839489e+00    4.010655e+02
   67     67     4.036423e-03    2.338341e+01    5.590350e+00    4.264841e+02
   68     68     4.022391e-03    2.336915e+01    5.581823e+00    4.275437e+02
   69     69     4.017810e-03    2.336263e+01    5.578795e+00    4.280357e+02
   70     70     4.017639e-03    2.336244e+01    5.578694e+00    4.280519e+02
   71     71     4.017613e-03    2.336241e+01    5.578679e+00    4.280544e+02
   72     72     4.017613e-03    2.336241e+01    5.578679e+00    4.280544e+02
   73     73     4.017613e-03    2.336241e+01    5.578679e+00    4.280544e+02
   74     74     4.017613e-03    2.336241e+01    5.578679e+00    4.280544e+02
   75     75     4.017613e-03    2.336241e+01    5.578679e+00    4.280544e+02
   76     76     4.017613e-03    2.336241e+01    5.578679e+00    4.280544e+02
   77     77     4.017613e-03    2.336241e+01    5.578679e+00    4.280544e+02
