    0      0     2.129038e+00    1.000000e+00    1.000000e+00    1.000000e+00
    1      1     2.129038e+00    1.000000e+00    1.000000e+00    1.000000e+00
    2      2     7.953861e-01    3.051352e+00    3.793780e+00    3.918930e+00
    3      3     4.782301e-01    5.126984e+00    8.665147e+00    6.545052e+00
    4      4     3.953673e-01    4.773883e+00    5.536171e+00    5.552081e+00
    5      5     3.275622e-01    4.915077e+00    1.347821e+01    7.265851e+00
    6      6     3.163583e-01    8.240039e+00    9.064262e+00    1.135845e+01
    7      7     2.862236e-01    7.677001e+00    8.019601e+00    1.063325e+01
    8      8     2.814887e-01    7.707123e+00    8.396093e+00    1.062681e+01
    9      9     2.446256e-01    1.118052e+01    1.682990e+01    1.530056e+01
   10     10     2.192732e-01    1.464132e+01    2.250697e+01    1.876328e+01
   11     11     2.168048e-01    1.092006e+01    1.124933e+01    1.493342e+01
   12     12     2.165264e-01    1.776296e+01    9.402244e+00    1.184533e+01
   13     13     1.886372e-01    1.397757e+01    1.390573e+01    2.212888e+01
   14     14     1.675442e-01    1.366044e+01    1.959876e+01    1.708456e+01
   15     15     1.630699e-01    1.149040e+01    3.066525e+01    1.699575e+01
   16     16     1.438155e-01    2.041330e+01    1.708275e+01    3.360768e+01
   17     17     1.236666e-01    6.106491e+01    1.302167e+01    2.916485e+01
   18     18     1.041137e-01    2.448662e+01    2.285228e+01    4.190012e+01
   19     19     9.807603e-02    3.514284e+01    1.953107e+01    5.652555e+01
   20     20     9.643665e-02    3.044827e+01    1.914373e+01    5.666333e+01
   21     21     9.540260e-02    3.335286e+01    1.767607e+01    8.358122e+01
   22     22     9.389157e-02    4.421827e+01    1.821762e+01    7.218905e+01
   23     23     9.300236e-02    3.772703e+01    2.103805e+01    5.983593e+01
   24     24     9.049051e-02    3.990461e+01    1.895377e+01    7.292649e+01
   25     25     8.991559e-02    4.205624e+01    1.885798e+01    8.281898e+01
   26     26     8.974378e-02    4.742979e+01    1.897199e+01    8.594150e+01
   27     27     8.955856e-02    4.489512e+01    1.903980e+01    8.772380e+01
   28     28     8.919756e-02    4.287437e+01    1.911097e+01    8.756672e+01
   29     29     8.847620e-02    4.459801e+01    1.933328e+01    6.768405e+01
   30     30     8.810616e-02    4.412347e+01    1.912297e+01    7.467014e+01
   31     31     8.785388e-02    4.375939e+01    1.865305e+01    9.262284e+01
   32     32     8.757837e-02    4.282225e+01    1.878668e+01    8.938865e+01
   33     33     8.754854e-02    4.307255e+01    1.896063e+01    8.330784e+01
   34     34     8.729833e-02    4.289670e+01    1.902224e+01    7.968523e+01
   35     35     8.722430e-02    4.112276e+01    1.911503e+01    8.158263e+01
   36     36     8.714816e-02    4.005131e+01    1.905323e+01    8.596116e+01
   37     37     8.699458e-02    4.149569e+01    1.873807e+01    9.596253e+01
   38     38     8.682035e-02    4.289738e+01    1.878532e+01    8.734530e+01
   39     39     8.657911e-02    4.015283e+01    1.908834e+01    8.366054e+01
   40     40     8.644422e-02    3.962711e+01    1.895475e+01    8.892677e+01
   41     41     8.640068e-02    4.004478e+01    1.872194e+01    9.703962e+01
   42     42     8.636880e-02    4.031615e+01    1.876505e+01    9.211855e+01
   43     43     8.629919e-02    3.978008e+01    1.895235e+01    8.548582e+01
   44     44     8.620962e-02    3.942967e+01    1.892722e+01    8.780770e+01
   45     45     8.619616e-02    3.935553e+01    1.881360e+01    9.197751e+01
   46     46     8.610524e-02    3.999524e+01    1.871152e+01    9.235251e+01
   47     47     8.605903e-02    3.962677e+01    1.879130e+01    8.887983e+01
   48     48     8.598187e-02    3.937106e+01    1.882157e+01    8.740791e+01
   49     49     8.595376e-02    3.881216e+01    1.874576e+01    8.966150e+01
   50     50     8.590933e-02    3.886590e+01    1.871194e+01    9.114910e+01
   51     51     8.588155e-02    3.910616e+01    1.869463e+01    9.015455e+01
   52     52     8.585187e-02    3.887202e+01    1.870421e+01    8.910966e+01
   53     53     8.582930e-02    3.860233e+01    1.864284e+01    9.097088e+01
   54     54     8.581973e-02    3.856683e+01    1.860722e+01    9.136950e+01
   55     55     8.580544e-02    3.857457e+01    1.861636e+01    9.123925e+01
   56     56     8.580113e-02    3.861364e+01    1.869090e+01    9.092145e+01
   57     57     8.577184e-02    3.874347e+01    1.864720e+01    9.162095e+01
   58     58     8.576240e-02    3.852409e+01    1.867382e+01    9.099239e+01
   59     59     8.575142e-02    3.854213e+01    1.868329e+01    9.084253e+01
   60     60     8.574394e-02    3.851187e+01    1.872046e+01    9.043384e+01
   61     61     8.574143e-02    3.843560e+01    1.873498e+01    8.995880e+01
   62     62     8.573990e-02    3.834369e+01    1.873470e+01    8.947238e+01
   63     63     8.573971e-02    3.837246e+01    1.872919e+01    8.949673e+01
   64     64     8.573970e-02    3.834171e+01    1.873217e+01    8.939216e+01
   65     65     8.573970e-02    3.834171e+01    1.873217e+01    8.939216e+01
   66     66     8.573970e-02    3.834171e+01    1.873217e+01    8.939216e+01
   67     67     8.573970e-02    3.834171e+01    1.873217e+01    8.939216e+01
   68     68     8.573970e-02    3.834171e+01    1.873217e+01    8.939216e+01
   69     69     8.573970e-02    3.834692e+01    1.873146e+01    8.940348e+01
   70     70     8.573970e-02    3.834420e+01    1.873168e+01    8.939140e+01
   71     71     8.573969e-02    3.833568e+01    1.873306e+01    8.936847e+01
   72     72     8.573969e-02    3.832488e+01    1.873512e+01    8.933934e+01
   73     73     8.573969e-02    3.832097e+01    1.873627e+01    8.933388e+01
   74     74     8.573969e-02    3.832217e+01    1.873803e+01    8.936394e+01
   75     75     8.573969e-02    3.832049e+01    1.873871e+01    8.936816e+01
   76     76     8.573969e-02    3.831465e+01    1.873792e+01    8.932151e+01
   77     77     8.573968e-02    3.830683e+01    1.873795e+01    8.924821e+01
   78     78     8.573968e-02    3.832022e+01    1.873697e+01    8.927966e+01
   79     79     8.573968e-02    3.830750e+01    1.873838e+01    8.922920e+01
   80     80     8.573968e-02    3.832841e+01    1.873632e+01    8.932038e+01
   81     81     8.573968e-02    3.833542e+01    1.873484e+01    8.934072e+01
   82     82     8.573968e-02    3.833161e+01    1.873600e+01    8.928781e+01
   83     83     8.573967e-02    3.834507e+01    1.873540e+01    8.942506e+01
   84     84     8.573967e-02    3.834059e+01    1.873487e+01    8.940910e+01
   85     85     8.573966e-02    3.832314e+01    1.873703e+01    8.935938e+01
   86     86     8.573966e-02    3.833729e+01    1.873737e+01    8.939983e+01
   87     87     8.573964e-02    3.834243e+01    1.873906e+01    8.944206e+01
   88     88     8.573959e-02    3.835759e+01    1.873813e+01    8.948214e+01
   89     89     8.573954e-02    3.837661e+01    1.873824e+01    8.960045e+01
   90     90     8.573953e-02    3.839801e+01    1.873460e+01    8.967468e+01
   91     91     8.573952e-02    3.838762e+01    1.873562e+01    8.968021e+01
   92     92     8.573949e-02    3.838061e+01    1.873306e+01    8.960791e+01
   93     93     8.573947e-02    3.836185e+01    1.873151e+01    8.958796e+01
   94     94     8.573944e-02    3.831327e+01    1.873349e+01    8.942385e+01
   95     95     8.573938e-02    3.824965e+01    1.873536e+01    8.920150e+01
   96     96     8.573877e-02    3.819416e+01    1.873794e+01    8.890679e+01
   97     97     8.573693e-02    3.818557e+01    1.873842e+01    8.874591e+01
   98     98     8.573558e-02    3.825366e+01    1.873667e+01    8.902723e+01
   99     99     8.573466e-02    3.837822e+01    1.873468e+01    8.959129e+01
  100    100     8.573439e-02    3.838794e+01    1.873242e+01    8.962667e+01
  101    101     8.573322e-02    3.840707e+01    1.873115e+01    8.978038e+01
  102    102     8.573209e-02    3.837216e+01    1.873301e+01    8.961771e+01
  103    103     8.573072e-02    3.828471e+01    1.873714e+01    8.917326e+01
  104    104     8.573007e-02    3.825691e+01    1.874121e+01    8.901797e+01
  105    105     8.572888e-02    3.828564e+01    1.873617e+01    8.904910e+01
  106    106     8.572733e-02    3.828776e+01    1.874018e+01    8.910250e+01
  107    107     8.572710e-02    3.833346e+01    1.873325e+01    8.930590e+01
  108    108     8.572710e-02    3.833346e+01    1.873325e+01    8.930590e+01
  109    109     8.572710e-02    3.833346e+01    1.873325e+01    8.930590e+01
  110    110     8.572710e-02    3.833346e+01    1.873325e+01    8.930590e+01
  111    111     8.572710e-02    3.833346e+01    1.873325e+01    8.930590e+01
  112    112     8.572710e-02    3.833346e+01    1.873325e+01    8.930590e+01
  113    113     8.572710e-02    3.833346e+01    1.873325e+01    8.930590e+01
