    0      0     2.344571e+00    1.000000e+00    1.000000e+00    1.000000e+00
    1      1     2.344571e+00    1.000000e+00    1.000000e+00    1.000000e+00
    2      2     1.798101e+00    1.365164e+00    1.411860e+00    1.706189e+00
    3      3     1.728635e+00    1.626851e+00    1.402563e+00    1.546816e+00
    4      4     1.475849e+00    2.544507e+00    1.257856e+00    2.551580e+00
    5      5     1.408501e+00    2.445345e+00    1.249554e+00    1.983752e+00
    6      6     1.351901e+00    2.606510e+00    1.909008e+00    2.913563e+00
    7      7     1.180765e+00    2.715997e+00    1.845261e+00    3.893270e+00
    8      8     1.167367e+00    2.728223e+00    3.023011e+00    3.075681e+00
    9      9     1.063458e+00    3.368643e+00    2.095790e+00    3.806081e+00
   10     10     1.030052e+00    3.412656e+00    2.382685e+00    3.747848e+00
   11     11     9.838284e-01    4.983372e+00    1.856173e+00    5.072565e+00
   12     12     9.591955e-01    4.754742e+00    2.015272e+00    5.397400e+00
   13     13     9.563870e-01    4.270309e+00    2.789046e+00    4.614983e+00
   14     14     9.240346e-01    3.392250e+00    2.898780e+00    3.808626e+00
   15     15     8.164246e-01    4.019492e+00    3.270066e+00    4.603925e+00
   16     16     8.010578e-01    3.799997e+00    3.133504e+00    5.012539e+00
   17     17     7.175224e-01    3.700358e+00    3.964801e+00    4.208044e+00
   18     18     6.881439e-01    3.888575e+00    3.948336e+00    4.431527e+00
   19     19     6.723255e-01    5.763129e+00    2.736577e+00    6.561857e+00
   20     20     6.552979e-01    5.287085e+00    2.828901e+00    6.197300e+00
   21     21     6.489797e-01    5.547056e+00    3.665349e+00    6.252569e+00
   22     22     6.248711e-01    4.275773e+00    4.491096e+00    5.158452e+00
   23     23     6.239527e-01    6.381614e+00    5.013894e+00    7.180724e+00
   24     24     5.600698e-01    6.263614e+00    5.027532e+00    7.160365e+00
   25     25     5.190269e-01    5.181610e+00    4.235653e+00    5.941346e+00
   26     26     4.934527e-01    8.040004e+00    3.758069e+00    9.198303e+00
   27     27     4.788191e-01    6.276557e+00    4.868633e+00    7.086171e+00
   28     28     4.650707e-01    7.347926e+00    5.117717e+00    8.836121e+00
   29     29     4.597859e-01    5.558459e+00    6.889760e+00    7.329299e+00
   30     30     4.206591e-01    8.745652e+00    6.090946e+00    1.008752e+01
   31     31     4.116408e-01    1.002658e+01    5.302731e+00    1.034909e+01
   32     32     4.093267e-01    6.849169e+00    7.720420e+00    9.566380e+00
   33     33     3.936374e-01    7.638980e+00    7.984635e+00    1.081673e+01
   34     34     3.894721e-01    8.814997e+00    7.242041e+00    1.107108e+01
   35     35     3.878291e-01    8.498128e+00    7.362120e+00    1.183667e+01
   36     36     3.875429e-01    7.919242e+00    8.188037e+00    1.156027e+01
   37     37     3.869242e-01    7.826620e+00    8.062438e+00    1.123866e+01
   38     38     3.865937e-01    8.482310e+00    7.907189e+00    1.182945e+01
   39     39     3.864767e-01    8.087980e+00    7.972463e+00    1.181124e+01
   40     40     3.864766e-01    8.174300e+00    8.074326e+00    1.185877e+01
   41     41     3.864190e-01    8.189711e+00    7.989441e+00    1.183754e+01
   42     42     3.864159e-01    8.182568e+00    7.990280e+00    1.182230e+01
   43     43     3.864137e-01    8.182184e+00    8.012983e+00    1.182387e+01
   44     44     3.864133e-01    8.182586e+00    8.001281e+00    1.182631e+01
   45     45     3.864129e-01    8.183439e+00    8.004650e+00    1.182373e+01
   46     46     3.864119e-01    8.185301e+00    8.014179e+00    1.181590e+01
   47     47     3.864109e-01    8.187538e+00    8.024988e+00    1.180785e+01
   48     48     3.864098e-01    8.188350e+00    8.034429e+00    1.180300e+01
   49     49     3.864093e-01    8.188370e+00    8.032755e+00    1.180374e+01
   50     50     3.864088e-01    8.185803e+00    8.024862e+00    1.181073e+01
   51     51     3.864086e-01    8.186456e+00    8.020680e+00    1.181384e+01
   52     52     3.864084e-01    8.185347e+00    8.013650e+00    1.181969e+01
   53     53     3.864084e-01    8.185383e+00    8.014604e+00    1.181973e+01
   54     54     3.864084e-01    8.185401e+00    8.014751e+00    1.181967e+01
   55     55     3.864084e-01    8.185444e+00    8.014954e+00    1.181954e+01
   56     56     3.864084e-01    8.185479e+00    8.015102e+00    1.181940e+01
   57     57     3.864084e-01    8.185479e+00    8.015102e+00    1.181940e+01
   58     58     3.864084e-01    8.185479e+00    8.015102e+00    1.181940e+01
   59     59     3.864084e-01    8.185479e+00    8.015102e+00    1.181940e+01
   60     60     3.864084e-01    8.185479e+00    8.015102e+00    1.181940e+01
   61     61     3.864084e-01    8.185479e+00    8.015102e+00    1.181940e+01
   62     62     3.864084e-01    8.185479e+00    8.015102e+00    1.181940e+01
