    0      0     1.221326e+00    1.000000e+00    1.000000e+00    1.000000e+00
    1      1     1.221326e+00    1.000000e+00    1.000000e+00    1.000000e+00
    2      2     2.022633e-01    9.091310e+00    1.096041e+01    1.136695e+01
    3      3     7.617190e-02    2.476902e+01    1.987569e+01    3.167051e+01
    4      4     6.434267e-02    2.543336e+01    1.649308e+01    3.078183e+01
    5      5     6.119621e-02    3.303266e+01    2.208268e+01    3.792108e+01
    6      6     6.099924e-02    3.387808e+01    2.573470e+01    3.874282e+01
    7      7     6.017490e-02    3.711777e+01    1.857219e+01    4.516312e+01
    8      8     5.918676e-02    4.097616e+01    8.966828e+00    4.354716e+01
    9      9     5.858816e-02    3.580296e+01    1.021608e+01    4.397343e+01
   10     10     5.500203e-02    3.302522e+01    1.561323e+01    4.580021e+01
   11     11     5.390828e-02    3.572568e+01    1.132827e+01    4.352667e+01
   12     12     5.122820e-02    3.782495e+01    1.036383e+01    4.142181e+01
   13     13     4.946130e-02    4.454005e+01    1.018468e+01    2.388440e+01
   14     14     4.891276e-02    3.439448e+01    1.087055e+01    2.733623e+01
   15     15     4.570562e-02    3.951248e+01    1.310587e+01    3.169067e+01
   16     16     3.954004e-02    5.329192e+01    1.035588e+01    7.021030e+01
   17     17     3.748550e-02    5.121873e+01    1.015854e+01    6.336899e+01
   18     18     3.595100e-02    6.678222e+01    9.114136e+00    5.340557e+01
   19     19     3.016992e-02    7.169537e+01    8.435123e+00    5.599949e+01
   20     20     2.808937e-02    7.635890e+01    7.634006e+00    3.140856e+01
   21     21     2.786363e-02    7.003328e+01    8.690489e+00    3.336446e+01
   22     22     2.187062e-02    1.115729e+02    8.872008e+00    3.653669e+01
   23     23     1.998307e-02    1.113005e+02    8.399711e+00    4.385474e+01
   24     24     1.789616e-02    1.058265e+02    7.589342e+00    3.965279e+01
   25     25     1.639012e-02    1.434847e+02    7.337757e+00    3.269956e+01
   26     26     1.579092e-02    1.607360e+02    7.298148e+00    3.226875e+01
   27     27     1.433090e-02    1.447807e+02    7.789263e+00    3.438201e+01
   28     28     1.327904e-02    1.412533e+02    7.477920e+00    3.814960e+01
   29     29     1.265832e-02    1.549950e+02    7.329329e+00    3.728800e+01
   30     30     1.140532e-02    1.640339e+02    7.238655e+00    3.553673e+01
   31     31     1.084725e-02    1.995869e+02    6.979384e+00    3.463827e+01
   32     32     1.052359e-02    2.507882e+02    6.900076e+00    3.141314e+01
   33     33     1.020953e-02    2.361622e+02    7.112419e+00    3.413927e+01
   34     34     9.973570e-03    2.268371e+02    6.861387e+00    3.465254e+01
   35     35     9.323503e-03    2.775116e+02    6.661521e+00    3.321260e+01
   36     36     9.041523e-03    2.748537e+02    6.683734e+00    3.242361e+01
   37     37     8.917134e-03    2.697409e+02    6.692498e+00    3.245679e+01
   38     38     8.805121e-03    2.885846e+02    6.616558e+00    3.306031e+01
   39     39     8.796701e-03    2.868354e+02    6.533983e+00    3.265793e+01
   40     40     8.677457e-03    2.952631e+02    6.469420e+00    3.199371e+01
   41     41     8.637146e-03    2.896834e+02    6.429755e+00    3.182206e+01
   42     42     8.592638e-03    3.143297e+02    6.309993e+00    3.138860e+01
   43     43     8.562884e-03    3.248774e+02    6.186912e+00    3.135019e+01
   44     44     8.477768e-03    3.372907e+02    5.989928e+00    3.006780e+01
   45     45     8.396275e-03    3.546307e+02    5.755642e+00    2.878631e+01
   46     46     8.369996e-03    3.754444e+02    5.599401e+00    2.801577e+01
   47     47     8.335516e-03    3.800688e+02    5.654801e+00    2.843132e+01
   48     48     8.269957e-03    3.712627e+02    5.695370e+00    2.859142e+01
   49     49     8.193002e-03    3.671197e+02    5.658632e+00    2.843618e+01
   50     50     8.138169e-03    3.624258e+02    5.538127e+00    2.730640e+01
   51     51     7.947034e-03    3.686693e+02    5.527817e+00    2.767429e+01
   52     52     7.791971e-03    3.723871e+02    5.445759e+00    2.708176e+01
   53     53     7.708898e-03    3.707693e+02    5.340070e+00    2.643211e+01
   54     54     7.576304e-03    3.467947e+02    5.313947e+00    2.599157e+01
   55     55     7.516819e-03    3.283761e+02    5.316311e+00    2.599679e+01
   56     56     7.296166e-03    3.875273e+02    5.120693e+00    2.536917e+01
   57     57     7.228118e-03    4.155539e+02    5.157390e+00    2.572708e+01
   58     58     6.951360e-03    3.770713e+02    5.191400e+00    2.543088e+01
   59     59     6.767805e-03    3.773161e+02    5.124184e+00    2.518380e+01
   60     60     6.622822e-03    3.891686e+02    5.079553e+00    2.499722e+01
   61     61     6.463892e-03    3.894145e+02    5.042517e+00    2.479730e+01
   62     62     6.434032e-03    3.796927e+02    4.956784e+00    2.414161e+01
   63     63     6.350355e-03    3.703637e+02    5.004082e+00    2.426569e+01
   64     64     6.322053e-03    3.760843e+02    5.007135e+00    2.411973e+01
   65     65     6.102541e-03    3.750255e+02    4.944501e+00    2.400093e+01
   66     66     6.060477e-03    3.755488e+02    4.963391e+00    2.396290e+01
   67     67     6.036978e-03    3.736199e+02    4.947376e+00    2.387500e+01
   68     68     6.016279e-03    3.741826e+02    4.917810e+00    2.366920e+01
   69     69     6.000900e-03    3.739070e+02    4.898889e+00    2.362093e+01
   70     70     5.977456e-03    3.757764e+02    4.881988e+00    2.351863e+01
   71     71     5.921138e-03    3.848303e+02    4.830079e+00    2.324011e+01
   72     72     5.867856e-03    3.970877e+02    4.783362e+00    2.302323e+01
   73     73     5.844818e-03    4.024446e+02    4.765637e+00    2.294784e+01
   74     74     5.840097e-03    4.032548e+02    4.762355e+00    2.293457e+01
   75     75     5.839548e-03    4.033291e+02    4.762026e+00    2.293331e+01
   76     76     5.839504e-03    4.033347e+02    4.762001e+00    2.293322e+01
   77     77     5.839476e-03    4.033341e+02    4.762000e+00    2.293321e+01
   78     78     5.839476e-03    4.033341e+02    4.762000e+00    2.293321e+01
   79     79     5.839476e-03    4.033341e+02    4.762000e+00    2.293321e+01
   80     80     5.839476e-03    4.033341e+02    4.762000e+00    2.293321e+01
   81     81     5.839476e-03    4.033341e+02    4.762000e+00    2.293321e+01
   82     82     5.839476e-03    4.033341e+02    4.762000e+00    2.293321e+01
   83     83     5.839476e-03    4.033341e+02    4.762000e+00    2.293321e+01
