    0      0     1.385959e+00    1.000000e+00    1.000000e+00    1.000000e+00
    1      1     1.385959e+00    1.000000e+00    1.000000e+00    1.000000e+00
    2      2     1.368931e+00    6.629216e-01    1.055872e+00    8.498430e-01
    3      3     1.364394e+00    5.216427e-01    1.504189e+00    6.588529e-01
    4      4     1.348426e+00    4.818951e-01    1.699509e+00    6.174898e-01
    5      5     1.308294e+00    4.857134e-01    1.694653e+00    6.244633e-01
    6      6     1.307357e+00    4.837223e-01    1.696287e+00    6.219080e-01
    7      7     1.276424e+00    5.285099e-01    1.502924e+00    6.714338e-01
    8      8     1.110194e+00    2.556022e-01    1.601037e+00    3.397856e-01
    9      9     1.074272e+00    2.392052e-01    1.639957e+00    3.114082e-01
   10     10     9.279125e-01    3.154145e-01    1.729039e+00    4.043157e-01
   11     11     8.840136e-01    4.517230e-01    1.951386e+00    5.491114e-01
   12     12     8.425959e-01    3.940460e-01    2.618113e+00    4.773706e-01
   13     13     8.315926e-01    3.709784e-01    2.828596e+00    4.489124e-01
   14     14     6.631763e-01    2.544098e-01    2.299182e+00    3.131492e-01
   15     15     5.956281e-01    2.601182e-01    3.487072e+00    3.296651e-01
   16     16     5.841689e-01    2.534549e-01    3.400235e+00    3.246838e-01
   17     17     5.735903e-01    3.131954e-01    3.065261e+00    4.038091e-01
   18     18     5.504670e-01    3.821421e-01    2.818059e+00    4.887760e-01
   19     19     5.220049e-01    3.804553e-01    3.181675e+00    4.776164e-01
   20     20     4.928199e-01    2.826050e-01    3.664932e+00    3.449560e-01
   21     21     4.328511e-01    2.625782e-01    4.016643e+00    3.369282e-01
   22     22     4.249944e-01    2.766101e-01    4.196751e+00    3.554042e-01
   23     23     3.916337e-01    3.300459e-01    4.509097e+00    4.220688e-01
   24     24     3.576334e-01    3.110903e-01    4.992874e+00    3.849990e-01
   25     25     3.086221e-01    2.534608e-01    4.654401e+00    3.085215e-01
   26     26     2.771373e-01    2.795160e-01    6.397825e+00    3.398011e-01
   27     27     2.635014e-01    2.742676e-01    8.342890e+00    3.334663e-01
   28     28     2.450903e-01    2.524467e-01    7.795126e+00    3.066955e-01
   29     29     2.424563e-01    2.605617e-01    5.688306e+00    3.164454e-01
   30     30     2.334850e-01    2.632343e-01    7.386511e+00    3.195763e-01
   31     31     2.310457e-01    2.651994e-01    7.887116e+00    3.218269e-01
   32     32     2.230103e-01    2.690363e-01    8.117168e+00    3.263788e-01
   33     33     2.152654e-01    2.846800e-01    8.589202e+00    3.452954e-01
   34     34     2.016380e-01    3.215848e-01    8.480102e+00    3.896703e-01
   35     35     1.944937e-01    3.915732e-01    9.055353e+00    4.733314e-01
   36     36     1.924957e-01    3.899531e-01    8.875011e+00    4.721762e-01
   37     37     1.871770e-01    3.630829e-01    9.361605e+00    4.392745e-01
   38     38     1.744133e-01    3.954262e-01    1.068351e+01    4.780116e-01
   39     39     1.732657e-01    4.187021e-01    1.054020e+01    5.060465e-01
   40     40     1.683504e-01    4.260998e-01    1.031782e+01    5.149968e-01
   41     41     1.648114e-01    4.392941e-01    1.075344e+01    5.304984e-01
   42     42     1.611070e-01    4.567647e-01    1.148125e+01    5.513772e-01
   43     43     1.569688e-01    4.749526e-01    1.333420e+01    7.024126e-01
   44     44     1.496976e-01    5.017274e-01    1.266176e+01    7.117413e-01
   45     45     1.470531e-01    4.574778e-01    1.216230e+01    6.724209e-01
   46     46     1.435866e-01    4.247158e-01    1.340148e+01    6.236006e-01
   47     47     1.430139e-01    4.140874e-01    1.381775e+01    6.066144e-01
   48     48     1.423253e-01    4.021340e-01    1.401599e+01    5.893015e-01
   49     49     1.419041e-01    3.958991e-01    1.428353e+01    5.799028e-01
   50     50     1.413341e-01    3.853264e-01    1.462129e+01    5.640973e-01
   51     51     1.407271e-01    3.809625e-01    1.521526e+01    5.575890e-01
   52     52     1.405279e-01    3.604848e-01    1.591232e+01    5.270058e-01
   53     53     1.391082e-01    3.696049e-01    1.517229e+01    5.408921e-01
   54     54     1.379052e-01    3.759343e-01    1.545081e+01    5.506775e-01
   55     55     1.359875e-01    3.764501e-01    1.640788e+01    5.524425e-01
   56     56     1.341383e-01    3.813360e-01    1.582601e+01    5.598017e-01
   57     57     1.335125e-01    3.845491e-01    1.440714e+01    5.652238e-01
   58     58     1.334411e-01    3.790836e-01    1.383063e+01    5.573744e-01
   59     59     1.326800e-01    3.791871e-01    1.504253e+01    5.571886e-01
   60     60     1.324624e-01    3.779868e-01    1.512049e+01    5.555292e-01
   61     61     1.320735e-01    3.736797e-01    1.525602e+01    5.491574e-01
   62     62     1.312374e-01    3.641410e-01    1.583125e+01    5.355334e-01
   63     63     1.304523e-01    3.622361e-01    1.599562e+01    5.326973e-01
   64     64     1.286040e-01    3.555197e-01    1.656148e+01    5.240276e-01
   65     65     1.271543e-01    3.698179e-01    1.641033e+01    5.464636e-01
   66     66     1.271148e-01    3.713037e-01    1.634147e+01    5.487175e-01
   67     67     1.227903e-01    3.639870e-01    1.585434e+01    5.380469e-01
   68     68     1.194237e-01    3.674187e-01    1.592680e+01    5.447418e-01
   69     69     1.104592e-01    3.866227e-01    1.586852e+01    5.770808e-01
   70     70     9.630059e-02    4.071248e-01    1.720126e+01    6.108574e-01
   71     71     9.570609e-02    4.486408e-01    2.271424e+01    6.764411e-01
   72     72     8.569726e-02    4.603945e-01    2.519191e+01    6.965677e-01
   73     73     8.478771e-02    4.281787e-01    2.412275e+01    6.435419e-01
   74     74     8.382177e-02    4.254757e-01    2.122236e+01    6.394703e-01
   75     75     7.933278e-02    4.446121e-01    2.206509e+01    6.706010e-01
   76     76     7.896402e-02    4.404719e-01    2.579866e+01    6.637680e-01
   77     77     7.869738e-02    4.381249e-01    2.146770e+01    6.600756e-01
   78     78     7.835730e-02    4.385116e-01    2.339458e+01    6.606909e-01
   79     79     7.829848e-02    4.399707e-01    2.317787e+01    6.630820e-01
   80     80     7.828782e-02    4.382658e-01    2.315472e+01    6.602822e-01
   81     81     7.828628e-02    4.368314e-01    2.306857e+01    6.580383e-01
   82     82     7.828628e-02    4.368314e-01    2.306857e+01    6.580383e-01
   83     83     7.828628e-02    4.368314e-01    2.306857e+01    6.580383e-01
   84     84     7.828628e-02    4.368314e-01    2.306857e+01    6.580383e-01
   85     85     7.828628e-02    4.368314e-01    2.306857e+01    6.580383e-01
   86     86     7.828174e-02    4.367487e-01    2.306960e+01    6.579469e-01
   87     87     7.828049e-02    4.367783e-01    2.306904e+01    6.579086e-01
   88     88     7.828022e-02    4.365842e-01    2.308642e+01    6.575542e-01
   89     89     7.827987e-02    4.363523e-01    2.313218e+01    6.571998e-01
   90     90     7.827732e-02    4.361304e-01    2.317221e+01    6.568275e-01
   91     91     7.827485e-02    4.363628e-01    2.324392e+01    6.572928e-01
   92     92     7.826782e-02    4.355833e-01    2.349315e+01    6.560151e-01
   93     93     7.826024e-02    4.352295e-01    2.355816e+01    6.554798e-01
   94     94     7.826000e-02    4.350879e-01    2.312101e+01    6.553025e-01
   95     95     7.823317e-02    4.346484e-01    2.267391e+01    6.548141e-01
   96     96     7.823012e-02    4.346780e-01    2.263690e+01    6.548223e-01
   97     97     7.822867e-02    4.346684e-01    2.323807e+01    6.548396e-01
   98     98     7.822413e-02    4.334733e-01    2.301266e+01    6.529242e-01
   99     99     7.817136e-02    4.148986e-01    2.319062e+01    6.231696e-01
  100    100     7.816701e-02    4.158610e-01    2.340324e+01    6.247092e-01
  101    101     7.814599e-02    4.268570e-01    2.319648e+01    6.422435e-01
  102    102     7.813859e-02    4.278486e-01    2.317051e+01    6.438801e-01
  103    103     7.811309e-02    4.257534e-01    2.306527e+01    6.406070e-01
  104    104     7.808647e-02    4.243288e-01    2.315690e+01    6.382962e-01
  105    105     7.808561e-02    4.232650e-01    2.319446e+01    6.365852e-01
  106    106     7.808561e-02    4.232650e-01    2.319446e+01    6.365852e-01
  107    107     7.808561e-02    4.232650e-01    2.319446e+01    6.365852e-01
  108    108     7.808561e-02    4.232650e-01    2.319446e+01    6.365852e-01
  109    109     7.808561e-02    4.232650e-01    2.319446e+01    6.365852e-01
  110    110     7.808547e-02    4.232932e-01    2.319378e+01    6.366150e-01
  111    111     7.808526e-02    4.233106e-01    2.319039e+01    6.366259e-01
  112    112     7.808516e-02    4.232948e-01    2.319494e+01    6.366305e-01
  113    113     7.808495e-02    4.233334e-01    2.319671e+01    6.366955e-01
  114    114     7.808487e-02    4.233192e-01    2.319658e+01    6.366807e-01
  115    115     7.808487e-02    4.232796e-01    2.319820e+01    6.366057e-01
  116    116     7.808487e-02    4.232796e-01    2.319820e+01    6.366057e-01
  117    117     7.808487e-02    4.232796e-01    2.319820e+01    6.366057e-01
  118    118     7.808487e-02    4.232796e-01    2.319820e+01    6.366057e-01
  119    119     7.808487e-02    4.232796e-01    2.319820e+01    6.366057e-01
  120    120     7.808473e-02    4.232608e-01    2.319844e+01    6.365850e-01
  121    121     7.808466e-02    4.232817e-01    2.319589e+01    6.365964e-01
  122    122     7.808460e-02    4.232784e-01    2.319774e+01    6.366002e-01
  123    123     7.808456e-02    4.232763e-01    2.319714e+01    6.366013e-01
  124    124     7.808449e-02    4.232648e-01    2.320048e+01    6.365789e-01
  125    125     7.808445e-02    4.233069e-01    2.320388e+01    6.366587e-01
  126    126     7.808433e-02    4.232546e-01    2.321598e+01    6.365703e-01
  127    127     7.808432e-02    4.232546e-01    2.321528e+01    6.365703e-01
  128    128     7.808430e-02    4.232465e-01    2.321289e+01    6.365542e-01
  129    129     7.808429e-02    4.232350e-01    2.321061e+01    6.365377e-01
  130    130     7.808421e-02    4.233069e-01    2.316022e+01    6.366519e-01
  131    131     7.808414e-02    4.235413e-01    2.320238e+01    6.370252e-01
  132    132     7.808407e-02    4.237841e-01    2.318740e+01    6.374179e-01
  133    133     7.808366e-02    4.246937e-01    2.324916e+01    6.388812e-01
  134    134     7.808294e-02    4.260166e-01    2.310928e+01    6.410071e-01
  135    135     7.808269e-02    4.270762e-01    2.309861e+01    6.427110e-01
  136    136     7.808268e-02    4.271436e-01    2.309529e+01    6.428229e-01
  137    137     7.808219e-02    4.286049e-01    2.310135e+01    6.451880e-01
  138    138     7.808144e-02    4.297287e-01    2.307268e+01    6.469961e-01
  139    139     7.808078e-02    4.293224e-01    2.310053e+01    6.463645e-01
  140    140     7.807702e-02    4.288564e-01    2.308154e+01    6.455438e-01
  141    141     7.806922e-02    4.236429e-01    2.325496e+01    6.372964e-01
  142    142     7.805882e-02    4.256248e-01    2.318424e+01    6.403849e-01
  143    143     7.805877e-02    4.254946e-01    2.316764e+01    6.401750e-01
  144    144     7.805877e-02    4.254946e-01    2.316764e+01    6.401750e-01
  145    145     7.805877e-02    4.254946e-01    2.316764e+01    6.401750e-01
  146    146     7.805877e-02    4.254946e-01    2.316764e+01    6.401750e-01
  147    147     7.805877e-02    4.254946e-01    2.316764e+01    6.401750e-01
  148    148     7.805875e-02    4.254881e-01    2.316772e+01    6.401678e-01
  149    149     7.805874e-02    4.254916e-01    2.316674e+01    6.401686e-01
  150    150     7.805868e-02    4.255047e-01    2.316507e+01    6.402003e-01
  151    151     7.805867e-02    4.255159e-01    2.316506e+01    6.402158e-01
  152    152     7.805867e-02    4.255159e-01    2.316540e+01    6.402152e-01
  153    153     7.805867e-02    4.255127e-01    2.316945e+01    6.402106e-01
  154    154     7.805867e-02    4.255127e-01    2.316945e+01    6.402106e-01
  155    155     7.805867e-02    4.255127e-01    2.316945e+01    6.402106e-01
  156    156     7.805867e-02    4.255127e-01    2.316945e+01    6.402106e-01
  157    157     7.805867e-02    4.255127e-01    2.316945e+01    6.402106e-01
  158    158     7.805866e-02    4.255167e-01    2.316936e+01    6.402148e-01
  159    159     7.805866e-02    4.255183e-01    2.316929e+01    6.402122e-01
  160    160     7.805865e-02    4.255167e-01    2.317055e+01    6.402084e-01
  161    161     7.805865e-02    4.255080e-01    2.317430e+01    6.401957e-01
  162    162     7.805865e-02    4.255078e-01    2.317453e+01    6.401952e-01
  163    163     7.805865e-02    4.255078e-01    2.317453e+01    6.401952e-01
  164    164     7.805865e-02    4.255078e-01    2.317453e+01    6.401952e-01
  165    165     7.805865e-02    4.255078e-01    2.317453e+01    6.401952e-01
  166    166     7.805865e-02    4.255078e-01    2.317453e+01    6.401952e-01
  167    167     7.805865e-02    4.255078e-01    2.317453e+01    6.401952e-01
  168    168     7.805865e-02    4.255078e-01    2.317453e+01    6.401952e-01
