    0      0     1.408684e+00    1.000000e+00    1.000000e+00    1.000000e+00
    1      1     1.408684e+00    1.000000e+00    1.000000e+00    1.000000e+00
    2      2     1.392224e+00    1.177947e+00    1.202568e+00    1.318718e+00
    3      3     1.342492e+00    9.321599e-01    1.343182e+00    1.288778e+00
    4      4     1.313706e+00    1.103186e+00    1.453975e+00    1.642172e+00
    5      5     1.297564e+00    1.307583e+00    1.225495e+00    1.417663e+00
    6      6     1.257872e+00    9.709946e-01    7.901571e-01    1.627327e+00
    7      7     1.233086e+00    1.255579e+00    8.201947e-01    1.902560e+00
    8      8     1.218611e+00    1.200433e+00    8.123540e-01    1.877353e+00
    9      9     1.117185e+00    1.202273e+00    7.242657e-01    1.606202e+00
   10     10     1.116165e+00    1.122410e+00    8.806638e-01    1.619825e+00
   11     11     1.096994e+00    1.134509e+00    7.107756e-01    1.340959e+00
   12     12     1.060293e+00    1.606146e+00    8.668744e-01    1.770305e+00
   13     13     9.673818e-01    1.730406e+00    6.777266e-01    1.631409e+00
   14     14     9.412228e-01    1.369781e+00    5.424970e-01    2.032785e+00
   15     15     8.651768e-01    1.781784e+00    5.884486e-01    2.273439e+00
   16     16     8.436447e-01    1.297645e+00    4.931440e-01    2.192786e+00
   17     17     8.399099e-01    1.018332e+00    5.664752e-01    2.255944e+00
   18     18     7.587169e-01    1.021435e+00    5.556009e-01    2.390922e+00
   19     19     6.485600e-01    2.225764e+00    5.373200e-01    2.831014e+00
   20     20     5.775332e-01    1.433322e+00    4.626223e-01    3.024311e+00
   21     21     5.740386e-01    1.463749e+00    4.557920e-01    3.206986e+00
   22     22     4.994290e-01    1.151114e+00    4.462495e-01    3.254973e+00
   23     23     4.603268e-01    1.328507e+00    4.551376e-01    4.845466e+00
   24     24     4.014280e-01    2.238674e+00    5.197900e-01    3.761714e+00
   25     25     3.930953e-01    2.846840e+00    5.291942e-01    4.360933e+00
   26     26     3.898696e-01    2.521746e+00    5.029736e-01    5.616954e+00
   27     27     3.655114e-01    1.315927e+00    4.569124e-01    4.234807e+00
   28     28     3.057062e-01    1.931888e+00    4.842979e-01    5.924409e+00
   29     29     2.860669e-01    2.504615e+00    5.090018e-01    7.625560e+00
   30     30     2.768845e-01    2.182097e+00    5.013231e-01    7.297864e+00
   31     31     2.704803e-01    1.760442e+00    4.900103e-01    8.334740e+00
   32     32     2.675584e-01    1.709168e+00    4.880061e-01    8.284467e+00
   33     33     2.609746e-01    1.904531e+00    4.973635e-01    8.697025e+00
   34     34     2.229870e-01    2.083168e+00    5.002356e-01    9.908801e+00
   35     35     2.157047e-01    2.154570e+00    5.042090e-01    9.971790e+00
   36     36     2.098722e-01    2.061804e+00    5.009676e-01    1.143601e+01
   37     37     2.057516e-01    2.006121e+00    4.978234e-01    1.196386e+01
   38     38     2.033061e-01    1.982391e+00    5.037650e-01    1.141821e+01
   39     39     1.645998e-01    2.332332e+00    5.182505e-01    1.195735e+01
   40     40     1.537137e-01    2.377160e+00    5.172977e-01    1.569497e+01
   41     41     1.435350e-01    2.253950e+00    5.186770e-01    1.498520e+01
   42     42     1.342241e-01    2.100364e+00    5.255427e-01    2.186402e+01
   43     43     1.320931e-01    2.072351e+00    5.272782e-01    2.027476e+01
   44     44     1.248954e-01    2.080765e+00    5.374428e-01    1.425425e+01
   45     45     1.178381e-01    2.433698e+00    5.594717e-01    1.875025e+01
   46     46     1.059117e-01    2.363641e+00    5.510543e-01    1.831753e+01
   47     47     9.265839e-02    2.190274e+00    5.470237e-01    3.112201e+01
   48     48     9.033731e-02    2.189537e+00    5.601454e-01    2.580832e+01
   49     49     8.854802e-02    2.248276e+00    5.645892e-01    2.367555e+01
   50     50     8.592548e-02    2.287120e+00    5.657317e-01    2.583410e+01
   51     51     8.138835e-02    2.207010e+00    5.597425e-01    2.886729e+01
   52     52     8.029691e-02    2.151316e+00    5.621722e-01    2.228781e+01
   53     53     7.844911e-02    2.226288e+00    5.667404e-01    2.619174e+01
   54     54     7.318191e-02    2.201071e+00    5.643251e-01    3.436261e+01
   55     55     7.275687e-02    2.209287e+00    5.660037e-01    3.214903e+01
   56     56     6.717896e-02    2.182013e+00    5.642982e-01    4.479176e+01
   57     57     6.573063e-02    2.141274e+00    5.713096e-01    3.156976e+01
   58     58     6.147572e-02    2.210058e+00    5.708235e-01    3.363367e+01
   59     59     6.074870e-02    2.206130e+00    5.694122e-01    3.235284e+01
   60     60     6.009787e-02    2.148636e+00    5.691316e-01    3.464619e+01
   61     61     5.871899e-02    2.178151e+00    5.694639e-01    3.566161e+01
   62     62     5.850022e-02    2.180871e+00    5.671700e-01    3.652803e+01
   63     63     5.821197e-02    2.184608e+00    5.661688e-01    3.812400e+01
   64     64     5.800277e-02    2.172030e+00    5.643525e-01    3.341205e+01
   65     65     5.792109e-02    2.163917e+00    5.626153e-01    3.672772e+01
   66     66     5.771164e-02    2.172242e+00    5.615178e-01    3.470180e+01
   67     67     5.739643e-02    2.173885e+00    5.588384e-01    3.575106e+01
   68     68     5.712388e-02    2.158140e+00    5.531350e-01    3.666456e+01
   69     69     5.681793e-02    2.145079e+00    5.465969e-01    2.866785e+01
   70     70     5.489621e-02    2.113875e+00    5.339017e-01    3.518421e+01
   71     71     5.106027e-02    1.935502e+00    5.088966e-01    3.861693e+01
   72     72     5.041804e-02    1.916211e+00    5.055075e-01    4.104598e+01
   73     73     4.956443e-02    1.948037e+00    5.080420e-01    4.300807e+01
   74     74     4.770956e-02    1.958571e+00    5.086319e-01    4.418223e+01
   75     75     4.660722e-02    1.962515e+00    5.099149e-01    5.023818e+01
   76     76     4.544573e-02    1.950722e+00    5.089000e-01    5.438330e+01
   77     77     4.461052e-02    1.957768e+00    5.105794e-01    5.684475e+01
   78     78     4.437075e-02    1.958707e+00    5.125365e-01    4.722327e+01
   79     79     4.405633e-02    1.955577e+00    5.139427e-01    4.651973e+01
   80     80     4.389346e-02    1.954913e+00    5.131261e-01    5.070659e+01
   81     81     4.380882e-02    1.956374e+00    5.129711e-01    4.916338e+01
   82     82     4.378876e-02    1.950854e+00    5.125756e-01    4.778895e+01
   83     83     4.375690e-02    1.950443e+00    5.125172e-01    4.754564e+01
   84     84     4.372601e-02    1.950775e+00    5.123467e-01    4.861851e+01
   85     85     4.367286e-02    1.945437e+00    5.113419e-01    4.878332e+01
   86     86     4.347369e-02    1.923206e+00    5.071527e-01    4.790167e+01
   87     87     4.317901e-02    1.906921e+00    5.036699e-01    5.135641e+01
   88     88     4.317807e-02    1.892484e+00    5.004758e-01    4.326149e+01
   89     89     4.268905e-02    1.903547e+00    5.016146e-01    4.938521e+01
   90     90     4.235187e-02    1.896031e+00    5.003829e-01    4.977294e+01
   91     91     4.201386e-02    1.876783e+00    4.966222e-01    5.007288e+01
   92     92     4.167604e-02    1.869414e+00    4.949504e-01    5.396682e+01
   93     93     4.105908e-02    1.817490e+00    4.839053e-01    4.176998e+01
   94     94     4.014918e-02    1.747772e+00    4.702633e-01    3.816792e+01
   95     95     3.801748e-02    1.665950e+00    4.553107e-01    5.731532e+01
   96     96     3.550917e-02    1.662105e+00    4.518007e-01    5.752986e+01
   97     97     3.164207e-02    1.606994e+00    4.420976e-01    8.786092e+01
   98     98     3.114564e-02    1.614048e+00    4.405415e-01    7.098465e+01
   99     99     3.072768e-02    1.586263e+00    4.372282e-01    5.660930e+01
  100    100     3.032025e-02    1.552197e+00    4.313096e-01    5.983515e+01
  101    101     2.955129e-02    1.594128e+00    4.373193e-01    7.191848e+01
  102    102     2.932463e-02    1.565954e+00    4.330833e-01    6.739443e+01
  103    103     2.865596e-02    1.573035e+00    4.338697e-01    6.823157e+01
  104    104     2.865148e-02    1.562922e+00    4.321286e-01    6.698639e+01
  105    105     2.833420e-02    1.560465e+00    4.315909e-01    6.488417e+01
  106    106     2.817373e-02    1.556616e+00    4.305027e-01    6.578117e+01
  107    107     2.780219e-02    1.539104e+00    4.268713e-01    6.626554e+01
  108    108     2.722126e-02    1.466620e+00    4.127381e-01    6.663351e+01
  109    109     2.636708e-02    1.485185e+00    4.147882e-01    7.866419e+01
  110    110     2.579017e-02    1.456590e+00    4.092992e-01    8.132682e+01
  111    111     2.572925e-02    1.396278e+00    3.981895e-01    8.406659e+01
  112    112     2.475453e-02    1.430373e+00    4.033501e-01    8.302554e+01
  113    113     2.430218e-02    1.416504e+00    4.005399e-01    8.718055e+01
  114    114     2.323530e-02    1.385429e+00    3.947145e-01    9.321537e+01
  115    115     2.233907e-02    1.338228e+00    3.863442e-01    9.591132e+01
  116    116     2.203912e-02    1.348383e+00    3.867942e-01    9.684612e+01
  117    117     2.127292e-02    1.326390e+00    3.838665e-01    1.027624e+02
  118    118     2.086191e-02    1.300347e+00    3.732544e-01    1.111201e+02
  119    119     2.071842e-02    1.316464e+00    3.788402e-01    1.069042e+02
  120    120     2.035513e-02    1.306191e+00    3.740718e-01    1.089016e+02
  121    121     2.028464e-02    1.303952e+00    3.728778e-01    1.092709e+02
  122    122     2.018945e-02    1.306271e+00    3.731947e-01    1.072347e+02
  123    123     2.017977e-02    1.305754e+00    3.725445e-01    1.025002e+02
  124    124     2.016580e-02    1.305812e+00    3.728389e-01    1.008626e+02
  125    125     2.011506e-02    1.305074e+00    3.728372e-01    9.807117e+01
  126    126     2.008899e-02    1.303443e+00    3.722644e-01    9.898970e+01
  127    127     2.005406e-02    1.301815e+00    3.714177e-01    1.038626e+02
  128    128     1.998896e-02    1.301873e+00    3.710113e-01    1.053538e+02
  129    129     1.994072e-02    1.301845e+00    3.703370e-01    1.114334e+02
  130    130     1.984753e-02    1.299173e+00    3.692934e-01    1.116164e+02
  131    131     1.977278e-02    1.296769e+00    3.682579e-01    1.133149e+02
  132    132     1.963985e-02    1.291210e+00    3.657157e-01    1.190884e+02
  133    133     1.948264e-02    1.287873e+00    3.639533e-01    1.199382e+02
  134    134     1.922049e-02    1.282815e+00    3.612913e-01    1.198504e+02
  135    135     1.843948e-02    1.262948e+00    3.516094e-01    1.175571e+02
  136    136     1.839958e-02    1.265744e+00    3.520940e-01    1.132387e+02
  137    137     1.817548e-02    1.260614e+00    3.492928e-01    1.125345e+02
  138    138     1.760845e-02    1.245614e+00    3.417684e-01    1.132272e+02
  139    139     1.747897e-02    1.243793e+00    3.406583e-01    1.154193e+02
  140    140     1.668501e-02    1.222173e+00    3.300954e-01    1.293205e+02
  141    141     1.665564e-02    1.218271e+00    3.261594e-01    1.510898e+02
  142    142     1.578164e-02    1.199225e+00    3.177697e-01    1.580475e+02
  143    143     1.573049e-02    1.206347e+00    3.205408e-01    1.367973e+02
  144    144     1.536963e-02    1.198279e+00    3.163510e-01    1.358530e+02
  145    145     1.528135e-02    1.196309e+00    3.152788e-01    1.364870e+02
  146    146     1.527976e-02    1.196280e+00    3.152613e-01    1.365002e+02
  147    147     1.527953e-02    1.196275e+00    3.152588e-01    1.365042e+02
  148    148     1.527945e-02    1.196273e+00    3.152580e-01    1.365055e+02
  149    149     1.527945e-02    1.196273e+00    3.152580e-01    1.365055e+02
  150    150     1.527945e-02    1.196273e+00    3.152580e-01    1.365055e+02
  151    151     1.527945e-02    1.196273e+00    3.152580e-01    1.365055e+02
  152    152     1.527945e-02    1.196273e+00    3.152580e-01    1.365055e+02
  153    153     1.527945e-02    1.196273e+00    3.152580e-01    1.365055e+02
  154    154     1.527945e-02    1.196273e+00    3.152580e-01    1.365055e+02
