    0      0     1.757341e-01    1.234874e+01    2.303232e+00    6.572626e+00
    1      1     1.757341e-01    1.234874e+01    2.303232e+00    6.572626e+00
    2      2     1.622114e-01    1.060172e+01    2.304766e+00    9.488246e+00
    3      3     1.548926e-01    1.237147e+01    2.307022e+00    9.868824e+00
    4      4     1.503752e-01    1.182200e+01    2.309351e+00    7.854878e+00
    5      5     1.499082e-01    1.147998e+01    2.311025e+00    8.286392e+00
    6      6     1.496123e-01    1.242481e+01    2.312218e+00    8.662325e+00
    7      7     1.493527e-01    1.199833e+01    2.313954e+00    8.616171e+00
    8      8     1.493417e-01    1.205414e+01    2.315190e+00    8.662328e+00
    9      9     1.489164e-01    1.269088e+01    2.317771e+00    8.869028e+00
   10     10     1.483482e-01    1.405108e+01    2.259731e+00    9.268313e+00
   11     11     1.473686e-01    1.458496e+01    2.179184e+00    9.613283e+00
   12     12     1.456221e-01    1.421519e+01    1.999650e+00    1.026008e+01
   13     13     1.455962e-01    1.449742e+01    1.859874e+00    1.096995e+01
   14     14     1.445742e-01    1.536299e+01    1.852892e+00    1.128050e+01
   15     15     1.424016e-01    1.545885e+01    1.862830e+00    1.163648e+01
   16     16     1.422676e-01    1.660402e+01    1.875124e+00    1.147476e+01
   17     17     1.412935e-01    1.668176e+01    1.870829e+00    1.155904e+01
   18     18     1.407906e-01    1.754773e+01    1.873636e+00    1.134408e+01
   19     19     1.407245e-01    2.021712e+01    1.887344e+00    1.004972e+01
   20     20     1.340814e-01    2.352266e+01    1.894432e+00    8.550776e+00
   21     21     1.328258e-01    2.303776e+01    1.895144e+00    8.275866e+00
   22     22     1.323341e-01    2.090302e+01    1.902802e+00    8.207296e+00
   23     23     1.317936e-01    1.926635e+01    1.885461e+00    8.320041e+00
   24     24     1.309835e-01    1.950609e+01    1.851892e+00    8.227422e+00
   25     25     1.303018e-01    1.946113e+01    1.860717e+00    8.243463e+00
   26     26     1.301545e-01    1.939680e+01    1.870256e+00    8.370862e+00
   27     27     1.297846e-01    1.925130e+01    1.883726e+00    8.581273e+00
   28     28     1.278991e-01    1.967175e+01    1.899784e+00    8.837885e+00
   29     29     1.261546e-01    2.011037e+01    1.934988e+00    9.267709e+00
   30     30     1.250173e-01    2.250631e+01    1.778014e+00    1.175770e+01
   31     31     1.218900e-01    2.303092e+01    1.708882e+00    1.571840e+01
   32     32     1.211364e-01    2.166018e+01    1.701864e+00    1.649493e+01
   33     33     1.204136e-01    2.224574e+01    1.711585e+00    1.682007e+01
   34     34     1.188032e-01    2.242627e+01    1.706810e+00    1.745272e+01
   35     35     1.172921e-01    2.229189e+01    1.671186e+00    1.697471e+01
   36     36     1.166638e-01    2.917592e+01    1.382192e+00    1.531393e+01
   37     37     1.138262e-01    2.374804e+01    1.429899e+00    1.269877e+01
   38     38     1.118216e-01    2.438443e+01    1.486105e+00    1.240343e+01
   39     39     1.048784e-01    2.684971e+01    1.536344e+00    1.420183e+01
   40     40     1.045267e-01    3.264246e+01    1.484703e+00    1.441070e+01
   41     41     8.892004e-02    2.243396e+01    1.470113e+00    1.648491e+01
   42     42     8.800229e-02    2.193879e+01    1.538722e+00    1.650193e+01
   43     43     8.727889e-02    2.923184e+01    1.479914e+00    1.801378e+01
   44     44     8.554505e-02    2.360997e+01    1.068291e+00    1.122280e+01
   45     45     7.849129e-02    2.240775e+01    1.131414e+00    1.173301e+01
   46     46     7.799836e-02    2.732631e+01    1.165517e+00    1.368882e+01
   47     47     7.791152e-02    4.321296e+01    1.428852e+00    1.489811e+01
   48     48     7.356461e-02    3.501457e+01    1.258265e+00    1.392859e+01
   49     49     7.298243e-02    3.551859e+01    1.017509e+00    1.508003e+01
   50     50     6.888089e-02    3.335789e+01    1.110898e+00    1.761703e+01
   51     51     6.696459e-02    3.539817e+01    9.272608e-01    1.764624e+01
   52     52     6.220603e-02    4.486317e+01    9.905300e-01    1.615616e+01
   53     53     5.970316e-02    4.520510e+01    1.073551e+00    1.705237e+01
   54     54     5.904283e-02    4.456841e+01    1.092581e+00    1.390865e+01
   55     55     5.502198e-02    3.499705e+01    1.067714e+00    1.283376e+01
   56     56     5.094504e-02    4.834817e+01    1.063343e+00    1.393488e+01
   57     57     4.837438e-02    6.423880e+01    1.070482e+00    1.554248e+01
   58     58     4.313357e-02    6.404736e+01    9.932871e-01    1.537348e+01
   59     59     4.176436e-02    6.348604e+01    9.818686e-01    1.489402e+01
   60     60     3.980028e-02    6.886631e+01    9.387600e-01    1.624406e+01
   61     61     3.781508e-02    6.932823e+01    8.834756e-01    1.433912e+01
   62     62     3.672809e-02    7.603390e+01    8.831357e-01    1.394919e+01
   63     63     3.630788e-02    7.098585e+01    8.426380e-01    1.193697e+01
   64     64     3.293135e-02    7.649483e+01    8.508683e-01    1.212403e+01
   65     65     3.265516e-02    7.687349e+01    8.566870e-01    1.165411e+01
   66     66     3.016869e-02    1.143962e+02    9.051958e-01    1.213610e+01
   67     67     2.731376e-02    1.096140e+02    8.572682e-01    1.197241e+01
   68     68     2.546846e-02    1.156715e+02    8.425296e-01    1.291869e+01
   69     69     2.454894e-02    1.116777e+02    8.368720e-01    1.299714e+01
   70     70     2.345882e-02    1.045456e+02    7.916625e-01    1.227230e+01
   71     71     2.255166e-02    1.262848e+02    7.866403e-01    1.191322e+01
   72     72     2.067120e-02    1.652132e+02    7.816668e-01    1.048261e+01
   73     73     2.031536e-02    1.554265e+02    7.724485e-01    1.040212e+01
   74     74     2.006863e-02    1.439360e+02    7.731696e-01    1.014188e+01
   75     75     1.914917e-02    1.715382e+02    7.672977e-01    1.022623e+01
   76     76     1.914676e-02    1.444446e+02    7.508153e-01    1.080449e+01
   77     77     1.859956e-02    1.744421e+02    7.551899e-01    1.037643e+01
   78     78     1.765565e-02    1.967623e+02    7.495251e-01    1.033991e+01
   79     79     1.687365e-02    1.581876e+02    7.289037e-01    9.734881e+00
   80     80     1.642191e-02    1.953013e+02    7.065298e-01    9.304912e+00
   81     81     1.613000e-02    1.678308e+02    7.191498e-01    9.418881e+00
   82     82     1.446904e-02    2.404516e+02    7.106313e-01    9.402054e+00
   83     83     1.279839e-02    2.871587e+02    7.044560e-01    9.306610e+00
   84     84     1.254104e-02    2.691436e+02    6.847789e-01    8.983018e+00
   85     85     1.207141e-02    2.542338e+02    6.859877e-01    9.006878e+00
   86     86     1.202976e-02    2.327216e+02    6.682122e-01    8.663437e+00
   87     87     1.164546e-02    2.260656e+02    6.692720e-01    8.451872e+00
   88     88     1.063434e-02    3.290685e+02    6.634339e-01    8.369438e+00
   89     89     9.793975e-03    3.528831e+02    6.628104e-01    8.426696e+00
   90     90     9.374010e-03    3.532358e+02    6.549437e-01    8.443705e+00
   91     91     9.326658e-03    2.900079e+02    6.491248e-01    8.231667e+00
   92     92     8.893347e-03    2.778942e+02    6.442508e-01    8.086188e+00
   93     93     8.628894e-03    3.094738e+02    6.441926e-01    8.046278e+00
   94     94     8.448010e-03    3.840098e+02    6.442211e-01    8.070762e+00
   95     95     8.404547e-03    3.847002e+02    6.404139e-01    8.033412e+00
   96     96     8.229705e-03    3.891310e+02    6.380600e-01    8.010651e+00
   97     97     8.091846e-03    3.666940e+02    6.333059e-01    7.926655e+00
   98     98     8.030565e-03    3.455069e+02    6.328505e-01    7.907364e+00
   99     99     8.007130e-03    3.227170e+02    6.338572e-01    7.867708e+00
  100    100     7.922697e-03    3.681966e+02    6.315592e-01    7.842684e+00
  101    101     7.821236e-03    4.015719e+02    6.297179e-01    7.836395e+00
  102    102     7.792927e-03    3.823621e+02    6.280663e-01    7.821518e+00
  103    103     7.740032e-03    3.596288e+02    6.282867e-01    7.821560e+00
  104    104     7.698814e-03    3.724689e+02    6.277833e-01    7.795724e+00
  105    105     7.696816e-03    3.729517e+02    6.278811e-01    7.798115e+00
  106    106     7.684560e-03    3.713624e+02    6.265596e-01    7.764541e+00
  107    107     7.681422e-03    3.778430e+02    6.260226e-01    7.761983e+00
  108    108     7.671700e-03    4.052065e+02    6.250352e-01    7.785867e+00
  109    109     7.646830e-03    3.820674e+02    6.269113e-01    7.786075e+00
  110    110     7.630069e-03    3.888722e+02    6.262816e-01    7.770445e+00
  111    111     7.612862e-03    3.727635e+02    6.261778e-01    7.760374e+00
  112    112     7.611290e-03    3.776064e+02    6.254853e-01    7.774027e+00
  113    113     7.609673e-03    3.940701e+02    6.264659e-01    7.778808e+00
  114    114     7.604577e-03    3.891095e+02    6.272270e-01    7.784359e+00
  115    115     7.593591e-03    3.846360e+02    6.268530e-01    7.794881e+00
  116    116     7.582740e-03    3.714587e+02    6.263682e-01    7.779334e+00
  117    117     7.571611e-03    3.841368e+02    6.270375e-01    7.794496e+00
  118    118     7.563771e-03    3.950566e+02    6.278381e-01    7.809625e+00
  119    119     7.556995e-03    3.937007e+02    6.286255e-01    7.823807e+00
  120    120     7.552075e-03    3.885104e+02    6.290304e-01    7.833477e+00
  121    121     7.534982e-03    3.765568e+02    6.300461e-01    7.858471e+00
  122    122     7.531613e-03    3.786410e+02    6.332358e-01    7.924190e+00
  123    123     7.506448e-03    3.951303e+02    6.398782e-01    8.052125e+00
  124    124     7.491139e-03    4.056923e+02    6.482669e-01    8.216383e+00
  125    125     7.447346e-03    4.002451e+02    6.531241e-01    8.331573e+00
  126    126     7.404984e-03    3.601428e+02    6.552343e-01    8.389333e+00
  127    127     7.362855e-03    3.752803e+02    6.577886e-01    8.455822e+00
  128    128     7.342444e-03    4.034130e+02    6.639565e-01    8.570512e+00
  129    129     7.317787e-03    4.372097e+02    6.676359e-01    8.670527e+00
  130    130     7.300753e-03    4.018272e+02    6.734013e-01    8.433526e+00
  131    131     7.290787e-03    3.794462e+02    6.726230e-01    8.447021e+00
  132    132     7.257662e-03    3.897768e+02    6.766295e-01    8.241863e+00
  133    133     7.250292e-03    4.301203e+02    6.746554e-01    8.248726e+00
  134    134     7.215338e-03    4.360635e+02    6.822107e-01    7.878753e+00
  135    135     7.176551e-03    4.240761e+02    6.820646e-01    7.892583e+00
  136    136     7.168298e-03    3.981811e+02    6.790072e-01    7.935995e+00
  137    137     7.122116e-03    4.237822e+02    6.811635e-01    7.798109e+00
  138    138     7.116884e-03    4.352457e+02    6.832388e-01    7.716634e+00
  139    139     7.093602e-03    4.174550e+02    6.839551e-01    7.612340e+00
  140    140     7.072586e-03    4.213242e+02    6.846225e-01    7.504887e+00
  141    141     7.041588e-03    4.321454e+02    6.867458e-01    7.333280e+00
  142    142     6.978085e-03    4.326243e+02    6.897522e-01    6.987813e+00
  143    143     6.972534e-03    4.470578e+02    6.898055e-01    6.991248e+00
  144    144     6.959293e-03    4.569454e+02    6.948583e-01    6.731699e+00
  145    145     6.933807e-03    4.426914e+02    6.905466e-01    6.816960e+00
  146    146     6.927307e-03    4.311329e+02    6.921278e-01    6.734994e+00
  147    147     6.884103e-03    4.571518e+02    6.940595e-01    6.597092e+00
  148    148     6.883921e-03    4.532752e+02    6.943328e-01    6.591464e+00
  149    149     6.870113e-03    4.449941e+02    6.949936e-01    6.506043e+00
  150    150     6.846866e-03    4.443394e+02    6.972790e-01    6.343775e+00
  151    151     6.823454e-03    4.412051e+02    6.998462e-01    6.151809e+00
  152    152     6.803648e-03    4.614594e+02    7.029727e-01    5.838006e+00
  153    153     6.798157e-03    4.678791e+02    7.021574e-01    5.860890e+00
  154    154     6.790052e-03    4.629699e+02    7.019197e-01    5.866633e+00
  155    155     6.757396e-03    4.466086e+02    7.023061e-01    5.755965e+00
  156    156     6.754190e-03    4.524430e+02    7.033997e-01    5.686431e+00
  157    157     6.735771e-03    4.486583e+02    7.020446e-01    5.713845e+00
  158    158     6.733684e-03    4.503271e+02    7.020297e-01    5.683918e+00
  159    159     6.731962e-03    4.388642e+02    7.008614e-01    5.617412e+00
  160    160     6.719168e-03    4.478603e+02    6.990068e-01    5.624047e+00
  161    161     6.672589e-03    4.607550e+02    6.956133e-01    5.550517e+00
  162    162     6.653246e-03    4.571306e+02    6.930701e-01    5.575041e+00
  163    163     6.614125e-03    4.464198e+02    6.898877e-01    5.575013e+00
  164    164     6.596191e-03    4.498506e+02    6.870580e-01    5.604948e+00
  165    165     6.594333e-03    4.524791e+02    6.876796e-01    5.616641e+00
  166    166     6.586807e-03    4.519559e+02    6.860106e-01    5.626258e+00
  167    167     6.578544e-03    4.477885e+02    6.852599e-01    5.648005e+00
  168    168     6.570138e-03    4.572224e+02    6.819259e-01    5.705275e+00
  169    169     6.565720e-03    4.541264e+02    6.783436e-01    5.772277e+00
  170    170     6.565644e-03    4.528540e+02    6.774511e-01    5.798605e+00
  171    171     6.565644e-03    4.528540e+02    6.774511e-01    5.798605e+00
  172    172     6.565644e-03    4.528540e+02    6.774511e-01    5.798605e+00
  173    173     6.565644e-03    4.528540e+02    6.774511e-01    5.798605e+00
  174    174     6.565644e-03    4.528540e+02    6.774511e-01    5.798605e+00
  175    175     6.565644e-03    4.528540e+02    6.774511e-01    5.798605e+00
  176    176     6.565644e-03    4.528540e+02    6.774511e-01    5.798605e+00
